#
# A fatal error has been detected by the Java Runtime Environment:
#
#  SIGSEGV (0xb) at pc=0x00007f90acc11a6c, pid=22452, tid=22486
#
# JRE version: OpenJDK Runtime Environment Corretto-17.0.10.8.1 (17.0.10+8) (build 17.0.10+8-LTS)
# Java VM: OpenJDK 64-Bit Server VM Corretto-17.0.10.8.1 (17.0.10+8-LTS, mixed mode, sharing, tiered, compressed oops, compressed class ptrs, g1 gc, linux-amd64)
# Problematic frame:
# C  [libnvwgf2umx.so+0x28a0a6c]
#
# No core dump will be written. Core dumps have been disabled. To enable core dumping, try "ulimit -c unlimited" before starting Java again
#
# If you would like to submit a bug report, please visit:
#   https://github.com/corretto/corretto-17/issues/
#

---------------  S U M M A R Y ------------

Command Line: -Dfile.encoding=windows-1252 -Duser.country -Duser.language=en -Duser.variant --module-path=/home/user/POO/ExampleJFX/build/libs/ExampleJFX-1.0-SNAPSHOT.jar:/home/user/POO/ExampleJFX/build/classes/java/main:/home/user/.gradle/caches/modules-2/files-2.1/org.openjfx/javafx-fxml/17.0.6/c500ec44fd60e74a11021c71c0e6127dc31bc41d/javafx-fxml-17.0.6-linux.jar:/home/user/.gradle/caches/modules-2/files-2.1/org.openjfx/javafx-controls/17.0.6/f25aeef6fad7ae52bafb2218a9ce80c2e9d6588e/javafx-controls-17.0.6-linux.jar:/home/user/.gradle/caches/modules-2/files-2.1/org.openjfx/javafx-controls/17.0.6/8a9b91d717ec8bcdb179b91ae8a4f1137756fe3a/javafx-controls-17.0.6.jar:/home/user/.gradle/caches/modules-2/files-2.1/org.openjfx/javafx-media/17.0.6/a76bc115c1e43c4757466a1e128c2602db7e52f8/javafx-media-17.0.6-linux.jar:/home/user/.gradle/caches/modules-2/files-2.1/org.openjfx/javafx-swing/17.0.6/3d05e468f9f4134e2ee950b51ba29a6e82726fe7/javafx-swing-17.0.6-linux.jar:/home/user/.gradle/caches/modules-2/files-2.1/org.openjfx/javafx-graphics/17.0.6/c24e954d2f9d5970625b2d6d7a775c07c0319f19/javafx-graphics-17.0.6-linux.jar:/home/user/.gradle/caches/modules-2/files-2.1/org.openjfx/javafx-graphics/17.0.6/a71a20fc765c578c17e6bd6525c029b03286ff5e/javafx-graphics-17.0.6.jar:/home/user/.gradle/caches/modules-2/files-2.1/org.openjfx/javafx-base/17.0.6/548ae43836cdba76530eeeafef197d1f539eee17/javafx-base-17.0.6-linux.jar:/home/user/.gradle/caches/modules-2/files-2.1/org.openjfx/javafx-base/17.0.6/808b77ecf79be87b304a78fa9fffad805bfdb9f5/javafx-base-17.0.6.jar -Djdk.module.main=org.example.examplejfx org.example.examplejfx/org.example.examplejfx.ExampleJFXApplication

Host: AMD Ryzen 7 5800H with Radeon Graphics, 16 cores, 6G, Ubuntu 20.04.6 LTS
Time: Tue May 14 23:46:41 2024 CST elapsed time: 1.714189 seconds (0d 0h 0m 1s)

---------------  T H R E A D  ---------------

Current thread is native thread

Stack: [0x00007f90b9aba000,0x00007f90ba2ba000],  sp=0x00007f90ba2b8e30,  free space=8187k
Native frames: (J=compiled Java code, j=interpreted, Vv=VM code, C=native code)
C  [libnvwgf2umx.so+0x28a0a6c]


siginfo: si_signo: 11 (SIGSEGV), si_code: 1 (SEGV_MAPERR), si_addr: 0x00007f90ba2ba000

Registers:
RAX=0x0000000000000014, RBX=0x00007f90b416d480, RCX=0x00007f90b41f09b0, RDX=0x00007f90ba2b8e48
RSP=0x00007f90ba2b8e30, RBP=0x0000000000000000, RSI=0x00007f90ba2ba000, RDI=0x0000000000000000
R8 =0x0000000000000000, R9 =0x00007fffe9355080, R10=0x000000000018b462, R11=0x0000000000000000
R12=0x00007f90b41ef7a0, R13=0x00007f90ba2b8e01, R14=0x00007f90b41ef7a0, R15=0x0000000000000000
RIP=0x00007f90acc11a6c, EFLAGS=0x0000000000010246, CSGSFS=0x002b000000000033, ERR=0x0000000000000004
  TRAPNO=0x000000000000000e


Top of Stack: (sp=0x00007f90ba2b8e30)
0x00007f90ba2b8e30:   0000000066444c41 00007f90b416d480
0x00007f90ba2b8e40:   0000000066444c41 0000000000050204
0x00007f90ba2b8e50:   00007f90ba2b8e48 00007f90ba2ba000
0x00007f90ba2b8e60:   00007f90ba2b8ea7 00007f90b416d480
0x00007f90ba2b8e70:   00007f90b41ef7a0 00007f90ba2b8ea7
0x00007f90ba2b8e80:   00007f90b416d588 00007f90ba2b8ea6
0x00007f90ba2b8e90:   0000000000000000 00007f90acc1070e
0x00007f90ba2b8ea0:   0000000000000000 0000000000000000
0x00007f90ba2b8eb0:   0000000000000000 0000000000000000
0x00007f90ba2b8ec0:   00007f910945e5ce 00007f910945e5cf
0x00007f90ba2b8ed0:   00007f910945e658 00007f90ba2b8fc0
0x00007f90ba2b8ee0:   0000000000000000 00007f90acc10686
0x00007f90ba2b8ef0:   00007f90ba2b9700 00007f91892ee609
0x00007f90ba2b8f00:   0000000000000000 00007f90ba2b9700
0x00007f90ba2b8f10:   00007f90ba2b9700 33fd5f635cc5df57
0x00007f90ba2b8f20:   00007f910945e5ce 00007f910945e5cf
0x00007f90ba2b8f30:   00007f910945e658 00007f90ba2b8fc0
0x00007f90ba2b8f40:   ccdc2b3442c5df57 ccde4d3e97a7df57
0x00007f90ba2b8f50:   0000000000000000 0000000000000000
0x00007f90ba2b8f60:   0000000000000000 0000000000000000
0x00007f90ba2b8f70:   0000000000000000 0000000000000000
0x00007f90ba2b8f80:   0000000000000000 0000000000000000
0x00007f90ba2b8f90:   0000000000000000 05b44623c328df00
0x00007f90ba2b8fa0:   00007f90ba2b9700 0000000000000000
0x00007f90ba2b8fb0:   00007f910945e5ce 00007f918920d353
0x00007f90ba2b8fc0:   0000000000000000 0000000000000000
0x00007f90ba2b8fd0:   0000000000000000 0000000000000000
0x00007f90ba2b8fe0:   0000000000000000 0000000000000000
0x00007f90ba2b8ff0:   0000000000000000 0000000000000000
0x00007f90ba2b9000:   0000000000000000 0000000000000000
0x00007f90ba2b9010:   0000000000000000 0000000000000000
0x00007f90ba2b9020:   0000000000000000 0000000000000000 

Instructions: (pc=0x00007f90acc11a6c)
0x00007f90acc1196c:   7c 24 08 e8 0c 0a b4 fe 4c 89 ff e8 04 0a b4 fe
0x00007f90acc1197c:   48 8b 44 24 10 48 83 c4 38 5b 41 5c 41 5d 41 5e
0x00007f90acc1198c:   41 5f 5d c3 eb 0d eb 3a 48 89 c3 eb 38 eb 44 eb
0x00007f90acc1199c:   02 eb 2f 48 89 c3 48 8d 7c 24 08 e8 d4 09 b4 fe
0x00007f90acc119ac:   eb 23 eb 1e 48 89 c3 48 8d 7c 24 08 e8 c3 09 b4
0x00007f90acc119bc:   fe eb 03 48 89 c3 48 8d 7c 24 20 e8 b4 09 b4 fe
0x00007f90acc119cc:   eb 03 48 89 c3 48 8d 7c 24 18 e8 a5 09 b4 fe eb
0x00007f90acc119dc:   05 eb 00 48 89 c3 48 8b 7c 24 10 e8 94 09 b4 fe
0x00007f90acc119ec:   48 89 df e8 7c 6f 9e fe cc cc cc cc cc cc cc cc
0x00007f90acc119fc:   cc cc cc cc 55 41 57 41 56 41 55 41 54 53 48 83
0x00007f90acc11a0c:   ec 38 48 89 54 24 30 48 89 7c 24 08 f6 47 28 10
0x00007f90acc11a1c:   0f 84 3c 01 00 00 49 89 f6 8b 46 10 85 c0 0f 84
0x00007f90acc11a2c:   2e 01 00 00 49 8b 76 28 41 b5 01 45 31 ff 48 8d
0x00007f90acc11a3c:   54 24 18 31 ff 48 89 74 24 28 48 89 54 24 20 eb
0x00007f90acc11a4c:   1f 90 90 90 41 8b 46 10 48 8b 7c 24 10 48 83 c7
0x00007f90acc11a5c:   01 89 c1 41 83 c7 01 48 39 cf 0f 83 f2 00 00 00
0x00007f90acc11a6c:   8b 0c be 0f b7 c9 41 3b 8c be 4c 04 00 00 74 dd
0x00007f90acc11a7c:   41 89 8c be 4c 04 00 00 41 8b 4e 0c 85 c9 74 cd
0x00007f90acc11a8c:   48 89 7c 24 10 31 ed eb 16 90 90 90 90 90 90 90
0x00007f90acc11a9c:   90 90 90 90 83 c5 01 41 8b 4e 0c 39 cd 73 a5 41
0x00007f90acc11aac:   0f af cf 01 e9 0f b6 84 0e 80 90 00 00 24 7f 8d
0x00007f90acc11abc:   50 e0 80 fa 14 77 dd 49 8b 96 50 08 00 00 3a 04
0x00007f90acc11acc:   0a 74 d1 88 04 0a 48 8b 44 24 30 c6 00 01 41 f6
0x00007f90acc11adc:   c5 01 75 0d 48 8b 44 24 08 f6 40 28 20 75 b5 eb
0x00007f90acc11aec:   2e 48 8d 5c 24 18 48 89 df 4c 8b 6c 24 08 4c 89
0x00007f90acc11afc:   ee 4c 89 f2 e8 6b 18 03 00 4c 89 ef 48 89 de e8
0x00007f90acc11b0c:   f0 e0 ff ff 48 89 df e8 68 08 b4 fe 45 31 ed 41
0x00007f90acc11b1c:   8b 56 04 48 8b 5c 24 08 44 0f b6 4b 2c 4c 8d 64
0x00007f90acc11b2c:   24 18 4c 89 e7 48 89 de 48 8b 4c 24 10 41 89 e8
0x00007f90acc11b3c:   e8 4f 18 03 00 48 89 df 4c 89 e6 e8 b4 e0 ff ff
0x00007f90acc11b4c:   4c 89 e7 e8 2c 08 b4 fe 48 8b 74 24 28 e9 42 ff
0x00007f90acc11b5c:   ff ff 48 83 c4 38 5b 41 5c 41 5d 41 5e 41 5f 5d 



---------------  P R O C E S S  ---------------

VM state: at safepoint (shutting down)

VM Mutex/Monitor currently owned by a thread:  ([mutex/lock_event])
[0x00007f9180022f80] Threads_lock - owner thread: 0x00007f91801355b0
[0x00007f9180023730] Heap_lock - owner thread: 0x00007f9180026430

Heap address: 0x0000000094800000, size: 1720 MB, Compressed Oops mode: 32-bit

CDS archive(s) mapped at: [0x00007f910f000000-0x00007f910fbc7000-0x00007f910fbc7000), size 12349440, SharedBaseAddress: 0x00007f910f000000, ArchiveRelocationMode: 1.
Compressed class space mapped at: 0x00007f9110000000-0x00007f9150000000, reserved size: 1073741824
Narrow klass base: 0x00007f910f000000, Narrow klass shift: 0, Narrow klass range: 0x100000000

GC Precious Log:
<Skipped>

Heap:
 garbage-first heap   total 112640K, used 14843K [0x0000000094800000, 0x0000000100000000)
  region size 1024K, 15 young (15360K), 3 survivors (3072K)
 Metaspace       used 9131K, committed 9408K, reserved 1114112K
  class space    used 1265K, committed 1408K, reserved 1048576K

Heap Regions: E=young(eden), S=young(survivor), O=old, HS=humongous(starts), HC=humongous(continues), CS=collection set, F=free, OA=open archive, CA=closed archive, TAMS=top-at-mark-start (previous, next)
|   0|0x0000000094800000, 0x0000000094800000, 0x0000000094900000|  0%| F|  |TAMS 0x0000000094800000, 0x0000000094800000| Untracked 
|   1|0x0000000094900000, 0x0000000094900000, 0x0000000094a00000|  0%| F|  |TAMS 0x0000000094900000, 0x0000000094900000| Untracked 
|   2|0x0000000094a00000, 0x0000000094a00000, 0x0000000094b00000|  0%| F|  |TAMS 0x0000000094a00000, 0x0000000094a00000| Untracked 
|   3|0x0000000094b00000, 0x0000000094b00000, 0x0000000094c00000|  0%| F|  |TAMS 0x0000000094b00000, 0x0000000094b00000| Untracked 
|   4|0x0000000094c00000, 0x0000000094c00000, 0x0000000094d00000|  0%| F|  |TAMS 0x0000000094c00000, 0x0000000094c00000| Untracked 
|   5|0x0000000094d00000, 0x0000000094d00000, 0x0000000094e00000|  0%| F|  |TAMS 0x0000000094d00000, 0x0000000094d00000| Untracked 
|   6|0x0000000094e00000, 0x0000000094e00000, 0x0000000094f00000|  0%| F|  |TAMS 0x0000000094e00000, 0x0000000094e00000| Untracked 
|   7|0x0000000094f00000, 0x0000000094f00000, 0x0000000095000000|  0%| F|  |TAMS 0x0000000094f00000, 0x0000000094f00000| Untracked 
|   8|0x0000000095000000, 0x0000000095000000, 0x0000000095100000|  0%| F|  |TAMS 0x0000000095000000, 0x0000000095000000| Untracked 
|   9|0x0000000095100000, 0x0000000095100000, 0x0000000095200000|  0%| F|  |TAMS 0x0000000095100000, 0x0000000095100000| Untracked 
|  10|0x0000000095200000, 0x0000000095200000, 0x0000000095300000|  0%| F|  |TAMS 0x0000000095200000, 0x0000000095200000| Untracked 
|  11|0x0000000095300000, 0x0000000095300000, 0x0000000095400000|  0%| F|  |TAMS 0x0000000095300000, 0x0000000095300000| Untracked 
|  12|0x0000000095400000, 0x0000000095400000, 0x0000000095500000|  0%| F|  |TAMS 0x0000000095400000, 0x0000000095400000| Untracked 
|  13|0x0000000095500000, 0x0000000095500000, 0x0000000095600000|  0%| F|  |TAMS 0x0000000095500000, 0x0000000095500000| Untracked 
|  14|0x0000000095600000, 0x0000000095600000, 0x0000000095700000|  0%| F|  |TAMS 0x0000000095600000, 0x0000000095600000| Untracked 
|  15|0x0000000095700000, 0x0000000095700000, 0x0000000095800000|  0%| F|  |TAMS 0x0000000095700000, 0x0000000095700000| Untracked 
|  16|0x0000000095800000, 0x0000000095800000, 0x0000000095900000|  0%| F|  |TAMS 0x0000000095800000, 0x0000000095800000| Untracked 
|  17|0x0000000095900000, 0x0000000095900000, 0x0000000095a00000|  0%| F|  |TAMS 0x0000000095900000, 0x0000000095900000| Untracked 
|  18|0x0000000095a00000, 0x0000000095a00000, 0x0000000095b00000|  0%| F|  |TAMS 0x0000000095a00000, 0x0000000095a00000| Untracked 
|  19|0x0000000095b00000, 0x0000000095b00000, 0x0000000095c00000|  0%| F|  |TAMS 0x0000000095b00000, 0x0000000095b00000| Untracked 
|  20|0x0000000095c00000, 0x0000000095c00000, 0x0000000095d00000|  0%| F|  |TAMS 0x0000000095c00000, 0x0000000095c00000| Untracked 
|  21|0x0000000095d00000, 0x0000000095d00000, 0x0000000095e00000|  0%| F|  |TAMS 0x0000000095d00000, 0x0000000095d00000| Untracked 
|  22|0x0000000095e00000, 0x0000000095e00000, 0x0000000095f00000|  0%| F|  |TAMS 0x0000000095e00000, 0x0000000095e00000| Untracked 
|  23|0x0000000095f00000, 0x0000000095f00000, 0x0000000096000000|  0%| F|  |TAMS 0x0000000095f00000, 0x0000000095f00000| Untracked 
|  24|0x0000000096000000, 0x0000000096000000, 0x0000000096100000|  0%| F|  |TAMS 0x0000000096000000, 0x0000000096000000| Untracked 
|  25|0x0000000096100000, 0x0000000096100000, 0x0000000096200000|  0%| F|  |TAMS 0x0000000096100000, 0x0000000096100000| Untracked 
|  26|0x0000000096200000, 0x0000000096200000, 0x0000000096300000|  0%| F|  |TAMS 0x0000000096200000, 0x0000000096200000| Untracked 
|  27|0x0000000096300000, 0x0000000096300000, 0x0000000096400000|  0%| F|  |TAMS 0x0000000096300000, 0x0000000096300000| Untracked 
|  28|0x0000000096400000, 0x0000000096400000, 0x0000000096500000|  0%| F|  |TAMS 0x0000000096400000, 0x0000000096400000| Untracked 
|  29|0x0000000096500000, 0x0000000096500000, 0x0000000096600000|  0%| F|  |TAMS 0x0000000096500000, 0x0000000096500000| Untracked 
|  30|0x0000000096600000, 0x0000000096600000, 0x0000000096700000|  0%| F|  |TAMS 0x0000000096600000, 0x0000000096600000| Untracked 
|  31|0x0000000096700000, 0x0000000096700000, 0x0000000096800000|  0%| F|  |TAMS 0x0000000096700000, 0x0000000096700000| Untracked 
|  32|0x0000000096800000, 0x0000000096800000, 0x0000000096900000|  0%| F|  |TAMS 0x0000000096800000, 0x0000000096800000| Untracked 
|  33|0x0000000096900000, 0x0000000096900000, 0x0000000096a00000|  0%| F|  |TAMS 0x0000000096900000, 0x0000000096900000| Untracked 
|  34|0x0000000096a00000, 0x0000000096a00000, 0x0000000096b00000|  0%| F|  |TAMS 0x0000000096a00000, 0x0000000096a00000| Untracked 
|  35|0x0000000096b00000, 0x0000000096b00000, 0x0000000096c00000|  0%| F|  |TAMS 0x0000000096b00000, 0x0000000096b00000| Untracked 
|  36|0x0000000096c00000, 0x0000000096c00000, 0x0000000096d00000|  0%| F|  |TAMS 0x0000000096c00000, 0x0000000096c00000| Untracked 
|  37|0x0000000096d00000, 0x0000000096d00000, 0x0000000096e00000|  0%| F|  |TAMS 0x0000000096d00000, 0x0000000096d00000| Untracked 
|  38|0x0000000096e00000, 0x0000000096e00000, 0x0000000096f00000|  0%| F|  |TAMS 0x0000000096e00000, 0x0000000096e00000| Untracked 
|  39|0x0000000096f00000, 0x0000000096f00000, 0x0000000097000000|  0%| F|  |TAMS 0x0000000096f00000, 0x0000000096f00000| Untracked 
|  40|0x0000000097000000, 0x0000000097000000, 0x0000000097100000|  0%| F|  |TAMS 0x0000000097000000, 0x0000000097000000| Untracked 
|  41|0x0000000097100000, 0x0000000097100000, 0x0000000097200000|  0%| F|  |TAMS 0x0000000097100000, 0x0000000097100000| Untracked 
|  42|0x0000000097200000, 0x0000000097200000, 0x0000000097300000|  0%| F|  |TAMS 0x0000000097200000, 0x0000000097200000| Untracked 
|  43|0x0000000097300000, 0x0000000097300000, 0x0000000097400000|  0%| F|  |TAMS 0x0000000097300000, 0x0000000097300000| Untracked 
|  44|0x0000000097400000, 0x0000000097400000, 0x0000000097500000|  0%| F|  |TAMS 0x0000000097400000, 0x0000000097400000| Untracked 
|  45|0x0000000097500000, 0x0000000097500000, 0x0000000097600000|  0%| F|  |TAMS 0x0000000097500000, 0x0000000097500000| Untracked 
|  46|0x0000000097600000, 0x0000000097600000, 0x0000000097700000|  0%| F|  |TAMS 0x0000000097600000, 0x0000000097600000| Untracked 
|  47|0x0000000097700000, 0x0000000097700000, 0x0000000097800000|  0%| F|  |TAMS 0x0000000097700000, 0x0000000097700000| Untracked 
|  48|0x0000000097800000, 0x0000000097800000, 0x0000000097900000|  0%| F|  |TAMS 0x0000000097800000, 0x0000000097800000| Untracked 
|  49|0x0000000097900000, 0x0000000097900000, 0x0000000097a00000|  0%| F|  |TAMS 0x0000000097900000, 0x0000000097900000| Untracked 
|  50|0x0000000097a00000, 0x0000000097a00000, 0x0000000097b00000|  0%| F|  |TAMS 0x0000000097a00000, 0x0000000097a00000| Untracked 
|  51|0x0000000097b00000, 0x0000000097b00000, 0x0000000097c00000|  0%| F|  |TAMS 0x0000000097b00000, 0x0000000097b00000| Untracked 
|  52|0x0000000097c00000, 0x0000000097c00000, 0x0000000097d00000|  0%| F|  |TAMS 0x0000000097c00000, 0x0000000097c00000| Untracked 
|  53|0x0000000097d00000, 0x0000000097d00000, 0x0000000097e00000|  0%| F|  |TAMS 0x0000000097d00000, 0x0000000097d00000| Untracked 
|  54|0x0000000097e00000, 0x0000000097e00000, 0x0000000097f00000|  0%| F|  |TAMS 0x0000000097e00000, 0x0000000097e00000| Untracked 
|  55|0x0000000097f00000, 0x0000000097f00000, 0x0000000098000000|  0%| F|  |TAMS 0x0000000097f00000, 0x0000000097f00000| Untracked 
|  56|0x0000000098000000, 0x0000000098000000, 0x0000000098100000|  0%| F|  |TAMS 0x0000000098000000, 0x0000000098000000| Untracked 
|  57|0x0000000098100000, 0x0000000098100000, 0x0000000098200000|  0%| F|  |TAMS 0x0000000098100000, 0x0000000098100000| Untracked 
|  58|0x0000000098200000, 0x0000000098200000, 0x0000000098300000|  0%| F|  |TAMS 0x0000000098200000, 0x0000000098200000| Untracked 
|  59|0x0000000098300000, 0x0000000098300000, 0x0000000098400000|  0%| F|  |TAMS 0x0000000098300000, 0x0000000098300000| Untracked 
|  60|0x0000000098400000, 0x0000000098400000, 0x0000000098500000|  0%| F|  |TAMS 0x0000000098400000, 0x0000000098400000| Untracked 
|  61|0x0000000098500000, 0x0000000098500000, 0x0000000098600000|  0%| F|  |TAMS 0x0000000098500000, 0x0000000098500000| Untracked 
|  62|0x0000000098600000, 0x0000000098600000, 0x0000000098700000|  0%| F|  |TAMS 0x0000000098600000, 0x0000000098600000| Untracked 
|  63|0x0000000098700000, 0x0000000098700000, 0x0000000098800000|  0%| F|  |TAMS 0x0000000098700000, 0x0000000098700000| Untracked 
|  64|0x0000000098800000, 0x0000000098800000, 0x0000000098900000|  0%| F|  |TAMS 0x0000000098800000, 0x0000000098800000| Untracked 
|  65|0x0000000098900000, 0x0000000098900000, 0x0000000098a00000|  0%| F|  |TAMS 0x0000000098900000, 0x0000000098900000| Untracked 
|  66|0x0000000098a00000, 0x0000000098a00000, 0x0000000098b00000|  0%| F|  |TAMS 0x0000000098a00000, 0x0000000098a00000| Untracked 
|  67|0x0000000098b00000, 0x0000000098b00000, 0x0000000098c00000|  0%| F|  |TAMS 0x0000000098b00000, 0x0000000098b00000| Untracked 
|  68|0x0000000098c00000, 0x0000000098c00000, 0x0000000098d00000|  0%| F|  |TAMS 0x0000000098c00000, 0x0000000098c00000| Untracked 
|  69|0x0000000098d00000, 0x0000000098d00000, 0x0000000098e00000|  0%| F|  |TAMS 0x0000000098d00000, 0x0000000098d00000| Untracked 
|  70|0x0000000098e00000, 0x0000000098e00000, 0x0000000098f00000|  0%| F|  |TAMS 0x0000000098e00000, 0x0000000098e00000| Untracked 
|  71|0x0000000098f00000, 0x0000000098f00000, 0x0000000099000000|  0%| F|  |TAMS 0x0000000098f00000, 0x0000000098f00000| Untracked 
|  72|0x0000000099000000, 0x0000000099000000, 0x0000000099100000|  0%| F|  |TAMS 0x0000000099000000, 0x0000000099000000| Untracked 
|  73|0x0000000099100000, 0x0000000099100000, 0x0000000099200000|  0%| F|  |TAMS 0x0000000099100000, 0x0000000099100000| Untracked 
|  74|0x0000000099200000, 0x0000000099200000, 0x0000000099300000|  0%| F|  |TAMS 0x0000000099200000, 0x0000000099200000| Untracked 
|  75|0x0000000099300000, 0x0000000099300000, 0x0000000099400000|  0%| F|  |TAMS 0x0000000099300000, 0x0000000099300000| Untracked 
|  76|0x0000000099400000, 0x0000000099400000, 0x0000000099500000|  0%| F|  |TAMS 0x0000000099400000, 0x0000000099400000| Untracked 
|  77|0x0000000099500000, 0x0000000099500000, 0x0000000099600000|  0%| F|  |TAMS 0x0000000099500000, 0x0000000099500000| Untracked 
|  78|0x0000000099600000, 0x0000000099600000, 0x0000000099700000|  0%| F|  |TAMS 0x0000000099600000, 0x0000000099600000| Untracked 
|  79|0x0000000099700000, 0x0000000099700000, 0x0000000099800000|  0%| F|  |TAMS 0x0000000099700000, 0x0000000099700000| Untracked 
|  80|0x0000000099800000, 0x0000000099800000, 0x0000000099900000|  0%| F|  |TAMS 0x0000000099800000, 0x0000000099800000| Untracked 
|  81|0x0000000099900000, 0x0000000099900000, 0x0000000099a00000|  0%| F|  |TAMS 0x0000000099900000, 0x0000000099900000| Untracked 
|  82|0x0000000099a00000, 0x0000000099a92fb0, 0x0000000099b00000| 57%| S|CS|TAMS 0x0000000099a00000, 0x0000000099a00000| Complete 
|  83|0x0000000099b00000, 0x0000000099c00000, 0x0000000099c00000|100%| S|CS|TAMS 0x0000000099b00000, 0x0000000099b00000| Complete 
|  84|0x0000000099c00000, 0x0000000099d00000, 0x0000000099d00000|100%| S|CS|TAMS 0x0000000099c00000, 0x0000000099c00000| Complete 
|  85|0x0000000099d00000, 0x0000000099d00000, 0x0000000099e00000|  0%| F|  |TAMS 0x0000000099d00000, 0x0000000099d00000| Untracked 
|  86|0x0000000099e00000, 0x0000000099e00000, 0x0000000099f00000|  0%| F|  |TAMS 0x0000000099e00000, 0x0000000099e00000| Untracked 
|  87|0x0000000099f00000, 0x0000000099f00000, 0x000000009a000000|  0%| F|  |TAMS 0x0000000099f00000, 0x0000000099f00000| Untracked 
|  88|0x000000009a000000, 0x000000009a000000, 0x000000009a100000|  0%| F|  |TAMS 0x000000009a000000, 0x000000009a000000| Untracked 
|  89|0x000000009a100000, 0x000000009a100000, 0x000000009a200000|  0%| F|  |TAMS 0x000000009a100000, 0x000000009a100000| Untracked 
|  90|0x000000009a200000, 0x000000009a200000, 0x000000009a300000|  0%| F|  |TAMS 0x000000009a200000, 0x000000009a200000| Untracked 
|  91|0x000000009a300000, 0x000000009a300000, 0x000000009a400000|  0%| F|  |TAMS 0x000000009a300000, 0x000000009a300000| Untracked 
|  92|0x000000009a400000, 0x000000009a400000, 0x000000009a500000|  0%| F|  |TAMS 0x000000009a400000, 0x000000009a400000| Untracked 
|  93|0x000000009a500000, 0x000000009a500000, 0x000000009a600000|  0%| F|  |TAMS 0x000000009a500000, 0x000000009a500000| Untracked 
|  94|0x000000009a600000, 0x000000009a600000, 0x000000009a700000|  0%| F|  |TAMS 0x000000009a600000, 0x000000009a600000| Untracked 
|  95|0x000000009a700000, 0x000000009a700000, 0x000000009a800000|  0%| F|  |TAMS 0x000000009a700000, 0x000000009a700000| Untracked 
|  96|0x000000009a800000, 0x000000009a880800, 0x000000009a900000| 50%| E|  |TAMS 0x000000009a800000, 0x000000009a800000| Complete 
|  97|0x000000009a900000, 0x000000009aa00000, 0x000000009aa00000|100%| E|CS|TAMS 0x000000009a900000, 0x000000009a900000| Complete 
|  98|0x000000009aa00000, 0x000000009ab00000, 0x000000009ab00000|100%| E|CS|TAMS 0x000000009aa00000, 0x000000009aa00000| Complete 
|  99|0x000000009ab00000, 0x000000009ac00000, 0x000000009ac00000|100%| E|CS|TAMS 0x000000009ab00000, 0x000000009ab00000| Complete 
| 100|0x000000009ac00000, 0x000000009ad00000, 0x000000009ad00000|100%| E|CS|TAMS 0x000000009ac00000, 0x000000009ac00000| Complete 
| 101|0x000000009ad00000, 0x000000009ae00000, 0x000000009ae00000|100%| E|CS|TAMS 0x000000009ad00000, 0x000000009ad00000| Complete 
| 102|0x000000009ae00000, 0x000000009af00000, 0x000000009af00000|100%| E|CS|TAMS 0x000000009ae00000, 0x000000009ae00000| Complete 
| 103|0x000000009af00000, 0x000000009b000000, 0x000000009b000000|100%| E|CS|TAMS 0x000000009af00000, 0x000000009af00000| Complete 
| 104|0x000000009b000000, 0x000000009b100000, 0x000000009b100000|100%| E|CS|TAMS 0x000000009b000000, 0x000000009b000000| Complete 
| 105|0x000000009b100000, 0x000000009b200000, 0x000000009b200000|100%| E|CS|TAMS 0x000000009b100000, 0x000000009b100000| Complete 
| 106|0x000000009b200000, 0x000000009b300000, 0x000000009b300000|100%| E|CS|TAMS 0x000000009b200000, 0x000000009b200000| Complete 
| 107|0x000000009b300000, 0x000000009b400000, 0x000000009b400000|100%| E|CS|TAMS 0x000000009b300000, 0x000000009b300000| Complete 
|1718|0x00000000ffe00000, 0x00000000ffe75000, 0x00000000fff00000| 45%|OA|  |TAMS 0x00000000ffe00000, 0x00000000ffe00000| Untracked 
|1719|0x00000000fff00000, 0x00000000fff77000, 0x0000000100000000| 46%|CA|  |TAMS 0x00000000fff00000, 0x00000000fff00000| Untracked 

Card table byte_map: [0x00007f9185e81000,0x00007f91861dd000] _byte_map_base: 0x00007f91859dd000

Marking Bits (Prev, Next): (CMBitMap*) 0x00007f918007a5d0, (CMBitMap*) 0x00007f918007a610
 Prev Bits: [0x00007f9184045000, 0x00007f9185b25000)
 Next Bits: [0x00007f9167972000, 0x00007f9169452000)

Polling page: 0x00007f9189543000

Metaspace:

Usage:
  Non-class:      7.68 MB used.
      Class:      1.24 MB used.
       Both:      8.92 MB used.

Virtual space:
  Non-class space:       64.00 MB reserved,       7.81 MB ( 12%) committed,  1 nodes.
      Class space:        1.00 GB reserved,       1.38 MB ( <1%) committed,  1 nodes.
             Both:        1.06 GB reserved,       9.19 MB ( <1%) committed. 

Chunk freelists:
   Non-Class:  7.36 MB
       Class:  14.55 MB
        Both:  21.91 MB

MaxMetaspaceSize: unlimited
CompressedClassSpaceSize: 1.00 GB
Initial GC threshold: 21.00 MB
Current GC threshold: 21.00 MB
CDS: on
MetaspaceReclaimPolicy: balanced
 - commit_granule_bytes: 65536.
 - commit_granule_words: 8192.
 - virtual_space_node_default_size: 8388608.
 - enlarge_chunks_in_place: 1.
 - new_chunks_are_fully_committed: 0.
 - uncommit_free_chunks: 1.
 - use_allocation_guard: 0.
 - handle_deallocations: 1.


Internal statistics:

num_allocs_failed_limit: 0.
num_arena_births: 146.
num_arena_deaths: 0.
num_vsnodes_births: 2.
num_vsnodes_deaths: 0.
num_space_committed: 147.
num_space_uncommitted: 0.
num_chunks_returned_to_freelist: 0.
num_chunks_taken_from_freelist: 408.
num_chunk_merges: 0.
num_chunk_splits: 276.
num_chunks_enlarged: 206.
num_inconsistent_stats: 0.

CodeHeap 'non-profiled nmethods': size=119168Kb used=424Kb max_used=424Kb free=118743Kb
 bounds [0x00007f9170ff2000, 0x00007f9171262000, 0x00007f9178452000]
CodeHeap 'profiled nmethods': size=119164Kb used=2261Kb max_used=2261Kb free=116903Kb
 bounds [0x00007f9169452000, 0x00007f91696c2000, 0x00007f91708b1000]
CodeHeap 'non-nmethods': size=7428Kb used=2367Kb max_used=2874Kb free=5060Kb
 bounds [0x00007f91708b1000, 0x00007f9170b81000, 0x00007f9170ff2000]
 total_blobs=1877 nmethods=1319 adapters=469
 compilation: enabled
              stopped_count=0, restarted_count=0
 full_count=0

Compilation events (20 events):
Event: 1.680 Thread 0x00007f90f006d4f0 1311       3       java.lang.invoke.MemberName::hashCode (43 bytes)
Event: 1.680 Thread 0x00007f90e411b9f0 1312       3       java.lang.Byte::<init> (10 bytes)
Event: 1.680 Thread 0x00007f9180149fe0 1313       3       java.util.Objects::hash (5 bytes)
Event: 1.680 Thread 0x00007f90e411b9f0 nmethod 1312 0x00007f9169684190 code [0x00007f9169684340, 0x00007f9169684510]
Event: 1.680 Thread 0x00007f90e411b9f0 1314       3       java.lang.Byte::hashCode (8 bytes)
Event: 1.680 Thread 0x00007f9180149fe0 nmethod 1313 0x00007f9169684610 code [0x00007f91696847c0, 0x00007f91696848c0]
Event: 1.680 Thread 0x00007f9180149fe0 1315       3       java.lang.Byte::hashCode (2 bytes)
Event: 1.681 Thread 0x00007f90e411b9f0 nmethod 1314 0x00007f9169684990 code [0x00007f9169684b40, 0x00007f9169684c90]
Event: 1.681 Thread 0x00007f9180149fe0 nmethod 1315 0x00007f9169684d90 code [0x00007f9169684f20, 0x00007f9169685010]
Event: 1.681 Thread 0x00007f90f006d4f0 nmethod 1311 0x00007f9169685090 code [0x00007f91696852e0, 0x00007f9169686020]
Event: 1.681 Thread 0x00007f9180149fe0 1317       3       jdk.internal.misc.Unsafe::weakCompareAndSetInt (11 bytes)
Event: 1.681 Thread 0x00007f9180149fe0 nmethod 1317 0x00007f9169686390 code [0x00007f9169686520, 0x00007f9169686650]
Event: 1.682 Thread 0x00007f9180149fe0 1318       1       java.nio.Buffer::limit (5 bytes)
Event: 1.682 Thread 0x00007f9180149fe0 nmethod 1318 0x00007f917105bf10 code [0x00007f917105c0a0, 0x00007f917105c170]
Event: 1.683 Thread 0x00007f90e411b9f0 1319       3       jdk.internal.misc.VM::initLevel (4 bytes)
Event: 1.683 Thread 0x00007f90e411b9f0 nmethod 1319 0x00007f9169686710 code [0x00007f91696868a0, 0x00007f9169686990]
Event: 1.686 Thread 0x00007f90f006d4f0 1320       3       java.lang.String::valueOf (15 bytes)
Event: 1.687 Thread 0x00007f90f006d4f0 nmethod 1320 0x00007f9169686a10 code [0x00007f9169686bc0, 0x00007f9169686dc0]
Event: 1.687 Thread 0x00007f9180149fe0 1321       3       java.util.regex.Pattern::peek (26 bytes)
Event: 1.687 Thread 0x00007f9180149fe0 nmethod 1321 0x00007f9169686e90 code [0x00007f9169687040, 0x00007f91696872a0]

GC Heap History (2 events):
Event: 1.574 GC heap before
{Heap before GC invocations=0 (full 0):
 garbage-first heap   total 112640K, used 23472K [0x0000000094800000, 0x0000000100000000)
  region size 1024K, 23 young (23552K), 0 survivors (0K)
 Metaspace       used 7021K, committed 7232K, reserved 1114112K
  class space    used 913K, committed 1024K, reserved 1048576K
}
Event: 1.579 GC heap after
{Heap after GC invocations=1 (full 0):
 garbage-first heap   total 112640K, used 3579K [0x0000000094800000, 0x0000000100000000)
  region size 1024K, 3 young (3072K), 3 survivors (3072K)
 Metaspace       used 7021K, committed 7232K, reserved 1114112K
  class space    used 913K, committed 1024K, reserved 1048576K
}

Dll operation events (11 events):
Event: 0.001 Loaded shared library /home/user/.jdks/corretto-17.0.10/lib/libjava.so
Event: 0.009 Loaded shared library /home/user/.jdks/corretto-17.0.10/lib/libjsvml.so
Event: 0.016 Loaded shared library /home/user/.jdks/corretto-17.0.10/lib/libnio.so
Event: 0.030 Loaded shared library /home/user/.jdks/corretto-17.0.10/lib/libzip.so
Event: 0.042 Loaded shared library /home/user/.jdks/corretto-17.0.10/lib/libnet.so
Event: 0.181 Loaded shared library /home/user/.openjfx/cache/17.0.6/libprism_es2.so
Event: 1.422 Loaded shared library /home/user/.openjfx/cache/17.0.6/libprism_sw.so
Event: 1.432 Loaded shared library /home/user/.openjfx/cache/17.0.6/libglass.so
Event: 1.448 Loaded shared library /home/user/.openjfx/cache/17.0.6/libglassgtk3.so
Event: 1.512 Loaded shared library /home/user/.jdks/corretto-17.0.10/lib/libjimage.so
Event: 1.594 Loaded shared library /home/user/.openjfx/cache/17.0.6/libjavafx_font.so

Deoptimization events (20 events):
Event: 1.651 Thread 0x00007f91802f7830 Uncommon trap: trap_request=0xffffffc6 fr.pc=0x00007f91710511e4 relative=0x0000000000000484
Event: 1.651 Thread 0x00007f91802f7830 Uncommon trap: reason=bimorphic_or_optimized_type_check action=maybe_recompile pc=0x00007f91710511e4 method=java.util.HashMap.getNode(Ljava/lang/Object;)Ljava/util/HashMap$Node; @ 128 c2
Event: 1.651 Thread 0x00007f91802f7830 DEOPT PACKING pc=0x00007f91710511e4 sp=0x00007f9109a672e0
Event: 1.651 Thread 0x00007f91802f7830 DEOPT UNPACKING pc=0x00007f9170907699 sp=0x00007f9109a67278 mode 2
Event: 1.651 Thread 0x00007f91802f7830 Uncommon trap: trap_request=0xffffffc6 fr.pc=0x00007f91710511e4 relative=0x0000000000000484
Event: 1.651 Thread 0x00007f91802f7830 Uncommon trap: reason=bimorphic_or_optimized_type_check action=maybe_recompile pc=0x00007f91710511e4 method=java.util.HashMap.getNode(Ljava/lang/Object;)Ljava/util/HashMap$Node; @ 128 c2
Event: 1.651 Thread 0x00007f91802f7830 DEOPT PACKING pc=0x00007f91710511e4 sp=0x00007f9109a672a0
Event: 1.651 Thread 0x00007f91802f7830 DEOPT UNPACKING pc=0x00007f9170907699 sp=0x00007f9109a67238 mode 2
Event: 1.651 Thread 0x00007f91802f7830 Uncommon trap: trap_request=0xffffffc6 fr.pc=0x00007f91710511e4 relative=0x0000000000000484
Event: 1.651 Thread 0x00007f91802f7830 Uncommon trap: reason=bimorphic_or_optimized_type_check action=maybe_recompile pc=0x00007f91710511e4 method=java.util.HashMap.getNode(Ljava/lang/Object;)Ljava/util/HashMap$Node; @ 128 c2
Event: 1.651 Thread 0x00007f91802f7830 DEOPT PACKING pc=0x00007f91710511e4 sp=0x00007f9109a672a0
Event: 1.651 Thread 0x00007f91802f7830 DEOPT UNPACKING pc=0x00007f9170907699 sp=0x00007f9109a67238 mode 2
Event: 1.657 Thread 0x00007f91802f7830 Uncommon trap: trap_request=0xffffffc6 fr.pc=0x00007f9171051df0 relative=0x0000000000000490
Event: 1.657 Thread 0x00007f91802f7830 Uncommon trap: reason=bimorphic_or_optimized_type_check action=maybe_recompile pc=0x00007f9171051df0 method=java.util.HashMap.getNode(Ljava/lang/Object;)Ljava/util/HashMap$Node; @ 128 c2
Event: 1.657 Thread 0x00007f91802f7830 DEOPT PACKING pc=0x00007f9171051df0 sp=0x00007f9109a67a20
Event: 1.657 Thread 0x00007f91802f7830 DEOPT UNPACKING pc=0x00007f9170907699 sp=0x00007f9109a67958 mode 2
Event: 1.673 Thread 0x00007f91802f7830 Uncommon trap: trap_request=0xffffffc6 fr.pc=0x00007f9171044ac0 relative=0x00000000000005e0
Event: 1.673 Thread 0x00007f91802f7830 Uncommon trap: reason=bimorphic_or_optimized_type_check action=maybe_recompile pc=0x00007f9171044ac0 method=java.util.concurrent.ConcurrentHashMap.get(Ljava/lang/Object;)Ljava/lang/Object; @ 149 c2
Event: 1.673 Thread 0x00007f91802f7830 DEOPT PACKING pc=0x00007f9171044ac0 sp=0x00007f9109a66fc0
Event: 1.673 Thread 0x00007f91802f7830 DEOPT UNPACKING pc=0x00007f9170907699 sp=0x00007f9109a66f60 mode 2

Classes unloaded (0 events):
No events

Classes redefined (0 events):
No events

Internal exceptions (20 events):
Event: 0.102 Thread 0x00007f9180026430 Exception <a 'java/lang/NoSuchMethodError'{0x000000009ada1d38}: 'void java.lang.invoke.DirectMethodHandle$Holder.invokeStatic(java.lang.Object, java.lang.Object)'> (0x000000009ada1d38) 
thrown [src/hotspot/share/interpreter/linkResolver.cpp, line 759]
Event: 0.133 Thread 0x00007f9180026430 Exception <a 'java/lang/NoSuchMethodError'{0x000000009aa362c0}: 'void java.lang.invoke.DirectMethodHandle$Holder.invokeSpecial(java.lang.Object, java.lang.Object, java.lang.Object)'> (0x000000009aa362c0) 
thrown [src/hotspot/share/interpreter/linkResolver.cpp, line 759]
Event: 0.141 Thread 0x00007f9180026430 Exception <a 'java/lang/NoSuchMethodError'{0x000000009aa73678}: 'void java.lang.invoke.DirectMethodHandle$Holder.invokeStatic(java.lang.Object, java.lang.Object, java.lang.Object)'> (0x000000009aa73678) 
thrown [src/hotspot/share/interpreter/linkResolver.cpp, line 759]
Event: 1.424 Thread 0x00007f9180026430 Exception <a 'java/lang/NoSuchMethodError'{0x000000009aa90728}: 'int java.lang.invoke.DirectMethodHandle$Holder.invokeStaticInit(java.lang.Object, java.lang.Object, java.lang.Object)'> (0x000000009aa90728) 
thrown [src/hotspot/share/interpreter/linkResolver.cpp, line 759]
Event: 1.443 Thread 0x00007f9180026430 Exception <a 'java/lang/NoSuchMethodError'{0x000000009a73cba8}: 'java.lang.Object java.lang.invoke.DirectMethodHandle$Holder.invokeStatic(java.lang.Object, int, int)'> (0x000000009a73cba8) 
thrown [src/hotspot/share/interpreter/linkResolver.cpp, line 759]
Event: 1.464 Thread 0x00007f9180026430 Exception <a 'java/lang/NoSuchMethodError'{0x000000009a7f6478}: 'java.lang.Object java.lang.invoke.DirectMethodHandle$Holder.newInvokeSpecial(java.lang.Object, java.lang.Object, java.lang.Object, int)'> (0x000000009a7f6478) 
thrown [src/hotspot/share/interpreter/linkResolver.cpp, line 759]
Event: 1.465 Thread 0x00007f9180026430 Exception <a 'java/lang/NoSuchMethodError'{0x000000009a7fa858}: 'java.lang.Object java.lang.invoke.DirectMethodHandle$Holder.invokeSpecial(java.lang.Object, java.lang.Object, java.lang.Object, java.lang.Object, int)'> (0x000000009a7fa858) 
thrown [src/hotspot/share/interpreter/linkResolver.cpp, line 759]
Event: 1.465 Thread 0x00007f9180026430 Exception <a 'java/lang/NoSuchMethodError'{0x000000009a7fe420}: 'java.lang.Object java.lang.invoke.Invokers$Holder.linkToTargetMethod(java.lang.Object, java.lang.Object, int, java.lang.Object)'> (0x000000009a7fe420) 
thrown [src/hotspot/share/interpreter/linkResolver.cpp, line 759]
Event: 1.483 Thread 0x00007f91802f7830 Exception <a 'java/lang/NoSuchMethodError'{0x000000009a51ad38}: 'void java.lang.invoke.DirectMethodHandle$Holder.invokeStaticInit(java.lang.Object)'> (0x000000009a51ad38) 
thrown [src/hotspot/share/interpreter/linkResolver.cpp, line 759]
Event: 1.485 Thread 0x00007f9180026430 Exception <a 'java/lang/NoSuchMethodError'{0x000000009a6100f0}: 'java.lang.Object java.lang.invoke.DirectMethodHandle$Holder.newInvokeSpecial(java.lang.Object, java.lang.Object, java.lang.Object, java.lang.Object, java.lang.Object, java.lang.Object)'> (0x000000009a6100f0) 
thrown [src/hotspot/share/interpreter/linkResolver.cpp, line 759]
Event: 1.497 Thread 0x00007f9180026430 Exception <a 'java/lang/NoSuchMethodError'{0x000000009a640908}: 'java.lang.Object java.lang.invoke.DirectMethodHandle$Holder.newInvokeSpecial(java.lang.Object, java.lang.Object, java.lang.Object, java.lang.Object, java.lang.Object)'> (0x000000009a640908) 
thrown [src/hotspot/share/interpreter/linkResolver.cpp, line 759]
Event: 1.498 Thread 0x00007f91802fda20 Exception <a 'java/lang/NoSuchMethodError'{0x000000009a5f1848}: 'void java.lang.invoke.DirectMethodHandle$Holder.invokeStatic(java.lang.Object, java.lang.Object, java.lang.Object, java.lang.Object)'> (0x000000009a5f1848) 
thrown [src/hotspot/share/interpreter/linkResolver.cpp, line 759]
Event: 1.551 Thread 0x00007f91802f7830 Exception <a 'java/lang/NoSuchMethodError'{0x0000000099faada8}: 'java.lang.Object java.lang.invoke.DirectMethodHandle$Holder.invokeStaticInit(java.lang.Object, java.lang.Object, java.lang.Object, java.lang.Object)'> (0x0000000099faada8) 
thrown [src/hotspot/share/interpreter/linkResolver.cpp, line 759]
Event: 1.552 Thread 0x00007f91802f7830 Exception <a 'java/lang/NullPointerException'{0x0000000099fb6b60}> (0x0000000099fb6b60) 
thrown [src/hotspot/share/interpreter/linkResolver.cpp, line 1350]
Event: 1.567 Thread 0x00007f91802f7830 Exception <a 'java/lang/NoSuchMethodError'{0x0000000099d6b0d8}: 'java.lang.Object java.lang.invoke.DirectMethodHandle$Holder.invokeSpecial(java.lang.Object, java.lang.Object, java.lang.Object, int, java.lang.Object)'> (0x0000000099d6b0d8) 
thrown [src/hotspot/share/interpreter/linkResolver.cpp, line 759]
Event: 1.626 Thread 0x00007f91802f7830 Exception <a 'java/lang/NoSuchMethodError'{0x000000009aef4278}: 'void java.lang.invoke.DirectMethodHandle$Holder.invokeStaticInit(java.lang.Object, java.lang.Object)'> (0x000000009aef4278) 
thrown [src/hotspot/share/interpreter/linkResolver.cpp, line 759]
Event: 1.628 Thread 0x00007f91802f7830 Exception <a 'java/lang/NoSuchMethodError'{0x000000009adac690}: 'void java.lang.invoke.DirectMethodHandle$Holder.invokeSpecial(java.lang.Object, java.lang.Object, java.lang.Object, java.lang.Object, java.lang.Object)'> (0x000000009adac690) 
thrown [src/hotspot/share/interpreter/linkResolver.cpp, line 759]
Event: 1.677 Thread 0x00007f91802f7830 Exception <a 'java/lang/NullPointerException'{0x000000009a92e128}> (0x000000009a92e128) 
thrown [src/hotspot/share/interpreter/linkResolver.cpp, line 1350]
Event: 1.677 Thread 0x00007f91802f7830 Exception <a 'java/lang/reflect/InvocationTargetException'{0x000000009a92e400}> (0x000000009a92e400) 
thrown [src/hotspot/share/runtime/reflection.cpp, line 1121]
Event: 1.681 Thread 0x00007f9180026430 Exception <a 'java/lang/reflect/InvocationTargetException'{0x000000009a800800}> (0x000000009a800800) 
thrown [src/hotspot/share/runtime/reflection.cpp, line 1121]

VM Operations (13 events):
Event: 0.066 Executing VM operation: HandshakeAllThreads
Event: 0.066 Executing VM operation: HandshakeAllThreads done
Event: 0.086 Executing VM operation: HandshakeAllThreads
Event: 0.086 Executing VM operation: HandshakeAllThreads done
Event: 1.086 Executing VM operation: Cleanup
Event: 1.086 Executing VM operation: Cleanup done
Event: 1.524 Executing VM operation: HandshakeAllThreads
Event: 1.524 Executing VM operation: HandshakeAllThreads done
Event: 1.574 Executing VM operation: G1CollectForAllocation
Event: 1.579 Executing VM operation: G1CollectForAllocation done
Event: 1.670 Executing VM operation: HandshakeAllThreads
Event: 1.670 Executing VM operation: HandshakeAllThreads done
Event: 1.688 Executing VM operation: Exit

Events (20 events):
Event: 1.639 loading class jdk/internal/reflect/ClassDefiner$1 done
Event: 1.649 loading class jdk/internal/reflect/BootstrapConstructorAccessorImpl
Event: 1.649 loading class jdk/internal/reflect/BootstrapConstructorAccessorImpl done
Event: 1.670 loading class jdk/internal/reflect/UnsafeFieldAccessorFactory
Event: 1.670 loading class jdk/internal/reflect/UnsafeFieldAccessorFactory done
Event: 1.670 loading class jdk/internal/reflect/UnsafeObjectFieldAccessorImpl
Event: 1.670 loading class jdk/internal/reflect/UnsafeObjectFieldAccessorImpl done
Event: 1.676 loading class com/sun/org/apache/xerces/internal/impl/io/MalformedByteSequenceException
Event: 1.676 loading class java/io/CharConversionException
Event: 1.676 loading class java/io/CharConversionException done
Event: 1.676 loading class com/sun/org/apache/xerces/internal/impl/io/MalformedByteSequenceException done
Event: 1.681 Thread 0x00007f918021fc70 Thread exited: 0x00007f918021fc70
Event: 1.681 Thread 0x00007f91802fda20 Thread exited: 0x00007f91802fda20
Event: 1.681 loading class java/lang/Throwable$WrappedPrintStream
Event: 1.681 loading class java/lang/Throwable$PrintStreamOrWriter
Event: 1.681 loading class java/lang/Throwable$PrintStreamOrWriter done
Event: 1.681 loading class java/lang/Throwable$WrappedPrintStream done
Event: 1.681 Thread 0x00007f91802f7830 Thread exited: 0x00007f91802f7830
Event: 1.687 loading class java/util/Formatter$FixedString
Event: 1.687 loading class java/util/Formatter$FixedString done


Dynamic libraries:
94800000-9b400000 rw-p 00000000 00:00 0 
9b400000-ffe00000 ---p 00000000 00:00 0 
ffe00000-ffe75000 rw-p 00c76000 08:20 151861                             /home/user/.jdks/corretto-17.0.10/lib/server/classes.jsa
ffe75000-fff00000 rw-p 00000000 00:00 0 
fff00000-fff77000 rw-p 00bff000 08:20 151861                             /home/user/.jdks/corretto-17.0.10/lib/server/classes.jsa
fff77000-100000000 rw-p 00000000 00:00 0 
5594dc600000-5594dc601000 r-xp 00000000 08:20 151961                     /home/user/.jdks/corretto-17.0.10/bin/java
5594dc801000-5594dc802000 r--p 00001000 08:20 151961                     /home/user/.jdks/corretto-17.0.10/bin/java
5594dc802000-5594dc803000 rw-p 00002000 08:20 151961                     /home/user/.jdks/corretto-17.0.10/bin/java
5594de5fe000-5594de646000 rw-p 00000000 00:00 0                          [heap]
7f9078000000-7f9078232000 rw-p 00000000 00:00 0 
7f9078232000-7f907c000000 ---p 00000000 00:00 0 
7f9080000000-7f9080021000 rw-p 00000000 00:00 0 
7f9080021000-7f9084000000 ---p 00000000 00:00 0 
7f9084000000-7f908403d000 rw-p 00000000 00:00 0 
7f908403d000-7f9088000000 ---p 00000000 00:00 0 
7f9088000000-7f9088021000 rw-p 00000000 00:00 0 
7f9088021000-7f908c000000 ---p 00000000 00:00 0 
7f908c000000-7f908c021000 rw-p 00000000 00:00 0 
7f908c021000-7f9090000000 ---p 00000000 00:00 0 
7f9090000000-7f9090021000 rw-p 00000000 00:00 0 
7f9090021000-7f9094000000 ---p 00000000 00:00 0 
7f9094000000-7f9094021000 rw-p 00000000 00:00 0 
7f9094021000-7f9098000000 ---p 00000000 00:00 0 
7f9098000000-7f90984d2000 rw-p 00000000 00:00 0 
7f90984d2000-7f909c000000 ---p 00000000 00:00 0 
7f909c000000-7f909c021000 rw-p 00000000 00:00 0 
7f909c021000-7f90a0000000 ---p 00000000 00:00 0 
7f90a056f000-7f90a0570000 ---p 00000000 00:00 0 
7f90a0570000-7f90a0574000 ---p 00000000 00:00 0 
7f90a0574000-7f90a0670000 rw-p 00000000 00:00 0 
7f90a0670000-7f90a0671000 ---p 00000000 00:00 0 
7f90a0671000-7f90a0675000 ---p 00000000 00:00 0 
7f90a0675000-7f90a0771000 rw-p 00000000 00:00 0 
7f90a0771000-7f90a0774000 r-xp 00000000 08:20 237323                     /home/user/.openjfx/cache/17.0.6/libjavafx_font.so
7f90a0774000-7f90a0973000 ---p 00003000 08:20 237323                     /home/user/.openjfx/cache/17.0.6/libjavafx_font.so
7f90a0973000-7f90a0974000 r--p 00002000 08:20 237323                     /home/user/.openjfx/cache/17.0.6/libjavafx_font.so
7f90a0974000-7f90a0975000 rw-p 00003000 08:20 237323                     /home/user/.openjfx/cache/17.0.6/libjavafx_font.so
7f90a0975000-7f90a0976000 ---p 00000000 00:00 0 
7f90a0976000-7f90a0a76000 rw-p 00000000 00:00 0 
7f90a0a76000-7f90a0a77000 ---p 00000000 00:00 0 
7f90a0a77000-7f90a0b77000 rw-p 00000000 00:00 0 
7f90a0b77000-7f90a0b78000 ---p 00000000 00:00 0 
7f90a0b78000-7f90a0c78000 rw-p 00000000 00:00 0 
7f90a0c78000-7f90a0c79000 ---p 00000000 00:00 0 
7f90a0c79000-7f90a1479000 rw-p 00000000 00:00 0 
7f90a1479000-7f90a147a000 ---p 00000000 00:00 0 
7f90a147a000-7f90a1c7a000 rw-p 00000000 00:00 0 
7f90a1c7a000-7f90a1c7b000 ---p 00000000 00:00 0 
7f90a1c7b000-7f90a247b000 rw-p 00000000 00:00 0 
7f90a247b000-7f90a247f000 r--p 00000000 08:20 10974                      /usr/lib/x86_64-linux-gnu/gio/modules/libdconfsettings.so
7f90a247f000-7f90a2487000 r-xp 00004000 08:20 10974                      /usr/lib/x86_64-linux-gnu/gio/modules/libdconfsettings.so
7f90a2487000-7f90a248a000 r--p 0000c000 08:20 10974                      /usr/lib/x86_64-linux-gnu/gio/modules/libdconfsettings.so
7f90a248a000-7f90a248b000 ---p 0000f000 08:20 10974                      /usr/lib/x86_64-linux-gnu/gio/modules/libdconfsettings.so
7f90a248b000-7f90a248c000 r--p 0000f000 08:20 10974                      /usr/lib/x86_64-linux-gnu/gio/modules/libdconfsettings.so
7f90a248c000-7f90a248d000 rw-p 00010000 08:20 10974                      /usr/lib/x86_64-linux-gnu/gio/modules/libdconfsettings.so
7f90a248d000-7f90a24a5000 r--p 00000000 08:20 3859                       /usr/share/glib-2.0/schemas/gschemas.compiled
7f90a24a5000-7f90a24aa000 r-xp 00000000 08:20 11061                      /usr/lib/x86_64-linux-gnu/libXtst.so.6.1.0
7f90a24aa000-7f90a26a9000 ---p 00005000 08:20 11061                      /usr/lib/x86_64-linux-gnu/libXtst.so.6.1.0
7f90a26a9000-7f90a26aa000 r--p 00004000 08:20 11061                      /usr/lib/x86_64-linux-gnu/libXtst.so.6.1.0
7f90a26aa000-7f90a26ab000 rw-p 00005000 08:20 11061                      /usr/lib/x86_64-linux-gnu/libXtst.so.6.1.0
7f90a26ab000-7f90a270b000 r-xp 00000000 08:20 237322                     /home/user/.openjfx/cache/17.0.6/libglassgtk3.so
7f90a270b000-7f90a290a000 ---p 00060000 08:20 237322                     /home/user/.openjfx/cache/17.0.6/libglassgtk3.so
7f90a290a000-7f90a290d000 r--p 0005f000 08:20 237322                     /home/user/.openjfx/cache/17.0.6/libglassgtk3.so
7f90a290d000-7f90a290f000 rw-p 00062000 08:20 237322                     /home/user/.openjfx/cache/17.0.6/libglassgtk3.so
7f90a290f000-7f90a2913000 r--p 00000000 08:20 11250                      /usr/lib/x86_64-linux-gnu/libgpg-error.so.0.28.0
7f90a2913000-7f90a2926000 r-xp 00004000 08:20 11250                      /usr/lib/x86_64-linux-gnu/libgpg-error.so.0.28.0
7f90a2926000-7f90a2930000 r--p 00017000 08:20 11250                      /usr/lib/x86_64-linux-gnu/libgpg-error.so.0.28.0
7f90a2930000-7f90a2931000 r--p 00020000 08:20 11250                      /usr/lib/x86_64-linux-gnu/libgpg-error.so.0.28.0
7f90a2931000-7f90a2932000 rw-p 00021000 08:20 11250                      /usr/lib/x86_64-linux-gnu/libgpg-error.so.0.28.0
7f90a2932000-7f90a293e000 r--p 00000000 08:20 10724                      /usr/lib/x86_64-linux-gnu/libgcrypt.so.20.2.5
7f90a293e000-7f90a2a0c000 r-xp 0000c000 08:20 10724                      /usr/lib/x86_64-linux-gnu/libgcrypt.so.20.2.5
7f90a2a0c000-7f90a2a49000 r--p 000da000 08:20 10724                      /usr/lib/x86_64-linux-gnu/libgcrypt.so.20.2.5
7f90a2a49000-7f90a2a4b000 r--p 00116000 08:20 10724                      /usr/lib/x86_64-linux-gnu/libgcrypt.so.20.2.5
7f90a2a4b000-7f90a2a50000 rw-p 00118000 08:20 10724                      /usr/lib/x86_64-linux-gnu/libgcrypt.so.20.2.5
7f90a2a50000-7f90a2a52000 r--p 00000000 08:20 10958                      /usr/lib/x86_64-linux-gnu/liblz4.so.1.9.2
7f90a2a52000-7f90a2a6c000 r-xp 00002000 08:20 10958                      /usr/lib/x86_64-linux-gnu/liblz4.so.1.9.2
7f90a2a6c000-7f90a2a6f000 r--p 0001c000 08:20 10958                      /usr/lib/x86_64-linux-gnu/liblz4.so.1.9.2
7f90a2a6f000-7f90a2a70000 r--p 0001e000 08:20 10958                      /usr/lib/x86_64-linux-gnu/liblz4.so.1.9.2
7f90a2a70000-7f90a2a71000 rw-p 0001f000 08:20 10958                      /usr/lib/x86_64-linux-gnu/liblz4.so.1.9.2
7f90a2a71000-7f90a2a74000 r--p 00000000 08:20 10926                      /usr/lib/x86_64-linux-gnu/liblzma.so.5.2.4
7f90a2a74000-7f90a2a8c000 r-xp 00003000 08:20 10926                      /usr/lib/x86_64-linux-gnu/liblzma.so.5.2.4
7f90a2a8c000-7f90a2a97000 r--p 0001b000 08:20 10926                      /usr/lib/x86_64-linux-gnu/liblzma.so.5.2.4
7f90a2a97000-7f90a2a98000 ---p 00026000 08:20 10926                      /usr/lib/x86_64-linux-gnu/liblzma.so.5.2.4
7f90a2a98000-7f90a2a99000 r--p 00026000 08:20 10926                      /usr/lib/x86_64-linux-gnu/liblzma.so.5.2.4
7f90a2a99000-7f90a2a9a000 rw-p 00027000 08:20 10926                      /usr/lib/x86_64-linux-gnu/liblzma.so.5.2.4
7f90a2a9a000-7f90a2a9c000 r--p 00000000 08:20 117339                     /usr/lib/x86_64-linux-gnu/libdatrie.so.1.3.5
7f90a2a9c000-7f90a2aa0000 r-xp 00002000 08:20 117339                     /usr/lib/x86_64-linux-gnu/libdatrie.so.1.3.5
7f90a2aa0000-7f90a2aa2000 r--p 00006000 08:20 117339                     /usr/lib/x86_64-linux-gnu/libdatrie.so.1.3.5
7f90a2aa2000-7f90a2aa3000 r--p 00007000 08:20 117339                     /usr/lib/x86_64-linux-gnu/libdatrie.so.1.3.5
7f90a2aa3000-7f90a2aa4000 rw-p 00008000 08:20 117339                     /usr/lib/x86_64-linux-gnu/libdatrie.so.1.3.5
7f90a2aa4000-7f90a2aa6000 r--p 00000000 08:20 13012                      /usr/lib/x86_64-linux-gnu/libpcre2-8.so.0.9.0
7f90a2aa6000-7f90a2b0b000 r-xp 00002000 08:20 13012                      /usr/lib/x86_64-linux-gnu/libpcre2-8.so.0.9.0
7f90a2b0b000-7f90a2b33000 r--p 00067000 08:20 13012                      /usr/lib/x86_64-linux-gnu/libpcre2-8.so.0.9.0
7f90a2b33000-7f90a2b34000 r--p 0008e000 08:20 13012                      /usr/lib/x86_64-linux-gnu/libpcre2-8.so.0.9.0
7f90a2b34000-7f90a2b35000 rw-p 0008f000 08:20 13012                      /usr/lib/x86_64-linux-gnu/libpcre2-8.so.0.9.0
7f90a2b35000-7f90a2b3f000 r--p 00000000 08:20 1860                       /usr/lib/x86_64-linux-gnu/libblkid.so.1.1.0
7f90a2b3f000-7f90a2b75000 r-xp 0000a000 08:20 1860                       /usr/lib/x86_64-linux-gnu/libblkid.so.1.1.0
7f90a2b75000-7f90a2b85000 r--p 00040000 08:20 1860                       /usr/lib/x86_64-linux-gnu/libblkid.so.1.1.0
7f90a2b85000-7f90a2b86000 ---p 00050000 08:20 1860                       /usr/lib/x86_64-linux-gnu/libblkid.so.1.1.0
7f90a2b86000-7f90a2b8b000 r--p 00050000 08:20 1860                       /usr/lib/x86_64-linux-gnu/libblkid.so.1.1.0
7f90a2b8b000-7f90a2b8c000 rw-p 00055000 08:20 1860                       /usr/lib/x86_64-linux-gnu/libblkid.so.1.1.0
7f90a2b8c000-7f90a2b9c000 r--p 00000000 08:20 2333                       /usr/lib/x86_64-linux-gnu/libsystemd.so.0.28.0
7f90a2b9c000-7f90a2c11000 r-xp 00010000 08:20 2333                       /usr/lib/x86_64-linux-gnu/libsystemd.so.0.28.0
7f90a2c11000-7f90a2c36000 r--p 00085000 08:20 2333                       /usr/lib/x86_64-linux-gnu/libsystemd.so.0.28.0
7f90a2c36000-7f90a2c39000 r--p 000a9000 08:20 2333                       /usr/lib/x86_64-linux-gnu/libsystemd.so.0.28.0
7f90a2c39000-7f90a2c3a000 rw-p 000ac000 08:20 2333                       /usr/lib/x86_64-linux-gnu/libsystemd.so.0.28.0
7f90a2c3a000-7f90a2c3b000 rw-p 00000000 00:00 0 
7f90a2c3b000-7f90a2c3d000 r--p 00000000 08:20 10196                      /usr/lib/x86_64-linux-gnu/libuuid.so.1.3.0
7f90a2c3d000-7f90a2c41000 r-xp 00002000 08:20 10196                      /usr/lib/x86_64-linux-gnu/libuuid.so.1.3.0
7f90a2c41000-7f90a2c42000 r--p 00006000 08:20 10196                      /usr/lib/x86_64-linux-gnu/libuuid.so.1.3.0
7f90a2c42000-7f90a2c43000 r--p 00006000 08:20 10196                      /usr/lib/x86_64-linux-gnu/libuuid.so.1.3.0
7f90a2c43000-7f90a2c44000 rw-p 00007000 08:20 10196                      /usr/lib/x86_64-linux-gnu/libuuid.so.1.3.0
7f90a2c44000-7f90a2c47000 r--p 00000000 08:20 100824                     /usr/lib/x86_64-linux-gnu/libgraphite2.so.3.2.1
7f90a2c47000-7f90a2c69000 r-xp 00003000 08:20 100824                     /usr/lib/x86_64-linux-gnu/libgraphite2.so.3.2.1
7f90a2c69000-7f90a2c6e000 r--p 00025000 08:20 100824                     /usr/lib/x86_64-linux-gnu/libgraphite2.so.3.2.1
7f90a2c6e000-7f90a2c70000 r--p 00029000 08:20 100824                     /usr/lib/x86_64-linux-gnu/libgraphite2.so.3.2.1
7f90a2c70000-7f90a2c71000 rw-p 0002b000 08:20 100824                     /usr/lib/x86_64-linux-gnu/libgraphite2.so.3.2.1
7f90a2c71000-7f90a2c73000 r--p 00000000 08:20 14816                      /usr/lib/x86_64-linux-gnu/libpcre.so.3.13.3
7f90a2c73000-7f90a2cc4000 r-xp 00002000 08:20 14816                      /usr/lib/x86_64-linux-gnu/libpcre.so.3.13.3
7f90a2cc4000-7f90a2ce2000 r--p 00053000 08:20 14816                      /usr/lib/x86_64-linux-gnu/libpcre.so.3.13.3
7f90a2ce2000-7f90a2ce3000 r--p 00070000 08:20 14816                      /usr/lib/x86_64-linux-gnu/libpcre.so.3.13.3
7f90a2ce3000-7f90a2ce4000 rw-p 00071000 08:20 14816                      /usr/lib/x86_64-linux-gnu/libpcre.so.3.13.3
7f90a2ce4000-7f90a2ce6000 r--p 00000000 08:20 117365                     /usr/lib/x86_64-linux-gnu/libthai.so.0.3.1
7f90a2ce6000-7f90a2cea000 r-xp 00002000 08:20 117365                     /usr/lib/x86_64-linux-gnu/libthai.so.0.3.1
7f90a2cea000-7f90a2ced000 r--p 00006000 08:20 117365                     /usr/lib/x86_64-linux-gnu/libthai.so.0.3.1
7f90a2ced000-7f90a2cee000 r--p 00008000 08:20 117365                     /usr/lib/x86_64-linux-gnu/libthai.so.0.3.1
7f90a2cee000-7f90a2cef000 rw-p 00009000 08:20 117365                     /usr/lib/x86_64-linux-gnu/libthai.so.0.3.1
7f90a2cef000-7f90a2cf3000 r--p 00000000 08:20 161315                     /usr/lib/x86_64-linux-gnu/libresolv-2.31.so
7f90a2cf3000-7f90a2d03000 r-xp 00004000 08:20 161315                     /usr/lib/x86_64-linux-gnu/libresolv-2.31.so
7f90a2d03000-7f90a2d07000 r--p 00014000 08:20 161315                     /usr/lib/x86_64-linux-gnu/libresolv-2.31.so
7f90a2d07000-7f90a2d08000 r--p 00017000 08:20 161315                     /usr/lib/x86_64-linux-gnu/libresolv-2.31.so
7f90a2d08000-7f90a2d09000 rw-p 00018000 08:20 161315                     /usr/lib/x86_64-linux-gnu/libresolv-2.31.so
7f90a2d09000-7f90a2d0b000 rw-p 00000000 00:00 0 
7f90a2d0b000-7f90a2d11000 r--p 00000000 08:20 11496                      /usr/lib/x86_64-linux-gnu/libselinux.so.1
7f90a2d11000-7f90a2d2a000 r-xp 00006000 08:20 11496                      /usr/lib/x86_64-linux-gnu/libselinux.so.1
7f90a2d2a000-7f90a2d31000 r--p 0001f000 08:20 11496                      /usr/lib/x86_64-linux-gnu/libselinux.so.1
7f90a2d31000-7f90a2d32000 ---p 00026000 08:20 11496                      /usr/lib/x86_64-linux-gnu/libselinux.so.1
7f90a2d32000-7f90a2d33000 r--p 00026000 08:20 11496                      /usr/lib/x86_64-linux-gnu/libselinux.so.1
7f90a2d33000-7f90a2d34000 rw-p 00027000 08:20 11496                      /usr/lib/x86_64-linux-gnu/libselinux.so.1
7f90a2d34000-7f90a2d36000 rw-p 00000000 00:00 0 
7f90a2d36000-7f90a2d41000 r--p 00000000 08:20 18549                      /usr/lib/x86_64-linux-gnu/libmount.so.1.1.0
7f90a2d41000-7f90a2d7f000 r-xp 0000b000 08:20 18549                      /usr/lib/x86_64-linux-gnu/libmount.so.1.1.0
7f90a2d7f000-7f90a2d92000 r--p 00049000 08:20 18549                      /usr/lib/x86_64-linux-gnu/libmount.so.1.1.0
7f90a2d92000-7f90a2d95000 r--p 0005b000 08:20 18549                      /usr/lib/x86_64-linux-gnu/libmount.so.1.1.0
7f90a2d95000-7f90a2d96000 rw-p 0005e000 08:20 18549                      /usr/lib/x86_64-linux-gnu/libmount.so.1.1.0
7f90a2d96000-7f90a2da5000 r--p 00000000 08:20 48798                      /usr/lib/x86_64-linux-gnu/libatspi.so.0.0.1
7f90a2da5000-7f90a2dbb000 r-xp 0000f000 08:20 48798                      /usr/lib/x86_64-linux-gnu/libatspi.so.0.0.1
7f90a2dbb000-7f90a2dc8000 r--p 00025000 08:20 48798                      /usr/lib/x86_64-linux-gnu/libatspi.so.0.0.1
7f90a2dc8000-7f90a2dc9000 ---p 00032000 08:20 48798                      /usr/lib/x86_64-linux-gnu/libatspi.so.0.0.1
7f90a2dc9000-7f90a2dcc000 r--p 00032000 08:20 48798                      /usr/lib/x86_64-linux-gnu/libatspi.so.0.0.1
7f90a2dcc000-7f90a2dcd000 rw-p 00035000 08:20 48798                      /usr/lib/x86_64-linux-gnu/libatspi.so.0.0.1
7f90a2dcd000-7f90a2dd8000 r--p 00000000 08:20 10379                      /usr/lib/x86_64-linux-gnu/libdbus-1.so.3.19.11
7f90a2dd8000-7f90a2e06000 r-xp 0000b000 08:20 10379                      /usr/lib/x86_64-linux-gnu/libdbus-1.so.3.19.11
7f90a2e06000-7f90a2e1b000 r--p 00039000 08:20 10379                      /usr/lib/x86_64-linux-gnu/libdbus-1.so.3.19.11
7f90a2e1b000-7f90a2e1c000 ---p 0004e000 08:20 10379                      /usr/lib/x86_64-linux-gnu/libdbus-1.so.3.19.11
7f90a2e1c000-7f90a2e1d000 r--p 0004e000 08:20 10379                      /usr/lib/x86_64-linux-gnu/libdbus-1.so.3.19.11
7f90a2e1d000-7f90a2e1e000 rw-p 0004f000 08:20 10379                      /usr/lib/x86_64-linux-gnu/libdbus-1.so.3.19.11
7f90a2e1e000-7f90a2e27000 r-xp 00000000 08:20 11057                      /usr/lib/x86_64-linux-gnu/libXrender.so.1.3.0
7f90a2e27000-7f90a3026000 ---p 00009000 08:20 11057                      /usr/lib/x86_64-linux-gnu/libXrender.so.1.3.0
7f90a3026000-7f90a3027000 r--p 00008000 08:20 11057                      /usr/lib/x86_64-linux-gnu/libXrender.so.1.3.0
7f90a3027000-7f90a3028000 rw-p 00009000 08:20 11057                      /usr/lib/x86_64-linux-gnu/libXrender.so.1.3.0
7f90a3028000-7f90a302d000 r--p 00000000 08:20 117189                     /usr/lib/x86_64-linux-gnu/libxcb-render.so.0.0.0
7f90a302d000-7f90a3032000 r-xp 00005000 08:20 117189                     /usr/lib/x86_64-linux-gnu/libxcb-render.so.0.0.0
7f90a3032000-7f90a3034000 r--p 0000a000 08:20 117189                     /usr/lib/x86_64-linux-gnu/libxcb-render.so.0.0.0
7f90a3034000-7f90a3035000 ---p 0000c000 08:20 117189                     /usr/lib/x86_64-linux-gnu/libxcb-render.so.0.0.0
7f90a3035000-7f90a3036000 r--p 0000c000 08:20 117189                     /usr/lib/x86_64-linux-gnu/libxcb-render.so.0.0.0
7f90a3036000-7f90a3037000 rw-p 0000d000 08:20 117189                     /usr/lib/x86_64-linux-gnu/libxcb-render.so.0.0.0
7f90a3037000-7f90a303c000 r--p 00000000 08:20 11460                      /usr/lib/x86_64-linux-gnu/libpng16.so.16.37.0
7f90a303c000-7f90a3061000 r-xp 00005000 08:20 11460                      /usr/lib/x86_64-linux-gnu/libpng16.so.16.37.0
7f90a3061000-7f90a306d000 r--p 0002a000 08:20 11460                      /usr/lib/x86_64-linux-gnu/libpng16.so.16.37.0
7f90a306d000-7f90a306e000 r--p 00035000 08:20 11460                      /usr/lib/x86_64-linux-gnu/libpng16.so.16.37.0
7f90a306e000-7f90a306f000 rw-p 00036000 08:20 11460                      /usr/lib/x86_64-linux-gnu/libpng16.so.16.37.0
7f90a306f000-7f90a3079000 r--p 00000000 08:20 117157                     /usr/lib/x86_64-linux-gnu/libpixman-1.so.0.38.4
7f90a3079000-7f90a30fd000 r-xp 0000a000 08:20 117157                     /usr/lib/x86_64-linux-gnu/libpixman-1.so.0.38.4
7f90a30fd000-7f90a310d000 r--p 0008e000 08:20 117157                     /usr/lib/x86_64-linux-gnu/libpixman-1.so.0.38.4
7f90a310d000-7f90a3115000 r--p 0009d000 08:20 117157                     /usr/lib/x86_64-linux-gnu/libpixman-1.so.0.38.4
7f90a3115000-7f90a3116000 rw-p 000a5000 08:20 117157                     /usr/lib/x86_64-linux-gnu/libpixman-1.so.0.38.4
7f90a3116000-7f90a311a000 r--p 00000000 08:20 132642                     /usr/lib/x86_64-linux-gnu/libxkbcommon.so.0.0.0
7f90a311a000-7f90a3136000 r-xp 00004000 08:20 132642                     /usr/lib/x86_64-linux-gnu/libxkbcommon.so.0.0.0
7f90a3136000-7f90a3155000 r--p 00020000 08:20 132642                     /usr/lib/x86_64-linux-gnu/libxkbcommon.so.0.0.0
7f90a3155000-7f90a3157000 r--p 0003e000 08:20 132642                     /usr/lib/x86_64-linux-gnu/libxkbcommon.so.0.0.0
7f90a3157000-7f90a3158000 rw-p 00040000 08:20 132642                     /usr/lib/x86_64-linux-gnu/libxkbcommon.so.0.0.0
7f90a3158000-7f90a3164000 r--p 00000000 08:20 1904                       /usr/lib/x86_64-linux-gnu/libfreetype.so.6.17.1
7f90a3164000-7f90a31e4000 r-xp 0000c000 08:20 1904                       /usr/lib/x86_64-linux-gnu/libfreetype.so.6.17.1
7f90a31e4000-7f90a320e000 r--p 0008c000 08:20 1904                       /usr/lib/x86_64-linux-gnu/libfreetype.so.6.17.1
7f90a320e000-7f90a320f000 ---p 000b6000 08:20 1904                       /usr/lib/x86_64-linux-gnu/libfreetype.so.6.17.1
7f90a320f000-7f90a3216000 r--p 000b6000 08:20 1904                       /usr/lib/x86_64-linux-gnu/libfreetype.so.6.17.1
7f90a3216000-7f90a3217000 rw-p 000bd000 08:20 1904                       /usr/lib/x86_64-linux-gnu/libfreetype.so.6.17.1
7f90a3217000-7f90a321e000 r--p 00000000 08:20 11207                      /usr/lib/x86_64-linux-gnu/libfontconfig.so.1.12.0
7f90a321e000-7f90a3243000 r-xp 00007000 08:20 11207                      /usr/lib/x86_64-linux-gnu/libfontconfig.so.1.12.0
7f90a3243000-7f90a325b000 r--p 0002c000 08:20 11207                      /usr/lib/x86_64-linux-gnu/libfontconfig.so.1.12.0
7f90a325b000-7f90a325d000 r--p 00043000 08:20 11207                      /usr/lib/x86_64-linux-gnu/libfontconfig.so.1.12.0
7f90a325d000-7f90a325e000 rw-p 00045000 08:20 11207                      /usr/lib/x86_64-linux-gnu/libfontconfig.so.1.12.0
7f90a325e000-7f90a3267000 r--p 00000000 08:20 113477                     /usr/lib/x86_64-linux-gnu/libharfbuzz.so.0.20600.4
7f90a3267000-7f90a332e000 r-xp 00009000 08:20 113477                     /usr/lib/x86_64-linux-gnu/libharfbuzz.so.0.20600.4
7f90a332e000-7f90a335f000 r--p 000d0000 08:20 113477                     /usr/lib/x86_64-linux-gnu/libharfbuzz.so.0.20600.4
7f90a335f000-7f90a3360000 ---p 00101000 08:20 113477                     /usr/lib/x86_64-linux-gnu/libharfbuzz.so.0.20600.4
7f90a3360000-7f90a3361000 r--p 00101000 08:20 113477                     /usr/lib/x86_64-linux-gnu/libharfbuzz.so.0.20600.4
7f90a3361000-7f90a3362000 rw-p 00102000 08:20 113477                     /usr/lib/x86_64-linux-gnu/libharfbuzz.so.0.20600.4
7f90a3362000-7f90a337e000 r--p 00000000 08:20 2163                       /usr/lib/x86_64-linux-gnu/libglib-2.0.so.0.6400.6
7f90a337e000-7f90a3403000 r-xp 0001c000 08:20 2163                       /usr/lib/x86_64-linux-gnu/libglib-2.0.so.0.6400.6
7f90a3403000-7f90a3489000 r--p 000a1000 08:20 2163                       /usr/lib/x86_64-linux-gnu/libglib-2.0.so.0.6400.6
7f90a3489000-7f90a348a000 r--p 00126000 08:20 2163                       /usr/lib/x86_64-linux-gnu/libglib-2.0.so.0.6400.6
7f90a348a000-7f90a348b000 rw-p 00127000 08:20 2163                       /usr/lib/x86_64-linux-gnu/libglib-2.0.so.0.6400.6
7f90a348b000-7f90a348c000 rw-p 00000000 00:00 0 
7f90a348c000-7f90a349a000 r--p 00000000 08:20 2428                       /usr/lib/x86_64-linux-gnu/libgobject-2.0.so.0.6400.6
7f90a349a000-7f90a34d0000 r-xp 0000e000 08:20 2428                       /usr/lib/x86_64-linux-gnu/libgobject-2.0.so.0.6400.6
7f90a34d0000-7f90a34e8000 r--p 00044000 08:20 2428                       /usr/lib/x86_64-linux-gnu/libgobject-2.0.so.0.6400.6
7f90a34e8000-7f90a34eb000 r--p 0005b000 08:20 2428                       /usr/lib/x86_64-linux-gnu/libgobject-2.0.so.0.6400.6
7f90a34eb000-7f90a34ec000 rw-p 0005e000 08:20 2428                       /usr/lib/x86_64-linux-gnu/libgobject-2.0.so.0.6400.6
7f90a34ec000-7f90a34fb000 r--p 00000000 08:20 117379                     /usr/lib/x86_64-linux-gnu/libpango-1.0.so.0.4400.7
7f90a34fb000-7f90a3520000 r-xp 0000f000 08:20 117379                     /usr/lib/x86_64-linux-gnu/libpango-1.0.so.0.4400.7
7f90a3520000-7f90a3537000 r--p 00034000 08:20 117379                     /usr/lib/x86_64-linux-gnu/libpango-1.0.so.0.4400.7
7f90a3537000-7f90a353a000 r--p 0004a000 08:20 117379                     /usr/lib/x86_64-linux-gnu/libpango-1.0.so.0.4400.7
7f90a353a000-7f90a353b000 rw-p 0004d000 08:20 117379                     /usr/lib/x86_64-linux-gnu/libpango-1.0.so.0.4400.7
7f90a353b000-7f90a3573000 r--p 00000000 08:20 2161                       /usr/lib/x86_64-linux-gnu/libgio-2.0.so.0.6400.6
7f90a3573000-7f90a3686000 r-xp 00038000 08:20 2161                       /usr/lib/x86_64-linux-gnu/libgio-2.0.so.0.6400.6
7f90a3686000-7f90a3710000 r--p 0014b000 08:20 2161                       /usr/lib/x86_64-linux-gnu/libgio-2.0.so.0.6400.6
7f90a3710000-7f90a3719000 r--p 001d4000 08:20 2161                       /usr/lib/x86_64-linux-gnu/libgio-2.0.so.0.6400.6
7f90a3719000-7f90a371a000 rw-p 001dd000 08:20 2161                       /usr/lib/x86_64-linux-gnu/libgio-2.0.so.0.6400.6
7f90a371a000-7f90a371c000 rw-p 00000000 00:00 0 
7f90a371c000-7f90a377c000 r--p 00000000 08:20 132564                     /usr/lib/x86_64-linux-gnu/libepoxy.so.0.0.0
7f90a377c000-7f90a37e2000 r-xp 00060000 08:20 132564                     /usr/lib/x86_64-linux-gnu/libepoxy.so.0.0.0
7f90a37e2000-7f90a383f000 r--p 000c6000 08:20 132564                     /usr/lib/x86_64-linux-gnu/libepoxy.so.0.0.0
7f90a383f000-7f90a3840000 ---p 00123000 08:20 132564                     /usr/lib/x86_64-linux-gnu/libepoxy.so.0.0.0
7f90a3840000-7f90a3848000 r--p 00123000 08:20 132564                     /usr/lib/x86_64-linux-gnu/libepoxy.so.0.0.0
7f90a3848000-7f90a384f000 rw-p 0012b000 08:20 132564                     /usr/lib/x86_64-linux-gnu/libepoxy.so.0.0.0
7f90a384f000-7f90a38d4000 r--p 00000000 08:20 132711                     /usr/lib/x86_64-linux-gnu/libgtk-3.so.0.2404.16
7f90a38d4000-7f90a3c43000 r-xp 00085000 08:20 132711                     /usr/lib/x86_64-linux-gnu/libgtk-3.so.0.2404.16
7f90a3c43000-7f90a3fe7000 r--p 003f4000 08:20 132711                     /usr/lib/x86_64-linux-gnu/libgtk-3.so.0.2404.16
7f90a3fe7000-7f90a3ff8000 r--p 00797000 08:20 132711                     /usr/lib/x86_64-linux-gnu/libgtk-3.so.0.2404.16
7f90a3ff8000-7f90a3ffa000 rw-p 007a8000 08:20 132711                     /usr/lib/x86_64-linux-gnu/libgtk-3.so.0.2404.16
7f90a3ffa000-7f90a4000000 rw-p 00000000 00:00 0 
7f90a4000000-7f90a402a000 rw-p 00000000 00:00 0 
7f90a402a000-7f90a8000000 ---p 00000000 00:00 0 
7f90a8001000-7f90a8002000 r--p 00000000 08:20 2442                       /usr/lib/x86_64-linux-gnu/libgthread-2.0.so.0.6400.6
7f90a8002000-7f90a8003000 r-xp 00001000 08:20 2442                       /usr/lib/x86_64-linux-gnu/libgthread-2.0.so.0.6400.6
7f90a8003000-7f90a8004000 r--p 00002000 08:20 2442                       /usr/lib/x86_64-linux-gnu/libgthread-2.0.so.0.6400.6
7f90a8004000-7f90a8005000 r--p 00002000 08:20 2442                       /usr/lib/x86_64-linux-gnu/libgthread-2.0.so.0.6400.6
7f90a8005000-7f90a8006000 rw-p 00003000 08:20 2442                       /usr/lib/x86_64-linux-gnu/libgthread-2.0.so.0.6400.6
7f90a8006000-7f90a800b000 r--p 00000000 08:20 7599                       /usr/lib/x86_64-linux-gnu/libwayland-client.so.0.3.0
7f90a800b000-7f90a8011000 r-xp 00005000 08:20 7599                       /usr/lib/x86_64-linux-gnu/libwayland-client.so.0.3.0
7f90a8011000-7f90a8014000 r--p 0000b000 08:20 7599                       /usr/lib/x86_64-linux-gnu/libwayland-client.so.0.3.0
7f90a8014000-7f90a8016000 r--p 0000d000 08:20 7599                       /usr/lib/x86_64-linux-gnu/libwayland-client.so.0.3.0
7f90a8016000-7f90a8017000 rw-p 0000f000 08:20 7599                       /usr/lib/x86_64-linux-gnu/libwayland-client.so.0.3.0
7f90a8017000-7f90a8018000 r--p 00000000 08:20 132617                     /usr/lib/x86_64-linux-gnu/libwayland-egl.so.1.0.0
7f90a8018000-7f90a8019000 r-xp 00001000 08:20 132617                     /usr/lib/x86_64-linux-gnu/libwayland-egl.so.1.0.0
7f90a8019000-7f90a801a000 r--p 00002000 08:20 132617                     /usr/lib/x86_64-linux-gnu/libwayland-egl.so.1.0.0
7f90a801a000-7f90a801b000 r--p 00002000 08:20 132617                     /usr/lib/x86_64-linux-gnu/libwayland-egl.so.1.0.0
7f90a801b000-7f90a801c000 rw-p 00003000 08:20 132617                     /usr/lib/x86_64-linux-gnu/libwayland-egl.so.1.0.0
7f90a801c000-7f90a801e000 r--p 00000000 08:20 132604                     /usr/lib/x86_64-linux-gnu/libwayland-cursor.so.0.0.0
7f90a801e000-7f90a8021000 r-xp 00002000 08:20 132604                     /usr/lib/x86_64-linux-gnu/libwayland-cursor.so.0.0.0
7f90a8021000-7f90a8022000 r--p 00005000 08:20 132604                     /usr/lib/x86_64-linux-gnu/libwayland-cursor.so.0.0.0
7f90a8022000-7f90a8023000 r--p 00005000 08:20 132604                     /usr/lib/x86_64-linux-gnu/libwayland-cursor.so.0.0.0
7f90a8023000-7f90a8027000 rw-p 00006000 08:20 132604                     /usr/lib/x86_64-linux-gnu/libwayland-cursor.so.0.0.0
7f90a8027000-7f90a802a000 r--p 00000000 08:20 132629                     /usr/lib/x86_64-linux-gnu/libXcursor.so.1.0.2
7f90a802a000-7f90a8030000 r-xp 00003000 08:20 132629                     /usr/lib/x86_64-linux-gnu/libXcursor.so.1.0.2
7f90a8030000-7f90a8032000 r--p 00009000 08:20 132629                     /usr/lib/x86_64-linux-gnu/libXcursor.so.1.0.2
7f90a8032000-7f90a8033000 r--p 0000a000 08:20 132629                     /usr/lib/x86_64-linux-gnu/libXcursor.so.1.0.2
7f90a8033000-7f90a8034000 rw-p 0000b000 08:20 132629                     /usr/lib/x86_64-linux-gnu/libXcursor.so.1.0.2
7f90a8034000-7f90a8046000 r--p 00000000 08:20 117236                     /usr/lib/x86_64-linux-gnu/libcairo.so.2.11600.0
7f90a8046000-7f90a8115000 r-xp 00012000 08:20 117236                     /usr/lib/x86_64-linux-gnu/libcairo.so.2.11600.0
7f90a8115000-7f90a8151000 r--p 000e1000 08:20 117236                     /usr/lib/x86_64-linux-gnu/libcairo.so.2.11600.0
7f90a8151000-7f90a8155000 r--p 0011c000 08:20 117236                     /usr/lib/x86_64-linux-gnu/libcairo.so.2.11600.0
7f90a8155000-7f90a8156000 rw-p 00120000 08:20 117236                     /usr/lib/x86_64-linux-gnu/libcairo.so.2.11600.0
7f90a8156000-7f90a8157000 rw-p 00000000 00:00 0 
7f90a8157000-7f90a8181000 r--p 00000000 08:20 132708                     /usr/lib/x86_64-linux-gnu/libgdk-3.so.0.2404.16
7f90a8181000-7f90a8202000 r-xp 0002a000 08:20 132708                     /usr/lib/x86_64-linux-gnu/libgdk-3.so.0.2404.16
7f90a8202000-7f90a8251000 r--p 000ab000 08:20 132708                     /usr/lib/x86_64-linux-gnu/libgdk-3.so.0.2404.16
7f90a8251000-7f90a825a000 r--p 000f9000 08:20 132708                     /usr/lib/x86_64-linux-gnu/libgdk-3.so.0.2404.16
7f90a825a000-7f90a825c000 rw-p 00102000 08:20 132708                     /usr/lib/x86_64-linux-gnu/libgdk-3.so.0.2404.16
7f90a825c000-7f90a825d000 r-xp 00000000 08:20 237321                     /home/user/.openjfx/cache/17.0.6/libglass.so
7f90a825d000-7f90a845d000 ---p 00001000 08:20 237321                     /home/user/.openjfx/cache/17.0.6/libglass.so
7f90a845d000-7f90a845e000 r--p 00001000 08:20 237321                     /home/user/.openjfx/cache/17.0.6/libglass.so
7f90a845e000-7f90a845f000 rw-p 00002000 08:20 237321                     /home/user/.openjfx/cache/17.0.6/libglass.so
7f90a845f000-7f90a846d000 r-xp 00000000 08:20 237320                     /home/user/.openjfx/cache/17.0.6/libprism_sw.so
7f90a846d000-7f90a866d000 ---p 0000e000 08:20 237320                     /home/user/.openjfx/cache/17.0.6/libprism_sw.so
7f90a866d000-7f90a866e000 r--p 0000e000 08:20 237320                     /home/user/.openjfx/cache/17.0.6/libprism_sw.so
7f90a866e000-7f90a866f000 rw-p 0000f000 08:20 237