#
# A fatal error has been detected by the Java Runtime Environment:
#
#  SIGSEGV (0xb) at pc=0x00007f7d70c11a6c, pid=24984, tid=25021
#
# JRE version: OpenJDK Runtime Environment Corretto-17.0.10.8.1 (17.0.10+8) (build 17.0.10+8-LTS)
# Java VM: OpenJDK 64-Bit Server VM Corretto-17.0.10.8.1 (17.0.10+8-LTS, mixed mode, sharing, tiered, compressed oops, compressed class ptrs, g1 gc, linux-amd64)
# Problematic frame:
# C  [libnvwgf2umx.so+0x28a0a6c]
#
# No core dump will be written. Core dumps have been disabled. To enable core dumping, try "ulimit -c unlimited" before starting Java again
#
# If you would like to submit a bug report, please visit:
#   https://github.com/corretto/corretto-17/issues/
#

---------------  S U M M A R Y ------------

Command Line: -agentlib:jdwp=transport=dt_socket,server=n,suspend=y,address=192.168.56.1:38553 -Dfile.encoding=windows-1252 -Duser.country -Duser.language=en -Duser.variant --module-path=/home/user/POO/ExampleJFX/build/libs/ExampleJFX-1.0-SNAPSHOT.jar:/home/user/POO/ExampleJFX/build/classes/java/main:/home/user/.gradle/caches/modules-2/files-2.1/org.openjfx/javafx-fxml/17.0.6/c500ec44fd60e74a11021c71c0e6127dc31bc41d/javafx-fxml-17.0.6-linux.jar:/home/user/.gradle/caches/modules-2/files-2.1/org.openjfx/javafx-controls/17.0.6/f25aeef6fad7ae52bafb2218a9ce80c2e9d6588e/javafx-controls-17.0.6-linux.jar:/home/user/.gradle/caches/modules-2/files-2.1/org.openjfx/javafx-controls/17.0.6/8a9b91d717ec8bcdb179b91ae8a4f1137756fe3a/javafx-controls-17.0.6.jar:/home/user/.gradle/caches/modules-2/files-2.1/org.openjfx/javafx-media/17.0.6/a76bc115c1e43c4757466a1e128c2602db7e52f8/javafx-media-17.0.6-linux.jar:/home/user/.gradle/caches/modules-2/files-2.1/org.openjfx/javafx-swing/17.0.6/3d05e468f9f4134e2ee950b51ba29a6e82726fe7/javafx-swing-17.0.6-linux.jar:/home/user/.gradle/caches/modules-2/files-2.1/org.openjfx/javafx-graphics/17.0.6/c24e954d2f9d5970625b2d6d7a775c07c0319f19/javafx-graphics-17.0.6-linux.jar:/home/user/.gradle/caches/modules-2/files-2.1/org.openjfx/javafx-graphics/17.0.6/a71a20fc765c578c17e6bd6525c029b03286ff5e/javafx-graphics-17.0.6.jar:/home/user/.gradle/caches/modules-2/files-2.1/org.openjfx/javafx-base/17.0.6/548ae43836cdba76530eeeafef197d1f539eee17/javafx-base-17.0.6-linux.jar:/home/user/.gradle/caches/modules-2/files-2.1/org.openjfx/javafx-base/17.0.6/808b77ecf79be87b304a78fa9fffad805bfdb9f5/javafx-base-17.0.6.jar -Djdk.module.main=org.example.examplejfx org.example.examplejfx/org.example.examplejfx.ExampleJFXApplication

Host: AMD Ryzen 7 5800H with Radeon Graphics, 16 cores, 6G, Ubuntu 20.04.6 LTS
Time: Wed May 15 00:33:31 2024 CST elapsed time: 40.915771 seconds (0d 0h 0m 40s)

---------------  T H R E A D  ---------------

Current thread is native thread

Stack: [0x00007f7dd46c5000,0x00007f7dd4ec5000],  sp=0x00007f7dd4ec3e30,  free space=8187k
Native frames: (J=compiled Java code, j=interpreted, Vv=VM code, C=native code)
C  [libnvwgf2umx.so+0x28a0a6c]


siginfo: si_signo: 11 (SIGSEGV), si_code: 1 (SEGV_MAPERR), si_addr: 0x00007f7e240c2000

Registers:
RAX=0x0000000000000014, RBX=0x00007f7d7c173000, RCX=0x00007f7d7c1f6330, RDX=0x00007f7dd4ec3e48
RSP=0x00007f7dd4ec3e30, RBP=0x0000000000000000, RSI=0x00007f7e240c2000, RDI=0x0000000000000000
R8 =0x0000000000000000, R9 =0x00007ffec47c8080, R10=0x0000000000200402, R11=0x0000000000000000
R12=0x00007f7d7c1f5120, R13=0x00007f7dd4ec3e01, R14=0x00007f7d7c1f5120, R15=0x0000000000000000
RIP=0x00007f7d70c11a6c, EFLAGS=0x0000000000010246, CSGSFS=0x002b000000000033, ERR=0x0000000000000004
  TRAPNO=0x000000000000000e


Top of Stack: (sp=0x00007f7dd4ec3e30)
0x00007f7dd4ec3e30:   000000006644573b 00007f7d7c173000
0x00007f7dd4ec3e40:   000000006644573b 000000000007e994
0x00007f7dd4ec3e50:   00007f7dd4ec3e48 00007f7e240c2000
0x00007f7dd4ec3e60:   00007f7dd4ec3ea7 00007f7d7c173000
0x00007f7dd4ec3e70:   00007f7d7c1f5120 00007f7dd4ec3ea7
0x00007f7dd4ec3e80:   00007f7d7c173108 00007f7dd4ec3ea6
0x00007f7dd4ec3e90:   0000000000000000 00007f7d70c1070e
0x00007f7dd4ec3ea0:   0000000000000000 0000000000000000
0x00007f7dd4ec3eb0:   0000000000000000 0000000000000000
0x00007f7dd4ec3ec0:   00007f7e250e05ce 00007f7e250e05cf
0x00007f7dd4ec3ed0:   00007f7e250e0658 00007f7dd4ec3fc0
0x00007f7dd4ec3ee0:   0000000000000000 00007f7d70c10686
0x00007f7dd4ec3ef0:   00007f7dd4ec4700 00007f7e58705609
0x00007f7dd4ec3f00:   0000000000000000 00007f7dd4ec4700
0x00007f7dd4ec3f10:   00007f7dd4ec4700 74744c74a13091c1
0x00007f7dd4ec3f20:   00007f7e250e05ce 00007f7e250e05cf
0x00007f7dd4ec3f30:   00007f7e250e0658 00007f7dd4ec3fc0
0x00007f7dd4ec3f40:   8a8fe5acdf3091c1 8a88fc940a5291c1
0x00007f7dd4ec3f50:   0000000000000000 0000000000000000
0x00007f7dd4ec3f60:   0000000000000000 0000000000000000
0x00007f7dd4ec3f70:   0000000000000000 0000000000000000
0x00007f7dd4ec3f80:   0000000000000000 0000000000000000
0x00007f7dd4ec3f90:   0000000000000000 93117dd5d76bc600
0x00007f7dd4ec3fa0:   00007f7dd4ec4700 0000000000000000
0x00007f7dd4ec3fb0:   00007f7e250e05ce 00007f7e58624353
0x00007f7dd4ec3fc0:   0000000000000000 0000000000000000
0x00007f7dd4ec3fd0:   0000000000000000 0000000000000000
0x00007f7dd4ec3fe0:   0000000000000000 0000000000000000
0x00007f7dd4ec3ff0:   0000000000000000 0000000000000000
0x00007f7dd4ec4000:   0000000000000000 0000000000000000
0x00007f7dd4ec4010:   0000000000000000 0000000000000000
0x00007f7dd4ec4020:   0000000000000000 0000000000000000 

Instructions: (pc=0x00007f7d70c11a6c)
0x00007f7d70c1196c:   7c 24 08 e8 0c 0a b4 fe 4c 89 ff e8 04 0a b4 fe
0x00007f7d70c1197c:   48 8b 44 24 10 48 83 c4 38 5b 41 5c 41 5d 41 5e
0x00007f7d70c1198c:   41 5f 5d c3 eb 0d eb 3a 48 89 c3 eb 38 eb 44 eb
0x00007f7d70c1199c:   02 eb 2f 48 89 c3 48 8d 7c 24 08 e8 d4 09 b4 fe
0x00007f7d70c119ac:   eb 23 eb 1e 48 89 c3 48 8d 7c 24 08 e8 c3 09 b4
0x00007f7d70c119bc:   fe eb 03 48 89 c3 48 8d 7c 24 20 e8 b4 09 b4 fe
0x00007f7d70c119cc:   eb 03 48 89 c3 48 8d 7c 24 18 e8 a5 09 b4 fe eb
0x00007f7d70c119dc:   05 eb 00 48 89 c3 48 8b 7c 24 10 e8 94 09 b4 fe
0x00007f7d70c119ec:   48 89 df e8 7c 6f 9e fe cc cc cc cc cc cc cc cc
0x00007f7d70c119fc:   cc cc cc cc 55 41 57 41 56 41 55 41 54 53 48 83
0x00007f7d70c11a0c:   ec 38 48 89 54 24 30 48 89 7c 24 08 f6 47 28 10
0x00007f7d70c11a1c:   0f 84 3c 01 00 00 49 89 f6 8b 46 10 85 c0 0f 84
0x00007f7d70c11a2c:   2e 01 00 00 49 8b 76 28 41 b5 01 45 31 ff 48 8d
0x00007f7d70c11a3c:   54 24 18 31 ff 48 89 74 24 28 48 89 54 24 20 eb
0x00007f7d70c11a4c:   1f 90 90 90 41 8b 46 10 48 8b 7c 24 10 48 83 c7
0x00007f7d70c11a5c:   01 89 c1 41 83 c7 01 48 39 cf 0f 83 f2 00 00 00
0x00007f7d70c11a6c:   8b 0c be 0f b7 c9 41 3b 8c be 4c 04 00 00 74 dd
0x00007f7d70c11a7c:   41 89 8c be 4c 04 00 00 41 8b 4e 0c 85 c9 74 cd
0x00007f7d70c11a8c:   48 89 7c 24 10 31 ed eb 16 90 90 90 90 90 90 90
0x00007f7d70c11a9c:   90 90 90 90 83 c5 01 41 8b 4e 0c 39 cd 73 a5 41
0x00007f7d70c11aac:   0f af cf 01 e9 0f b6 84 0e 80 90 00 00 24 7f 8d
0x00007f7d70c11abc:   50 e0 80 fa 14 77 dd 49 8b 96 50 08 00 00 3a 04
0x00007f7d70c11acc:   0a 74 d1 88 04 0a 48 8b 44 24 30 c6 00 01 41 f6
0x00007f7d70c11adc:   c5 01 75 0d 48 8b 44 24 08 f6 40 28 20 75 b5 eb
0x00007f7d70c11aec:   2e 48 8d 5c 24 18 48 89 df 4c 8b 6c 24 08 4c 89
0x00007f7d70c11afc:   ee 4c 89 f2 e8 6b 18 03 00 4c 89 ef 48 89 de e8
0x00007f7d70c11b0c:   f0 e0 ff ff 48 89 df e8 68 08 b4 fe 45 31 ed 41
0x00007f7d70c11b1c:   8b 56 04 48 8b 5c 24 08 44 0f b6 4b 2c 4c 8d 64
0x00007f7d70c11b2c:   24 18 4c 89 e7 48 89 de 48 8b 4c 24 10 41 89 e8
0x00007f7d70c11b3c:   e8 4f 18 03 00 48 89 df 4c 89 e6 e8 b4 e0 ff ff
0x00007f7d70c11b4c:   4c 89 e7 e8 2c 08 b4 fe 48 8b 74 24 28 e9 42 ff
0x00007f7d70c11b5c:   ff ff 48 83 c4 38 5b 41 5c 41 5d 41 5e 41 5f 5d 



---------------  P R O C E S S  ---------------

VM state: not at safepoint (normal execution)

VM Mutex/Monitor currently owned by a thread: None

Heap address: 0x0000000094800000, size: 1720 MB, Compressed Oops mode: 32-bit

CDS archive(s) mapped at: [0x00007f7dd7000000-0x00007f7dd7bc7000-0x00007f7dd7bc7000), size 12349440, SharedBaseAddress: 0x00007f7dd7000000, ArchiveRelocationMode: 1.
Compressed class space mapped at: 0x00007f7dd8000000-0x00007f7e18000000, reserved size: 1073741824
Narrow klass base: 0x00007f7dd7000000, Narrow klass shift: 0, Narrow klass range: 0x100000000

GC Precious Log:
<Skipped>

Heap:
 garbage-first heap   total 112640K, used 46597K [0x0000000094800000, 0x0000000100000000)
  region size 1024K, 35 young (35840K), 3 survivors (3072K)
 Metaspace       used 14684K, committed 14976K, reserved 1114112K
  class space    used 2112K, committed 2240K, reserved 1048576K

Heap Regions: E=young(eden), S=young(survivor), O=old, HS=humongous(starts), HC=humongous(continues), CS=collection set, F=free, OA=open archive, CA=closed archive, TAMS=top-at-mark-start (previous, next)
|   0|0x0000000094800000, 0x0000000094900000, 0x0000000094900000|100%|HS|  |TAMS 0x0000000094800000, 0x0000000094800000| Complete 
|   1|0x0000000094900000, 0x0000000094a00000, 0x0000000094a00000|100%|HS|  |TAMS 0x0000000094900000, 0x0000000094900000| Complete 
|   2|0x0000000094a00000, 0x0000000094b00000, 0x0000000094b00000|100%|HC|  |TAMS 0x0000000094a00000, 0x0000000094a00000| Complete 
|   3|0x0000000094b00000, 0x0000000094c00000, 0x0000000094c00000|100%|HC|  |TAMS 0x0000000094b00000, 0x0000000094b00000| Complete 
|   4|0x0000000094c00000, 0x0000000094d00000, 0x0000000094d00000|100%|HC|  |TAMS 0x0000000094c00000, 0x0000000094c00000| Complete 
|   5|0x0000000094d00000, 0x0000000094e00000, 0x0000000094e00000|100%|HC|  |TAMS 0x0000000094d00000, 0x0000000094d00000| Complete 
|   6|0x0000000094e00000, 0x0000000094f00000, 0x0000000094f00000|100%|HC|  |TAMS 0x0000000094e00000, 0x0000000094e00000| Complete 
|   7|0x0000000094f00000, 0x0000000095000000, 0x0000000095000000|100%|HC|  |TAMS 0x0000000094f00000, 0x0000000094f00000| Complete 
|   8|0x0000000095000000, 0x0000000095100000, 0x0000000095100000|100%|HC|  |TAMS 0x0000000095000000, 0x0000000095000000| Complete 
|   9|0x0000000095100000, 0x0000000095200000, 0x0000000095200000|100%|HC|  |TAMS 0x0000000095100000, 0x0000000095100000| Complete 
|  10|0x0000000095200000, 0x0000000095200000, 0x0000000095300000|  0%| F|  |TAMS 0x0000000095200000, 0x0000000095200000| Untracked 
|  11|0x0000000095300000, 0x0000000095300000, 0x0000000095400000|  0%| F|  |TAMS 0x0000000095300000, 0x0000000095300000| Untracked 
|  12|0x0000000095400000, 0x0000000095400000, 0x0000000095500000|  0%| F|  |TAMS 0x0000000095400000, 0x0000000095400000| Untracked 
|  13|0x0000000095500000, 0x0000000095500000, 0x0000000095600000|  0%| F|  |TAMS 0x0000000095500000, 0x0000000095500000| Untracked 
|  14|0x0000000095600000, 0x0000000095600000, 0x0000000095700000|  0%| F|  |TAMS 0x0000000095600000, 0x0000000095600000| Untracked 
|  15|0x0000000095700000, 0x0000000095700000, 0x0000000095800000|  0%| F|  |TAMS 0x0000000095700000, 0x0000000095700000| Untracked 
|  16|0x0000000095800000, 0x0000000095800000, 0x0000000095900000|  0%| F|  |TAMS 0x0000000095800000, 0x0000000095800000| Untracked 
|  17|0x0000000095900000, 0x0000000095900000, 0x0000000095a00000|  0%| F|  |TAMS 0x0000000095900000, 0x0000000095900000| Untracked 
|  18|0x0000000095a00000, 0x0000000095a00000, 0x0000000095b00000|  0%| F|  |TAMS 0x0000000095a00000, 0x0000000095a00000| Untracked 
|  19|0x0000000095b00000, 0x0000000095b00000, 0x0000000095c00000|  0%| F|  |TAMS 0x0000000095b00000, 0x0000000095b00000| Untracked 
|  20|0x0000000095c00000, 0x0000000095c00000, 0x0000000095d00000|  0%| F|  |TAMS 0x0000000095c00000, 0x0000000095c00000| Untracked 
|  21|0x0000000095d00000, 0x0000000095d00000, 0x0000000095e00000|  0%| F|  |TAMS 0x0000000095d00000, 0x0000000095d00000| Untracked 
|  22|0x0000000095e00000, 0x0000000095e00000, 0x0000000095f00000|  0%| F|  |TAMS 0x0000000095e00000, 0x0000000095e00000| Untracked 
|  23|0x0000000095f00000, 0x0000000095f00000, 0x0000000096000000|  0%| F|  |TAMS 0x0000000095f00000, 0x0000000095f00000| Untracked 
|  24|0x0000000096000000, 0x0000000096000000, 0x0000000096100000|  0%| F|  |TAMS 0x0000000096000000, 0x0000000096000000| Untracked 
|  25|0x0000000096100000, 0x0000000096100000, 0x0000000096200000|  0%| F|  |TAMS 0x0000000096100000, 0x0000000096100000| Untracked 
|  26|0x0000000096200000, 0x0000000096200000, 0x0000000096300000|  0%| F|  |TAMS 0x0000000096200000, 0x0000000096200000| Untracked 
|  27|0x0000000096300000, 0x0000000096300000, 0x0000000096400000|  0%| F|  |TAMS 0x0000000096300000, 0x0000000096300000| Untracked 
|  28|0x0000000096400000, 0x0000000096400000, 0x0000000096500000|  0%| F|  |TAMS 0x0000000096400000, 0x0000000096400000| Untracked 
|  29|0x0000000096500000, 0x0000000096500000, 0x0000000096600000|  0%| F|  |TAMS 0x0000000096500000, 0x0000000096500000| Untracked 
|  30|0x0000000096600000, 0x0000000096600000, 0x0000000096700000|  0%| F|  |TAMS 0x0000000096600000, 0x0000000096600000| Untracked 
|  31|0x0000000096700000, 0x0000000096700000, 0x0000000096800000|  0%| F|  |TAMS 0x0000000096700000, 0x0000000096700000| Untracked 
|  32|0x0000000096800000, 0x0000000096800000, 0x0000000096900000|  0%| F|  |TAMS 0x0000000096800000, 0x0000000096800000| Untracked 
|  33|0x0000000096900000, 0x0000000096900000, 0x0000000096a00000|  0%| F|  |TAMS 0x0000000096900000, 0x0000000096900000| Untracked 
|  34|0x0000000096a00000, 0x0000000096a00000, 0x0000000096b00000|  0%| F|  |TAMS 0x0000000096a00000, 0x0000000096a00000| Untracked 
|  35|0x0000000096b00000, 0x0000000096b00000, 0x0000000096c00000|  0%| F|  |TAMS 0x0000000096b00000, 0x0000000096b00000| Untracked 
|  36|0x0000000096c00000, 0x0000000096c00000, 0x0000000096d00000|  0%| F|  |TAMS 0x0000000096c00000, 0x0000000096c00000| Untracked 
|  37|0x0000000096d00000, 0x0000000096d00000, 0x0000000096e00000|  0%| F|  |TAMS 0x0000000096d00000, 0x0000000096d00000| Untracked 
|  38|0x0000000096e00000, 0x0000000096e00000, 0x0000000096f00000|  0%| F|  |TAMS 0x0000000096e00000, 0x0000000096e00000| Untracked 
|  39|0x0000000096f00000, 0x0000000096f00000, 0x0000000097000000|  0%| F|  |TAMS 0x0000000096f00000, 0x0000000096f00000| Untracked 
|  40|0x0000000097000000, 0x0000000097000000, 0x0000000097100000|  0%| F|  |TAMS 0x0000000097000000, 0x0000000097000000| Untracked 
|  41|0x0000000097100000, 0x0000000097100000, 0x0000000097200000|  0%| F|  |TAMS 0x0000000097100000, 0x0000000097100000| Untracked 
|  42|0x0000000097200000, 0x0000000097200000, 0x0000000097300000|  0%| F|  |TAMS 0x0000000097200000, 0x0000000097200000| Untracked 
|  43|0x0000000097300000, 0x0000000097300000, 0x0000000097400000|  0%| F|  |TAMS 0x0000000097300000, 0x0000000097300000| Untracked 
|  44|0x0000000097400000, 0x0000000097400000, 0x0000000097500000|  0%| F|  |TAMS 0x0000000097400000, 0x0000000097400000| Untracked 
|  45|0x0000000097500000, 0x0000000097500000, 0x0000000097600000|  0%| F|  |TAMS 0x0000000097500000, 0x0000000097500000| Untracked 
|  46|0x0000000097600000, 0x0000000097600000, 0x0000000097700000|  0%| F|  |TAMS 0x0000000097600000, 0x0000000097600000| Untracked 
|  47|0x0000000097700000, 0x0000000097700000, 0x0000000097800000|  0%| F|  |TAMS 0x0000000097700000, 0x0000000097700000| Untracked 
|  48|0x0000000097800000, 0x0000000097800000, 0x0000000097900000|  0%| F|  |TAMS 0x0000000097800000, 0x0000000097800000| Untracked 
|  49|0x0000000097900000, 0x0000000097900000, 0x0000000097a00000|  0%| F|  |TAMS 0x0000000097900000, 0x0000000097900000| Untracked 
|  50|0x0000000097a00000, 0x0000000097a00000, 0x0000000097b00000|  0%| F|  |TAMS 0x0000000097a00000, 0x0000000097a00000| Untracked 
|  51|0x0000000097b00000, 0x0000000097b00000, 0x0000000097c00000|  0%| F|  |TAMS 0x0000000097b00000, 0x0000000097b00000| Untracked 
|  52|0x0000000097c00000, 0x0000000097c00000, 0x0000000097d00000|  0%| F|  |TAMS 0x0000000097c00000, 0x0000000097c00000| Untracked 
|  53|0x0000000097d00000, 0x0000000097d00000, 0x0000000097e00000|  0%| F|  |TAMS 0x0000000097d00000, 0x0000000097d00000| Untracked 
|  54|0x0000000097e00000, 0x0000000097e00000, 0x0000000097f00000|  0%| F|  |TAMS 0x0000000097e00000, 0x0000000097e00000| Untracked 
|  55|0x0000000097f00000, 0x0000000097f00000, 0x0000000098000000|  0%| F|  |TAMS 0x0000000097f00000, 0x0000000097f00000| Untracked 
|  56|0x0000000098000000, 0x0000000098000000, 0x0000000098100000|  0%| F|  |TAMS 0x0000000098000000, 0x0000000098000000| Untracked 
|  57|0x0000000098100000, 0x0000000098100000, 0x0000000098200000|  0%| F|  |TAMS 0x0000000098100000, 0x0000000098100000| Untracked 
|  58|0x0000000098200000, 0x0000000098200000, 0x0000000098300000|  0%| F|  |TAMS 0x0000000098200000, 0x0000000098200000| Untracked 
|  59|0x0000000098300000, 0x0000000098300000, 0x0000000098400000|  0%| F|  |TAMS 0x0000000098300000, 0x0000000098300000| Untracked 
|  60|0x0000000098400000, 0x0000000098400000, 0x0000000098500000|  0%| F|  |TAMS 0x0000000098400000, 0x0000000098400000| Untracked 
|  61|0x0000000098500000, 0x0000000098500000, 0x0000000098600000|  0%| F|  |TAMS 0x0000000098500000, 0x0000000098500000| Untracked 
|  62|0x0000000098600000, 0x0000000098600000, 0x0000000098700000|  0%| F|  |TAMS 0x0000000098600000, 0x0000000098600000| Untracked 
|  63|0x0000000098700000, 0x0000000098700000, 0x0000000098800000|  0%| F|  |TAMS 0x0000000098700000, 0x0000000098700000| Untracked 
|  64|0x0000000098800000, 0x0000000098800000, 0x0000000098900000|  0%| F|  |TAMS 0x0000000098800000, 0x0000000098800000| Untracked 
|  65|0x0000000098900000, 0x0000000098900000, 0x0000000098a00000|  0%| F|  |TAMS 0x0000000098900000, 0x0000000098900000| Untracked 
|  66|0x0000000098a00000, 0x0000000098a00000, 0x0000000098b00000|  0%| F|  |TAMS 0x0000000098a00000, 0x0000000098a00000| Untracked 
|  67|0x0000000098b00000, 0x0000000098b00000, 0x0000000098c00000|  0%| F|  |TAMS 0x0000000098b00000, 0x0000000098b00000| Untracked 
|  68|0x0000000098c00000, 0x0000000098c00000, 0x0000000098d00000|  0%| F|  |TAMS 0x0000000098c00000, 0x0000000098c00000| Untracked 
|  69|0x0000000098d00000, 0x0000000098d00000, 0x0000000098e00000|  0%| F|  |TAMS 0x0000000098d00000, 0x0000000098d00000| Untracked 
|  70|0x0000000098e00000, 0x0000000098e00000, 0x0000000098f00000|  0%| F|  |TAMS 0x0000000098e00000, 0x0000000098e00000| Untracked 
|  71|0x0000000098f00000, 0x0000000098f00000, 0x0000000099000000|  0%| F|  |TAMS 0x0000000098f00000, 0x0000000098f00000| Untracked 
|  72|0x0000000099000000, 0x0000000099000000, 0x0000000099100000|  0%| F|  |TAMS 0x0000000099000000, 0x0000000099000000| Untracked 
|  73|0x0000000099100000, 0x00000000991eb5a0, 0x0000000099200000| 91%| E|  |TAMS 0x0000000099100000, 0x0000000099100000| Complete 
|  74|0x0000000099200000, 0x0000000099300000, 0x0000000099300000|100%| E|CS|TAMS 0x0000000099200000, 0x0000000099200000| Complete 
|  75|0x0000000099300000, 0x0000000099400000, 0x0000000099400000|100%| E|CS|TAMS 0x0000000099300000, 0x0000000099300000| Complete 
|  76|0x0000000099400000, 0x0000000099500000, 0x0000000099500000|100%| E|CS|TAMS 0x0000000099400000, 0x0000000099400000| Complete 
|  77|0x0000000099500000, 0x0000000099600000, 0x0000000099600000|100%| E|CS|TAMS 0x0000000099500000, 0x0000000099500000| Complete 
|  78|0x0000000099600000, 0x0000000099700000, 0x0000000099700000|100%| E|CS|TAMS 0x0000000099600000, 0x0000000099600000| Complete 
|  79|0x0000000099700000, 0x0000000099800000, 0x0000000099800000|100%| E|CS|TAMS 0x0000000099700000, 0x0000000099700000| Complete 
|  80|0x0000000099800000, 0x0000000099900000, 0x0000000099900000|100%| E|CS|TAMS 0x0000000099800000, 0x0000000099800000| Complete 
|  81|0x0000000099900000, 0x0000000099a00000, 0x0000000099a00000|100%| E|CS|TAMS 0x0000000099900000, 0x0000000099900000| Complete 
|  82|0x0000000099a00000, 0x0000000099aaa008, 0x0000000099b00000| 66%| S|CS|TAMS 0x0000000099a00000, 0x0000000099a00000| Complete 
|  83|0x0000000099b00000, 0x0000000099c00000, 0x0000000099c00000|100%| S|CS|TAMS 0x0000000099b00000, 0x0000000099b00000| Complete 
|  84|0x0000000099c00000, 0x0000000099d00000, 0x0000000099d00000|100%| S|CS|TAMS 0x0000000099c00000, 0x0000000099c00000| Complete 
|  85|0x0000000099d00000, 0x0000000099e00000, 0x0000000099e00000|100%| E|CS|TAMS 0x0000000099d00000, 0x0000000099d00000| Complete 
|  86|0x0000000099e00000, 0x0000000099f00000, 0x0000000099f00000|100%| E|CS|TAMS 0x0000000099e00000, 0x0000000099e00000| Complete 
|  87|0x0000000099f00000, 0x000000009a000000, 0x000000009a000000|100%| E|CS|TAMS 0x0000000099f00000, 0x0000000099f00000| Complete 
|  88|0x000000009a000000, 0x000000009a100000, 0x000000009a100000|100%| E|CS|TAMS 0x000000009a000000, 0x000000009a000000| Complete 
|  89|0x000000009a100000, 0x000000009a200000, 0x000000009a200000|100%| E|CS|TAMS 0x000000009a100000, 0x000000009a100000| Complete 
|  90|0x000000009a200000, 0x000000009a300000, 0x000000009a300000|100%| E|CS|TAMS 0x000000009a200000, 0x000000009a200000| Complete 
|  91|0x000000009a300000, 0x000000009a400000, 0x000000009a400000|100%| E|CS|TAMS 0x000000009a300000, 0x000000009a300000| Complete 
|  92|0x000000009a400000, 0x000000009a500000, 0x000000009a500000|100%| E|CS|TAMS 0x000000009a400000, 0x000000009a400000| Complete 
|  93|0x000000009a500000, 0x000000009a600000, 0x000000009a600000|100%| E|CS|TAMS 0x000000009a500000, 0x000000009a500000| Complete 
|  94|0x000000009a600000, 0x000000009a700000, 0x000000009a700000|100%| E|CS|TAMS 0x000000009a600000, 0x000000009a600000| Complete 
|  95|0x000000009a700000, 0x000000009a800000, 0x000000009a800000|100%| E|CS|TAMS 0x000000009a700000, 0x000000009a700000| Complete 
|  96|0x000000009a800000, 0x000000009a900000, 0x000000009a900000|100%| E|CS|TAMS 0x000000009a800000, 0x000000009a800000| Complete 
|  97|0x000000009a900000, 0x000000009aa00000, 0x000000009aa00000|100%| E|CS|TAMS 0x000000009a900000, 0x000000009a900000| Complete 
|  98|0x000000009aa00000, 0x000000009ab00000, 0x000000009ab00000|100%| E|CS|TAMS 0x000000009aa00000, 0x000000009aa00000| Complete 
|  99|0x000000009ab00000, 0x000000009ac00000, 0x000000009ac00000|100%| E|CS|TAMS 0x000000009ab00000, 0x000000009ab00000| Complete 
| 100|0x000000009ac00000, 0x000000009ad00000, 0x000000009ad00000|100%| E|CS|TAMS 0x000000009ac00000, 0x000000009ac00000| Complete 
| 101|0x000000009ad00000, 0x000000009ae00000, 0x000000009ae00000|100%| E|CS|TAMS 0x000000009ad00000, 0x000000009ad00000| Complete 
| 102|0x000000009ae00000, 0x000000009af00000, 0x000000009af00000|100%| E|CS|TAMS 0x000000009ae00000, 0x000000009ae00000| Complete 
| 103|0x000000009af00000, 0x000000009b000000, 0x000000009b000000|100%| E|CS|TAMS 0x000000009af00000, 0x000000009af00000| Complete 
| 104|0x000000009b000000, 0x000000009b100000, 0x000000009b100000|100%| E|CS|TAMS 0x000000009b000000, 0x000000009b000000| Complete 
| 105|0x000000009b100000, 0x000000009b200000, 0x000000009b200000|100%| E|CS|TAMS 0x000000009b100000, 0x000000009b100000| Complete 
| 106|0x000000009b200000, 0x000000009b300000, 0x000000009b300000|100%| E|CS|TAMS 0x000000009b200000, 0x000000009b200000| Complete 
| 107|0x000000009b300000, 0x000000009b400000, 0x000000009b400000|100%| E|CS|TAMS 0x000000009b300000, 0x000000009b300000| Complete 
|1718|0x00000000ffe00000, 0x00000000ffe75000, 0x00000000fff00000| 45%|OA|  |TAMS 0x00000000ffe00000, 0x00000000ffe00000| Untracked 
|1719|0x00000000fff00000, 0x00000000fff77000, 0x0000000100000000| 46%|CA|  |TAMS 0x00000000fff00000, 0x00000000fff00000| Untracked 

Card table byte_map: [0x00007f7e55057000,0x00007f7e553b3000] _byte_map_base: 0x00007f7e54bb3000

Marking Bits (Prev, Next): (CMBitMap*) 0x00007f7e5007b890, (CMBitMap*) 0x00007f7e5007b8d0
 Prev Bits: [0x00007f7e37972000, 0x00007f7e39452000)
 Next Bits: [0x00007f7e35e92000, 0x00007f7e37972000)

Polling page: 0x00007f7e5895a000

Metaspace:

Usage:
  Non-class:     12.28 MB used.
      Class:      2.06 MB used.
       Both:     14.34 MB used.

Virtual space:
  Non-class space:       64.00 MB reserved,      12.44 MB ( 19%) committed,  1 nodes.
      Class space:        1.00 GB reserved,       2.19 MB ( <1%) committed,  1 nodes.
             Both:        1.06 GB reserved,      14.62 MB (  1%) committed. 

Chunk freelists:
   Non-Class:  3.61 MB
       Class:  13.76 MB
        Both:  17.37 MB

MaxMetaspaceSize: unlimited
CompressedClassSpaceSize: 1.00 GB
Initial GC threshold: 21.00 MB
Current GC threshold: 21.00 MB
CDS: on
MetaspaceReclaimPolicy: balanced
 - commit_granule_bytes: 65536.
 - commit_granule_words: 8192.
 - virtual_space_node_default_size: 8388608.
 - enlarge_chunks_in_place: 1.
 - new_chunks_are_fully_committed: 0.
 - uncommit_free_chunks: 1.
 - use_allocation_guard: 0.
 - handle_deallocations: 1.


Internal statistics:

num_allocs_failed_limit: 0.
num_arena_births: 200.
num_arena_deaths: 0.
num_vsnodes_births: 2.
num_vsnodes_deaths: 0.
num_space_committed: 234.
num_space_uncommitted: 0.
num_chunks_returned_to_freelist: 0.
num_chunks_taken_from_freelist: 666.
num_chunk_merges: 0.
num_chunk_splits: 465.
num_chunks_enlarged: 349.
num_inconsistent_stats: 0.

CodeHeap 'non-profiled nmethods': size=119168Kb used=1078Kb max_used=1078Kb free=118089Kb
 bounds [0x00007f7e40ff2000, 0x00007f7e41262000, 0x00007f7e48452000]
CodeHeap 'profiled nmethods': size=119164Kb used=4964Kb max_used=4964Kb free=114199Kb
 bounds [0x00007f7e39452000, 0x00007f7e39932000, 0x00007f7e408b1000]
CodeHeap 'non-nmethods': size=7428Kb used=1409Kb max_used=3115Kb free=6018Kb
 bounds [0x00007f7e408b1000, 0x00007f7e40bd1000, 0x00007f7e40ff2000]
 total_blobs=3262 nmethods=2564 adapters=611
 compilation: enabled
              stopped_count=0, restarted_count=0
 full_count=0

Compilation events (20 events):
Event: 35.606 Thread 0x00007f7e50153290 nmethod 2556 0x00007f7e410ff890 code [0x00007f7e410ffa20, 0x00007f7e410ffaf0]
Event: 35.606 Thread 0x00007f7e50153290 2557       3       javafx.scene.layout.Region::boundedSize (44 bytes)
Event: 35.606 Thread 0x00007f7e50153290 nmethod 2557 0x00007f7e39925e10 code [0x00007f7e39925fc0, 0x00007f7e39926210]
Event: 35.606 Thread 0x00007f7db00196c0 nmethod 2555 0x00007f7e39926290 code [0x00007f7e39926460, 0x00007f7e399269c0]
Event: 35.606 Thread 0x00007f7e50153290 2558       3       com.sun.javafx.text.PrismTextLayout::relayout (46 bytes)
Event: 35.606 Thread 0x00007f7e50153290 nmethod 2558 0x00007f7e39926b90 code [0x00007f7e39926d40, 0x00007f7e39926fc0]
Event: 35.607 Thread 0x00007f7db00196c0 2559       3       com.sun.javafx.geom.BoxBounds::deriveWithNewBounds (95 bytes)
Event: 35.607 Thread 0x00007f7e50153290 2560       3       com.sun.javafx.geom.Rectangle::isEmpty (20 bytes)
Event: 35.607 Thread 0x00007f7e50153290 nmethod 2560 0x00007f7e39927090 code [0x00007f7e39927220, 0x00007f7e399273d0]
Event: 35.607 Thread 0x00007f7e50153290 2561       3       com.sun.javafx.geom.transform.Affine2D::reset3Delements (1 bytes)
Event: 35.607 Thread 0x00007f7db00196c0 nmethod 2559 0x00007f7e39927490 code [0x00007f7e39927700, 0x00007f7e39928160]
Event: 35.607 Thread 0x00007f7e50153290 nmethod 2561 0x00007f7e39928390 code [0x00007f7e39928520, 0x00007f7e39928630]
Event: 35.622 Thread 0x00007f7db00196c0 2562       3       javafx.scene.layout.Region::minHeight (52 bytes)
Event: 35.622 Thread 0x00007f7e50153290 2563       3       javafx.scene.layout.Region::getMinHeight (22 bytes)
Event: 35.623 Thread 0x00007f7e50153290 nmethod 2563 0x00007f7e39928710 code [0x00007f7e399288e0, 0x00007f7e39928ca0]
Event: 35.623 Thread 0x00007f7e50153290 2564       3       javafx.scene.layout.VBox::getMargin (10 bytes)
Event: 35.623 Thread 0x00007f7db00196c0 nmethod 2562 0x00007f7e39928e10 code [0x00007f7e39929040, 0x00007f7e39929760]
Event: 35.623 Thread 0x00007f7db00196c0 2565       3       javafx.scene.Parent::minHeight (89 bytes)
Event: 35.623 Thread 0x00007f7db00196c0 nmethod 2565 0x00007f7e39929990 code [0x00007f7e39929ba0, 0x00007f7e3992a270]
Event: 35.623 Thread 0x00007f7e50153290 nmethod 2564 0x00007f7e3992a390 code [0x00007f7e3992a5c0, 0x00007f7e3992b030]

GC Heap History (2 events):
Event: 0.665 GC heap before
{Heap before GC invocations=0 (full 0):
 garbage-first heap   total 112640K, used 23472K [0x0000000094800000, 0x0000000100000000)
  region size 1024K, 23 young (23552K), 0 survivors (0K)
 Metaspace       used 6885K, committed 7040K, reserved 1114112K
  class space    used 871K, committed 960K, reserved 1048576K
}
Event: 0.673 GC heap after
{Heap after GC invocations=1 (full 0):
 garbage-first heap   total 112640K, used 3672K [0x0000000094800000, 0x0000000100000000)
  region size 1024K, 3 young (3072K), 3 survivors (3072K)
 Metaspace       used 6885K, committed 7040K, reserved 1114112K
  class space    used 871K, committed 960K, reserved 1048576K
}

Dll operation events (13 events):
Event: 0.002 Loaded shared library /home/user/.jdks/corretto-17.0.10/lib/libjava.so
Event: 0.010 Loaded shared library /home/user/.jdks/corretto-17.0.10/lib/libjsvml.so
Event: 0.017 Loaded shared library /home/user/.jdks/corretto-17.0.10/lib/libnio.so
Event: 0.032 Loaded shared library /home/user/.jdks/corretto-17.0.10/lib/libzip.so
Event: 0.040 Loaded shared library /home/user/.jdks/corretto-17.0.10/lib/libnet.so
Event: 0.217 Loaded shared library /home/user/.openjfx/cache/17.0.6/libprism_es2.so
Event: 0.471 Loaded shared library /home/user/.openjfx/cache/17.0.6/libprism_sw.so
Event: 0.484 Loaded shared library /home/user/.openjfx/cache/17.0.6/libglass.so
Event: 0.503 Loaded shared library /home/user/.openjfx/cache/17.0.6/libglassgtk3.so
Event: 0.598 Loaded shared library /home/user/.jdks/corretto-17.0.10/lib/libjimage.so
Event: 0.705 Loaded shared library /home/user/.openjfx/cache/17.0.6/libjavafx_font.so
Event: 0.849 Loaded shared library /home/user/.openjfx/cache/17.0.6/libjavafx_font_freetype.so
Event: 1.048 Loaded shared library /home/user/.openjfx/cache/17.0.6/libjavafx_font_pango.so

Deoptimization events (20 events):
Event: 0.957 Thread 0x00007f7e50335e50 Uncommon trap: trap_request=0xffffffde fr.pc=0x00007f7e4101b2c4 relative=0x00000000000001a4
Event: 0.957 Thread 0x00007f7e50335e50 Uncommon trap: reason=class_check action=maybe_recompile pc=0x00007f7e4101b2c4 method=java.lang.String.equals(Ljava/lang/Object;)Z @ 8 c2
Event: 0.957 Thread 0x00007f7e50335e50 DEOPT PACKING pc=0x00007f7e4101b2c4 sp=0x00007f7e258eedc0
Event: 0.957 Thread 0x00007f7e50335e50 DEOPT UNPACKING pc=0x00007f7e40907699 sp=0x00007f7e258eed88 mode 2
Event: 1.050 Thread 0x00007f7e50335e50 Uncommon trap: trap_request=0xffffff45 fr.pc=0x00007f7e41057370 relative=0x00000000000001d0
Event: 1.050 Thread 0x00007f7e50335e50 Uncommon trap: reason=unstable_if action=reinterpret pc=0x00007f7e41057370 method=java.io.ByteArrayInputStream.read()I @ 8 c2
Event: 1.050 Thread 0x00007f7e50335e50 DEOPT PACKING pc=0x00007f7e41057370 sp=0x00007f7e258edab0
Event: 1.050 Thread 0x00007f7e50335e50 DEOPT UNPACKING pc=0x00007f7e40907699 sp=0x00007f7e258eda68 mode 2
Event: 1.087 Thread 0x00007f7e50335e50 Uncommon trap: trap_request=0xffffff45 fr.pc=0x00007f7e410713b4 relative=0x00000000000010f4
Event: 1.087 Thread 0x00007f7e50335e50 Uncommon trap: reason=unstable_if action=reinterpret pc=0x00007f7e410713b4 method=java.util.concurrent.ConcurrentHashMap.putVal(Ljava/lang/Object;Ljava/lang/Object;Z)Ljava/lang/Object; @ 148 c2
Event: 1.087 Thread 0x00007f7e50335e50 DEOPT PACKING pc=0x00007f7e410713b4 sp=0x00007f7e258edff0
Event: 1.087 Thread 0x00007f7e50335e50 DEOPT UNPACKING pc=0x00007f7e40907699 sp=0x00007f7e258edf90 mode 2
Event: 1.088 Thread 0x00007f7e50335e50 Uncommon trap: trap_request=0xffffff45 fr.pc=0x00007f7e40fff9cc relative=0x000000000000012c
Event: 1.088 Thread 0x00007f7e50335e50 Uncommon trap: reason=unstable_if action=reinterpret pc=0x00007f7e40fff9cc method=java.lang.StringLatin1.lastIndexOf([BI[BII)I @ 86 c2
Event: 1.088 Thread 0x00007f7e50335e50 DEOPT PACKING pc=0x00007f7e40fff9cc sp=0x00007f7e258ee210
Event: 1.088 Thread 0x00007f7e50335e50 DEOPT UNPACKING pc=0x00007f7e40907699 sp=0x00007f7e258ee198 mode 2
Event: 10.571 Thread 0x00007f7e50335e50 Uncommon trap: trap_request=0xffffff45 fr.pc=0x00007f7e410b75b8 relative=0x00000000000014d8
Event: 10.571 Thread 0x00007f7e50335e50 Uncommon trap: reason=unstable_if action=reinterpret pc=0x00007f7e410b75b8 method=javafx.css.SimpleSelector.stateMatches(Ljavafx/css/Styleable;Ljava/util/Set;)Z @ 1 c2
Event: 10.571 Thread 0x00007f7e50335e50 DEOPT PACKING pc=0x00007f7e410b75b8 sp=0x00007f7e258ee700
Event: 10.571 Thread 0x00007f7e50335e50 DEOPT UNPACKING pc=0x00007f7e40907699 sp=0x00007f7e258ee670 mode 2

Classes unloaded (0 events):
No events

Classes redefined (0 events):
No events

Internal exceptions (20 events):
Event: 0.579 Thread 0x00007f7e5033c6b0 Exception <a 'java/lang/NoSuchMethodError'{0x000000009a47a3c0}: 'void java.lang.invoke.DirectMethodHandle$Holder.invokeStatic(java.lang.Object, java.lang.Object, java.lang.Object, java.lang.Object)'> (0x000000009a47a3c0) 
thrown [src/hotspot/share/interpreter/linkResolver.cpp, line 759]
Event: 0.653 Thread 0x00007f7e50335e50 Exception <a 'java/lang/NoSuchMethodError'{0x0000000099eb19e0}: 'java.lang.Object java.lang.invoke.DirectMethodHandle$Holder.invokeStaticInit(java.lang.Object, java.lang.Object, java.lang.Object, java.lang.Object)'> (0x0000000099eb19e0) 
thrown [src/hotspot/share/interpreter/linkResolver.cpp, line 759]
Event: 0.654 Thread 0x00007f7e50335e50 Exception <a 'java/lang/NullPointerException'{0x0000000099ebe488}> (0x0000000099ebe488) 
thrown [src/hotspot/share/interpreter/linkResolver.cpp, line 1350]
Event: 0.680 Thread 0x00007f7e50335e50 Exception <a 'java/lang/NoSuchMethodError'{0x000000009b3712b8}: 'java.lang.Object java.lang.invoke.DirectMethodHandle$Holder.invokeSpecial(java.lang.Object, java.lang.Object, java.lang.Object, int, java.lang.Object)'> (0x000000009b3712b8) 
thrown [src/hotspot/share/interpreter/linkResolver.cpp, line 759]
Event: 0.749 Thread 0x00007f7e50335e50 Exception <a 'java/lang/NoSuchMethodError'{0x000000009ac5c6a8}: 'void java.lang.invoke.DirectMethodHandle$Holder.invokeStaticInit(java.lang.Object, java.lang.Object)'> (0x000000009ac5c6a8) 
thrown [src/hotspot/share/interpreter/linkResolver.cpp, line 759]
Event: 0.754 Thread 0x00007f7e50335e50 Exception <a 'java/lang/NoSuchMethodError'{0x000000009ac941b8}: 'void java.lang.invoke.DirectMethodHandle$Holder.invokeSpecial(java.lang.Object, java.lang.Object, java.lang.Object, java.lang.Object, java.lang.Object)'> (0x000000009ac941b8) 
thrown [src/hotspot/share/interpreter/linkResolver.cpp, line 759]
Event: 0.867 Thread 0x00007f7e50335e50 Implicit null exception at 0x00007f7e41063e98 to 0x00007f7e410643e4
Event: 0.868 Thread 0x00007f7e50335e50 Implicit null exception at 0x00007f7e4100f5af to 0x00007f7e4100f62d
Event: 0.947 Thread 0x00007f7e50335e50 Exception <a 'java/lang/NoSuchMethodError'{0x000000009a232bc0}: 'java.lang.Object java.lang.invoke.DirectMethodHandle$Holder.invokeInterface(java.lang.Object, java.lang.Object, java.lang.Object)'> (0x000000009a232bc0) 
thrown [src/hotspot/share/interpreter/linkResolver.cpp, line 759]
Event: 0.947 Thread 0x00007f7e50335e50 Exception <a 'java/lang/IncompatibleClassChangeError'{0x000000009a236548}: Found class java.lang.Object, but interface was expected> (0x000000009a236548) 
thrown [src/hotspot/share/interpreter/linkResolver.cpp, line 826]
Event: 0.988 Thread 0x00007f7e50335e50 Exception <a 'java/lang/NoSuchMethodError'{0x000000009a1cdfa8}: 'void java.lang.invoke.DirectMethodHandle$Holder.invokeSpecial(java.lang.Object, java.lang.Object, java.lang.Object, java.lang.Object, java.lang.Object, java.lang.Object)'> (0x000000009a1cdfa8) 
thrown [src/hotspot/share/interpreter/linkResolver.cpp, line 759]
Event: 1.006 Thread 0x00007f7e50335e50 Exception <a 'java/lang/ClassNotFoundException'{0x0000000099f65f08}: com/sun/javafx/scene/control/skin/resources/controls> (0x0000000099f65f08) 
thrown [src/hotspot/share/prims/jni.cpp, line 535]
Event: 1.007 Thread 0x00007f7e50335e50 Exception <a 'java/lang/ClassNotFoundException'{0x0000000099f73eb8}: com/sun/javafx/scene/control/skin/resources/controls_en> (0x0000000099f73eb8) 
thrown [src/hotspot/share/prims/jni.cpp, line 535]
Event: 1.095 Thread 0x00007f7e50335e50 Exception <a 'java/lang/NoSuchMethodError'{0x0000000099782a00}: 'java.lang.Object java.lang.invoke.DirectMethodHandle$Holder.newInvokeSpecial(java.lang.Object, java.lang.Object, int)'> (0x0000000099782a00) 
thrown [src/hotspot/share/interpreter/linkResolver.cpp, line 759]
Event: 1.112 Thread 0x00007f7e50259df0 Exception <a 'java/lang/NoSuchMethodError'{0x000000009967f178}: 'int java.lang.invoke.DirectMethodHandle$Holder.invokeStaticInit(java.lang.Object, java.lang.Object)'> (0x000000009967f178) 
thrown [src/hotspot/share/interpreter/linkResolver.cpp, line 759]
Event: 8.773 Thread 0x00007f7e50335e50 Exception <a 'java/lang/NoSuchMethodError'{0x000000009933a240}: 'long java.lang.invoke.DirectMethodHandle$Holder.invokeStatic(java.lang.Object, java.lang.Object, java.lang.Object)'> (0x000000009933a240) 
thrown [src/hotspot/share/interpreter/linkResolver.cpp, line 759]
Event: 8.773 Thread 0x00007f7e50335e50 Exception <a 'java/lang/NoSuchMethodError'{0x000000009933d9e8}: 'long java.lang.invoke.DirectMethodHandle$Holder.invokeStaticInit(java.lang.Object, java.lang.Object, java.lang.Object)'> (0x000000009933d9e8) 
thrown [src/hotspot/share/interpreter/linkResolver.cpp, line 759]
Event: 8.775 Thread 0x00007f7e50335e50 Exception <a 'java/lang/NoSuchMethodError'{0x00000000993555f0}: 'java.lang.Object java.lang.invoke.DirectMethodHandle$Holder.newInvokeSpecial(java.lang.Object, java.lang.Object, long)'> (0x00000000993555f0) 
thrown [src/hotspot/share/interpreter/linkResolver.cpp, line 759]
Event: 8.775 Thread 0x00007f7e50335e50 Exception <a 'java/lang/NoSuchMethodError'{0x0000000099359160}: 'java.lang.Object java.lang.invoke.Invokers$Holder.linkToTargetMethod(java.lang.Object, long, java.lang.Object)'> (0x0000000099359160) 
thrown [src/hotspot/share/interpreter/linkResolver.cpp, line 759]
Event: 10.571 Thread 0x00007f7e50335e50 Implicit null exception at 0x00007f7e410b66b0 to 0x00007f7e410b7564

VM Operations (20 events):
Event: 14.863 Executing VM operation: Cleanup
Event: 14.863 Executing VM operation: Cleanup done
Event: 15.863 Executing VM operation: Cleanup
Event: 15.863 Executing VM operation: Cleanup done
Event: 16.863 Executing VM operation: Cleanup
Event: 16.863 Executing VM operation: Cleanup done
Event: 28.864 Executing VM operation: Cleanup
Event: 28.864 Executing VM operation: Cleanup done
Event: 29.864 Executing VM operation: Cleanup
Event: 29.864 Executing VM operation: Cleanup done
Event: 32.864 Executing VM operation: Cleanup
Event: 32.865 Executing VM operation: Cleanup done
Event: 33.865 Executing VM operation: Cleanup
Event: 33.865 Executing VM operation: Cleanup done
Event: 34.865 Executing VM operation: Cleanup
Event: 34.865 Executing VM operation: Cleanup done
Event: 35.865 Executing VM operation: Cleanup
Event: 35.865 Executing VM operation: Cleanup done
Event: 37.865 Executing VM operation: Cleanup
Event: 37.865 Executing VM operation: Cleanup done

Events (20 events):
Event: 1.171 loading class java/nio/ShortBuffer done
Event: 1.171 loading class java/nio/FloatBuffer
Event: 1.171 loading class java/nio/FloatBuffer done
Event: 1.171 loading class java/nio/DoubleBuffer
Event: 1.171 loading class java/nio/DoubleBuffer done
Event: 1.606 Thread 0x00007f7dbc0d5e50 Thread exited: 0x00007f7dbc0d5e50
Event: 1.607 Thread 0x00007f7da002ab20 Thread exited: 0x00007f7da002ab20
Event: 7.215 Thread 0x00007f7dac02ac50 Thread exited: 0x00007f7dac02ac50
Event: 7.215 Thread 0x00007f7db007a5e0 Thread exited: 0x00007f7db007a5e0
Event: 8.775 Thread 0x00007f7db012b170 Thread added: 0x00007f7db012b170
Event: 8.775 Protecting memory [0x00007f7e25cf7000,0x00007f7e25cfb000] with protection modes 0
Event: 11.293 Thread 0x00007f7db012b170 Thread exited: 0x00007f7db012b170
Event: 14.669 Thread 0x00007f7db0079470 Thread exited: 0x00007f7db0079470
Event: 28.469 Thread 0x00007f7db00196c0 Thread added: 0x00007f7db00196c0
Event: 28.469 Protecting memory [0x00007f7e340e3000,0x00007f7e340e7000] with protection modes 0
Event: 28.469 Thread 0x00007f7db011f840 Thread added: 0x00007f7db011f840
Event: 28.469 Protecting memory [0x00007f7e25cf7000,0x00007f7e25cfb000] with protection modes 0
Event: 33.678 Thread 0x00007f7db011f840 Thread exited: 0x00007f7db011f840
Event: 40.623 Thread 0x00007f7db00196c0 Thread exited: 0x00007f7db00196c0
Event: 40.902 Thread 0x00007f7d88000fb0 Thread exited: 0x00007f7d88000fb0


Dynamic libraries:
94800000-9b400000 rw-p 00000000 00:00 0 
9b400000-ffe00000 ---p 00000000 00:00 0 
ffe00000-ffe75000 rw-p 00c76000 08:20 151861                             /home/user/.jdks/corretto-17.0.10/lib/server/classes.jsa
ffe75000-fff00000 rw-p 00000000 00:00 0 
fff00000-fff77000 rw-p 00bff000 08:20 151861                             /home/user/.jdks/corretto-17.0.10/lib/server/classes.jsa
fff77000-100000000 rw-p 00000000 00:00 0 
55aaed000000-55aaed001000 r-xp 00000000 08:20 151961                     /home/user/.jdks/corretto-17.0.10/bin/java
55aaed201000-55aaed202000 r--p 00001000 08:20 151961                     /home/user/.jdks/corretto-17.0.10/bin/java
55aaed202000-55aaed203000 rw-p 00002000 08:20 151961                     /home/user/.jdks/corretto-17.0.10/bin/java
55aaedb61000-55aaedba9000 rw-p 00000000 00:00 0                          [heap]
7f7d20000000-7f7d20021000 rw-p 00000000 00:00 0 
7f7d20021000-7f7d24000000 ---p 00000000 00:00 0 
7f7d24000000-7f7d24021000 rw-p 00000000 00:00 0 
7f7d24021000-7f7d28000000 ---p 00000000 00:00 0 
7f7d28000000-7f7d28021000 rw-p 00000000 00:00 0 
7f7d28021000-7f7d2c000000 ---p 00000000 00:00 0 
7f7d2c000000-7f7d2c021000 rw-p 00000000 00:00 0 
7f7d2c021000-7f7d30000000 ---p 00000000 00:00 0 
7f7d30000000-7f7d30021000 rw-p 00000000 00:00 0 
7f7d30021000-7f7d34000000 ---p 00000000 00:00 0 
7f7d34000000-7f7d34021000 rw-p 00000000 00:00 0 
7f7d34021000-7f7d38000000 ---p 00000000 00:00 0 
7f7d38000000-7f7d38021000 rw-p 00000000 00:00 0 
7f7d38021000-7f7d3c000000 ---p 00000000 00:00 0 
7f7d3c000000-7f7d3c021000 rw-p 00000000 00:00 0 
7f7d3c021000-7f7d40000000 ---p 00000000 00:00 0 
7f7d40000000-7f7d40021000 rw-p 00000000 00:00 0 
7f7d40021000-7f7d44000000 ---p 00000000 00:00 0 
7f7d44000000-7f7d44021000 rw-p 00000000 00:00 0 
7f7d44021000-7f7d48000000 ---p 00000000 00:00 0 
7f7d48000000-7f7d48021000 rw-p 00000000 00:00 0 
7f7d48021000-7f7d4c000000 ---p 00000000 00:00 0 
7f7d4c000000-7f7d4c021000 rw-p 00000000 00:00 0 
7f7d4c021000-7f7d50000000 ---p 00000000 00:00 0 
7f7d50000000-7f7d50021000 rw-p 00000000 00:00 0 
7f7d50021000-7f7d54000000 ---p 00000000 00:00 0 
7f7d54000000-7f7d54021000 rw-p 00000000 00:00 0 
7f7d54021000-7f7d58000000 ---p 00000000 00:00 0 
7f7d59e2c000-7f7d5a62c000 rw-s 00000000 00:01 32821                      /SYSV00000000 (deleted)
7f7d5a62c000-7f7d5a62d000 ---p 00000000 00:00 0 
7f7d5a62d000-7f7d5a631000 ---p 00000000 00:00 0 
7f7d5a631000-7f7d5a72d000 rw-p 00000000 00:00 0 
7f7d5a72d000-7f7d5a731000 r-xp 00000000 08:20 237325                     /home/user/.openjfx/cache/17.0.6/libjavafx_font_pango.so
7f7d5a731000-7f7d5a930000 ---p 00004000 08:20 237325                     /home/user/.openjfx/cache/17.0.6/libjavafx_font_pango.so
7f7d5a930000-7f7d5a931000 r--p 00003000 08:20 237325                     /home/user/.openjfx/cache/17.0.6/libjavafx_font_pango.so
7f7d5a931000-7f7d5a932000 rw-p 00004000 08:20 237325                     /home/user/.openjfx/cache/17.0.6/libjavafx_font_pango.so
7f7d5a932000-7f7d5a933000 ---p 00000000 00:00 0 
7f7d5a933000-7f7d5a937000 ---p 00000000 00:00 0 
7f7d5a937000-7f7d5aa33000 rw-p 00000000 00:00 0 
7f7d5aa33000-7f7d5aaec000 r--p 00000000 08:20 20023                      /usr/share/fonts/truetype/dejavu/DejaVuSans.ttf
7f7d5aaec000-7f7d5aaf1000 r-xp 00000000 08:20 237324                     /home/user/.openjfx/cache/17.0.6/libjavafx_font_freetype.so
7f7d5aaf1000-7f7d5acf0000 ---p 00005000 08:20 237324                     /home/user/.openjfx/cache/17.0.6/libjavafx_font_freetype.so
7f7d5acf0000-7f7d5acf1000 r--p 00004000 08:20 237324                     /home/user/.openjfx/cache/17.0.6/libjavafx_font_freetype.so
7f7d5acf1000-7f7d5acf2000 rw-p 00005000 08:20 237324                     /home/user/.openjfx/cache/17.0.6/libjavafx_font_freetype.so
7f7d5acf2000-7f7d5acf5000 r-xp 00000000 08:20 237323                     /home/user/.openjfx/cache/17.0.6/libjavafx_font.so
7f7d5acf5000-7f7d5aef4000 ---p 00003000 08:20 237323                     /home/user/.openjfx/cache/17.0.6/libjavafx_font.so
7f7d5aef4000-7f7d5aef5000 r--p 00002000 08:20 237323                     /home/user/.openjfx/cache/17.0.6/libjavafx_font.so
7f7d5aef5000-7f7d5aef6000 rw-p 00003000 08:20 237323                     /home/user/.openjfx/cache/17.0.6/libjavafx_font.so
7f7d5aef6000-7f7d5aef7000 ---p 00000000 00:00 0 
7f7d5aef7000-7f7d5aff7000 rw-p 00000000 00:00 0 
7f7d5aff7000-7f7d5aff8000 ---p 00000000 00:00 0 
7f7d5aff8000-7f7d5b0f8000 rw-p 00000000 00:00 0 
7f7d5b0f8000-7f7d5b0f9000 ---p 00000000 00:00 0 
7f7d5b0f9000-7f7d5b1f9000 rw-p 00000000 00:00 0 
7f7d5b1f9000-7f7d5b1fa000 ---p 00000000 00:00 0 
7f7d5b1fa000-7f7d5b2fa000 rw-p 00000000 00:00 0 
7f7d5b2fa000-7f7d5b2fb000 ---p 00000000 00:00 0 
7f7d5b2fb000-7f7d5b3fb000 rw-p 00000000 00:00 0 
7f7d5b3fb000-7f7d5b3fc000 ---p 00000000 00:00 0 
7f7d5b3fc000-7f7d5b4fc000 rw-p 00000000 00:00 0 
7f7d5b4fc000-7f7d5b4fd000 ---p 00000000 00:00 0 
7f7d5b4fd000-7f7d5b5fd000 rw-p 00000000 00:00 0 
7f7d5b5fd000-7f7d5b5fe000 ---p 00000000 00:00 0 
7f7d5b5fe000-7f7d5b6fe000 rw-p 00000000 00:00 0 
7f7d5b6fe000-7f7d5b6ff000 ---p 00000000 00:00 0 
7f7d5b6ff000-7f7d5b7ff000 rw-p 00000000 00:00 0 
7f7d5b7ff000-7f7d5b800000 ---p 00000000 00:00 0 
7f7d5b800000-7f7d5c000000 rw-p 00000000 00:00 0 
7f7d5c000000-7f7d5c021000 rw-p 00000000 00:00 0 
7f7d5c021000-7f7d60000000 ---p 00000000 00:00 0 
7f7d60000000-7f7d60021000 rw-p 00000000 00:00 0 
7f7d60021000-7f7d64000000 ---p 00000000 00:00 0 
7f7d64041000-7f7d64042000 ---p 00000000 00:00 0 
7f7d64042000-7f7d64046000 ---p 00000000 00:00 0 
7f7d64046000-7f7d64142000 rw-p 00000000 00:00 0 
7f7d64142000-7f7d64143000 ---p 00000000 00:00 0 
7f7d64143000-7f7d64943000 rw-p 00000000 00:00 0 
7f7d64943000-7f7d64944000 ---p 00000000 00:00 0 
7f7d64944000-7f7d65144000 rw-p 00000000 00:00 0 
7f7d65144000-7f7d65148000 r--p 00000000 08:20 10974                      /usr/lib/x86_64-linux-gnu/gio/modules/libdconfsettings.so
7f7d65148000-7f7d65150000 r-xp 00004000 08:20 10974                      /usr/lib/x86_64-linux-gnu/gio/modules/libdconfsettings.so
7f7d65150000-7f7d65153000 r--p 0000c000 08:20 10974                      /usr/lib/x86_64-linux-gnu/gio/modules/libdconfsettings.so
7f7d65153000-7f7d65154000 ---p 0000f000 08:20 10974                      /usr/lib/x86_64-linux-gnu/gio/modules/libdconfsettings.so
7f7d65154000-7f7d65155000 r--p 0000f000 08:20 10974                      /usr/lib/x86_64-linux-gnu/gio/modules/libdconfsettings.so
7f7d65155000-7f7d65156000 rw-p 00010000 08:20 10974                      /usr/lib/x86_64-linux-gnu/gio/modules/libdconfsettings.so
7f7d65156000-7f7d6516e000 r--p 00000000 08:20 3859                       /usr/share/glib-2.0/schemas/gschemas.compiled
7f7d6516e000-7f7d65173000 r-xp 00000000 08:20 11061                      /usr/lib/x86_64-linux-gnu/libXtst.so.6.1.0
7f7d65173000-7f7d65372000 ---p 00005000 08:20 11061                      /usr/lib/x86_64-linux-gnu/libXtst.so.6.1.0
7f7d65372000-7f7d65373000 r--p 00004000 08:20 11061                      /usr/lib/x86_64-linux-gnu/libXtst.so.6.1.0
7f7d65373000-7f7d65374000 rw-p 00005000 08:20 11061                      /usr/lib/x86_64-linux-gnu/libXtst.so.6.1.0
7f7d65374000-7f7d65375000 r--p 00000000 08:20 2442                       /usr/lib/x86_64-linux-gnu/libgthread-2.0.so.0.6400.6
7f7d65375000-7f7d65376000 r-xp 00001000 08:20 2442                       /usr/lib/x86_64-linux-gnu/libgthread-2.0.so.0.6400.6
7f7d65376000-7f7d65377000 r--p 00002000 08:20 2442                       /usr/lib/x86_64-linux-gnu/libgthread-2.0.so.0.6400.6
7f7d65377000-7f7d65378000 r--p 00002000 08:20 2442                       /usr/lib/x86_64-linux-gnu/libgthread-2.0.so.0.6400.6
7f7d65378000-7f7d65379000 rw-p 00003000 08:20 2442                       /usr/lib/x86_64-linux-gnu/libgthread-2.0.so.0.6400.6
7f7d65379000-7f7d653d9000 r-xp 00000000 08:20 237322                     /home/user/.openjfx/cache/17.0.6/libglassgtk3.so
7f7d653d9000-7f7d655d8000 ---p 00060000 08:20 237322                     /home/user/.openjfx/cache/17.0.6/libglassgtk3.so
7f7d655d8000-7f7d655db000 r--p 0005f000 08:20 237322                     /home/user/.openjfx/cache/17.0.6/libglassgtk3.so
7f7d655db000-7f7d655dd000 rw-p 00062000 08:20 237322                     /home/user/.openjfx/cache/17.0.6/libglassgtk3.so
7f7d655dd000-7f7d655e1000 r--p 00000000 08:20 11250                      /usr/lib/x86_64-linux-gnu/libgpg-error.so.0.28.0
7f7d655e1000-7f7d655f4000 r-xp 00004000 08:20 11250                      /usr/lib/x86_64-linux-gnu/libgpg-error.so.0.28.0
7f7d655f4000-7f7d655fe000 r--p 00017000 08:20 11250                      /usr/lib/x86_64-linux-gnu/libgpg-error.so.0.28.0
7f7d655fe000-7f7d655ff000 r--p 00020000 08:20 11250                      /usr/lib/x86_64-linux-gnu/libgpg-error.so.0.28.0
7f7d655ff000-7f7d65600000 rw-p 00021000 08:20 11250                      /usr/lib/x86_64-linux-gnu/libgpg-error.so.0.28.0
7f7d65600000-7f7d6560c000 r--p 00000000 08:20 10724                      /usr/lib/x86_64-linux-gnu/libgcrypt.so.20.2.5
7f7d6560c000-7f7d656da000 r-xp 0000c000 08:20 10724                      /usr/lib/x86_64-linux-gnu/libgcrypt.so.20.2.5
7f7d656da000-7f7d65717000 r--p 000da000 08:20 10724                      /usr/lib/x86_64-linux-gnu/libgcrypt.so.20.2.5
7f7d65717000-7f7d65719000 r--p 00116000 08:20 10724                      /usr/lib/x86_64-linux-gnu/libgcrypt.so.20.2.5
7f7d65719000-7f7d6571e000 rw-p 00118000 08:20 10724                      /usr/lib/x86_64-linux-gnu/libgcrypt.so.20.2.5
7f7d6571e000-7f7d65720000 r--p 00000000 08:20 10958                      /usr/lib/x86_64-linux-gnu/liblz4.so.1.9.2
7f7d65720000-7f7d6573a000 r-xp 00002000 08:20 10958                      /usr/lib/x86_64-linux-gnu/liblz4.so.1.9.2
7f7d6573a000-7f7d6573d000 r--p 0001c000 08:20 10958                      /usr/lib/x86_64-linux-gnu/liblz4.so.1.9.2
7f7d6573d000-7f7d6573e000 r--p 0001e000 08:20 10958                      /usr/lib/x86_64-linux-gnu/liblz4.so.1.9.2
7f7d6573e000-7f7d6573f000 rw-p 0001f000 08:20 10958                      /usr/lib/x86_64-linux-gnu/liblz4.so.1.9.2
7f7d6573f000-7f7d65742000 r--p 00000000 08:20 10926                      /usr/lib/x86_64-linux-gnu/liblzma.so.5.2.4
7f7d65742000-7f7d6575a000 r-xp 00003000 08:20 10926                      /usr/lib/x86_64-linux-gnu/liblzma.so.5.2.4
7f7d6575a000-7f7d65765000 r--p 0001b000 08:20 10926                      /usr/lib/x86_64-linux-gnu/liblzma.so.5.2.4
7f7d65765000-7f7d65766000 ---p 00026000 08:20 10926                      /usr/lib/x86_64-linux-gnu/liblzma.so.5.2.4
7f7d65766000-7f7d65767000 r--p 00026000 08:20 10926                      /usr/lib/x86_64-linux-gnu/liblzma.so.5.2.4
7f7d65767000-7f7d65768000 rw-p 00027000 08:20 10926                      /usr/lib/x86_64-linux-gnu/liblzma.so.5.2.4
7f7d65768000-7f7d6576a000 r--p 00000000 08:20 117339                     /usr/lib/x86_64-linux-gnu/libdatrie.so.1.3.5
7f7d6576a000-7f7d6576e000 r-xp 00002000 08:20 117339                     /usr/lib/x86_64-linux-gnu/libdatrie.so.1.3.5
7f7d6576e000-7f7d65770000 r--p 00006000 08:20 117339                     /usr/lib/x86_64-linux-gnu/libdatrie.so.1.3.5
7f7d65770000-7f7d65771000 r--p 00007000 08:20 117339                     /usr/lib/x86_64-linux-gnu/libdatrie.so.1.3.5
7f7d65771000-7f7d65772000 rw-p 00008000 08:20 117339                     /usr/lib/x86_64-linux-gnu/libdatrie.so.1.3.5
7f7d65772000-7f7d65774000 r--p 00000000 08:20 13012                      /usr/lib/x86_64-linux-gnu/libpcre2-8.so.0.9.0
7f7d65774000-7f7d657d9000 r-xp 00002000 08:20 13012                      /usr/lib/x86_64-linux-gnu/libpcre2-8.so.0.9.0
7f7d657d9000-7f7d65801000 r--p 00067000 08:20 13012                      /usr/lib/x86_64-linux-gnu/libpcre2-8.so.0.9.0
7f7d65801000-7f7d65802000 r--p 0008e000 08:20 13012                      /usr/lib/x86_64-linux-gnu/libpcre2-8.so.0.9.0
7f7d65802000-7f7d65803000 rw-p 0008f000 08:20 13012                      /usr/lib/x86_64-linux-gnu/libpcre2-8.so.0.9.0
7f7d65803000-7f7d6580d000 r--p 00000000 08:20 1860                       /usr/lib/x86_64-linux-gnu/libblkid.so.1.1.0
7f7d6580d000-7f7d65843000 r-xp 0000a000 08:20 1860                       /usr/lib/x86_64-linux-gnu/libblkid.so.1.1.0
7f7d65843000-7f7d65853000 r--p 00040000 08:20 1860                       /usr/lib/x86_64-linux-gnu/libblkid.so.1.1.0
7f7d65853000-7f7d65854000 ---p 00050000 08:20 1860                       /usr/lib/x86_64-linux-gnu/libblkid.so.1.1.0
7f7d65854000-7f7d65859000 r--p 00050000 08:20 1860                       /usr/lib/x86_64-linux-gnu/libblkid.so.1.1.0
7f7d65859000-7f7d6585a000 rw-p 00055000 08:20 1860                       /usr/lib/x86_64-linux-gnu/libblkid.so.1.1.0
7f7d6585a000-7f7d6586a000 r--p 00000000 08:20 2333                       /usr/lib/x86_64-linux-gnu/libsystemd.so.0.28.0
7f7d6586a000-7f7d658df000 r-xp 00010000 08:20 2333                       /usr/lib/x86_64-linux-gnu/libsystemd.so.0.28.0
7f7d658df000-7f7d65904000 r--p 00085000 08:20 2333                       /usr/lib/x86_64-linux-gnu/libsystemd.so.0.28.0
7f7d65904000-7f7d65907000 r--p 000a9000 08:20 2333                       /usr/lib/x86_64-linux-gnu/libsystemd.so.0.28.0
7f7d65907000-7f7d65908000 rw-p 000ac000 08:20 2333                       /usr/lib/x86_64-linux-gnu/libsystemd.so.0.28.0
7f7d65908000-7f7d65909000 rw-p 00000000 00:00 0 
7f7d65909000-7f7d6590b000 r--p 00000000 08:20 10196                      /usr/lib/x86_64-linux-gnu/libuuid.so.1.3.0
7f7d6590b000-7f7d6590f000 r-xp 00002000 08:20 10196                      /usr/lib/x86_64-linux-gnu/libuuid.so.1.3.0
7f7d6590f000-7f7d65910000 r--p 00006000 08:20 10196                      /usr/lib/x86_64-linux-gnu/libuuid.so.1.3.0
7f7d65910000-7f7d65911000 r--p 00006000 08:20 10196                      /usr/lib/x86_64-linux-gnu/libuuid.so.1.3.0
7f7d65911000-7f7d65912000 rw-p 00007000 08:20 10196                      /usr/lib/x86_64-linux-gnu/libuuid.so.1.3.0
7f7d65912000-7f7d65915000 r--p 00000000 08:20 100824                     /usr/lib/x86_64-linux-gnu/libgraphite2.so.3.2.1
7f7d65915000-7f7d65937000 r-xp 00003000 08:20 100824                     /usr/lib/x86_64-linux-gnu/libgraphite2.so.3.2.1
7f7d65937000-7f7d6593c000 r--p 00025000 08:20 100824                     /usr/lib/x86_64-linux-gnu/libgraphite2.so.3.2.1
7f7d6593c000-7f7d6593e000 r--p 00029000 08:20 100824                     /usr/lib/x86_64-linux-gnu/libgraphite2.so.3.2.1
7f7d6593e000-7f7d6593f000 rw-p 0002b000 08:20 100824                     /usr/lib/x86_64-linux-gnu/libgraphite2.so.3.2.1
7f7d6593f000-7f7d65941000 r--p 00000000 08:20 14816                      /usr/lib/x86_64-linux-gnu/libpcre.so.3.13.3
7f7d65941000-7f7d65992000 r-xp 00002000 08:20 14816                      /usr/lib/x86_64-linux-gnu/libpcre.so.3.13.3
7f7d65992000-7f7d659b0000 r--p 00053000 08:20 14816                      /usr/lib/x86_64-linux-gnu/libpcre.so.3.13.3
7f7d659b0000-7f7d659b1000 r--p 00070000 08:20 14816                      /usr/lib/x86_64-linux-gnu/libpcre.so.3.13.3
7f7d659b1000-7f7d659b2000 rw-p 00071000 08:20 14816                      /usr/lib/x86_64-linux-gnu/libpcre.so.3.13.3
7f7d659b2000-7f7d659b4000 r--p 00000000 08:20 117365                     /usr/lib/x86_64-linux-gnu/libthai.so.0.3.1
7f7d659b4000-7f7d659b8000 r-xp 00002000 08:20 117365                     /usr/lib/x86_64-linux-gnu/libthai.so.0.3.1
7f7d659b8000-7f7d659bb000 r--p 00006000 08:20 117365                     /usr/lib/x86_64-linux-gnu/libthai.so.0.3.1
7f7d659bb000-7f7d659bc000 r--p 00008000 08:20 117365                     /usr/lib/x86_64-linux-gnu/libthai.so.0.3.1
7f7d659bc000-7f7d659bd000 rw-p 00009000 08:20 117365                     /usr/lib/x86_64-linux-gnu/libthai.so.0.3.1
7f7d659bd000-7f7d659c1000 r--p 00000000 08:20 161315                     /usr/lib/x86_64-linux-gnu/libresolv-2.31.so
7f7d659c1000-7f7d659d1000 r-xp 00004000 08:20 161315                     /usr/lib/x86_64-linux-gnu/libresolv-2.31.so
7f7d659d1000-7f7d659d5000 r--p 00014000 08:20 161315                     /usr/lib/x86_64-linux-gnu/libresolv-2.31.so
7f7d659d5000-7f7d659d6000 r--p 00017000 08:20 161315                     /usr/lib/x86_64-linux-gnu/libresolv-2.31.so
7f7d659d6000-7f7d659d7000 rw-p 00018000 08:20 161315                     /usr/lib/x86_64-linux-gnu/libresolv-2.31.so
7f7d659d7000-7f7d659d9000 rw-p 00000000 00:00 0 
7f7d659d9000-7f7d659df000 r--p 00000000 08:20 11496                      /usr/lib/x86_64-linux-gnu/libselinux.so.1
7f7d659df000-7f7d659f8000 r-xp 00006000 08:20 11496                      /usr/lib/x86_64-linux-gnu/libselinux.so.1
7f7d659f8000-7f7d659ff000 r--p 0001f000 08:20 11496                      /usr/lib/x86_64-linux-gnu/libselinux.so.1
7f7d659ff000-7f7d65a00000 ---p 00026000 08:20 11496                      /usr/lib/x86_64-linux-gnu/libselinux.so.1
7f7d65a00000-7f7d65a01000 r--p 00026000 08:20 11496                      /usr/lib/x86_64-linux-gnu/libselinux.so.1
7f7d65a01000-7f7d65a02000 rw-p 00027000 08:20 11496                      /usr/lib/x86_64-linux-gnu/libselinux.so.1
7f7d65a02000-7f7d65a04000 rw-p 00000000 00:00 0 
7f7d65a04000-7f7d65a0f000 r--p 00000000 08:20 18549                      /usr/lib/x86_64-linux-gnu/libmount.so.1.1.0
7f7d65a0f000-7f7d65a4d000 r-xp 0000b000 08:20 18549                      /usr/lib/x86_64-linux-gnu/libmount.so.1.1.0
7f7d65a4d000-7f7d65a60000 r--p 00049000 08:20 18549                      /usr/lib/x86_64-linux-gnu/libmount.so.1.1.0
7f7d65a60000-7f7d65a63000 r--p 0005b000 08:20 18549                      /usr/lib/x86_64-linux-gnu/libmount.so.1.1.0
7f7d65a63000-7f7d65a64000 rw-p 0005e000 08:20 18549                      /usr/lib/x86_64-linux-gnu/libmount.so.1.1.0
7f7d65a64000-7f7d65a73000 r--p 00000000 08:20 48798                      /usr/lib/x86_64-linux-gnu/libatspi.so.0.0.1
7f7d65a73000-7f7d65a89000 r-xp 0000f000 08:20 48798                      /usr/lib/x86_64-linux-gnu/libatspi.so.0.0.1
7f7d65a89000-7f7d65a96000 r--p 00025000 08:20 48798                      /usr/lib/x86_64-linux-gnu/libatspi.so.0.0.1
7f7d65a96000-7f7d65a97000 ---p 00032000 08:20 48798                      /usr/lib/x86_64-linux-gnu/libatspi.so.0.0.1
7f7d65a97000-7f7d65a9a000 r--p 00032000 08:20 48798                      /usr/lib/x86_64-linux-gnu/libatspi.so.0.0.1
7f7d65a9a000-7f7d65a9b000 rw-p 00035000 08:20 48798                      /usr/lib/x86_64-linux-gnu/libatspi.so.0.0.1
7f7d65a9b000-7f7d65aa6000 r--p 00000000 08:20 10379                      /usr/lib/x86_64-linux-gnu/libdbus-1.so.3.19.11
7f7d65aa6000-7f7d65ad4000 r-xp 0000b000 08:20 10379                      /usr/lib/x86_64-linux-gnu/libdbus-1.so.3.19.11
7f7d65ad4000-7f7d65ae9000 r--p 00039000 08:20 10379                      /usr/lib/x86_64-linux-gnu/libdbus-1.so.3.19.11
7f7d65ae9000-7f7d65aea000 ---p 0004e000 08:20 10379                      /usr/lib/x86_64-linux-gnu/libdbus-1.so.3.19.11
7f7d65aea000-7f7d65aeb000 r--p 0004e000 08:20 10379                      /usr/lib/x86_64-linux-gnu/libdbus-1.so.3.19.11
7f7d65aeb000-7f7d65aec000 rw-p 0004f000 08:20 10379                      /usr/lib/x86_64-linux-gnu/libdbus-1.so.3.19.11
7f7d65aec000-7f7d65af5000 r-xp 00000000 08:20 11057                      /usr/lib/x86_64-linux-gnu/libXrender.so.1.3.0
7f7d65af5000-7f7d65cf4000 ---p 00009000 08:20 11057                      /usr/lib/x86_64-linux-gnu/libXrender.so.1.3.0
7f7d65cf4000-7f7d65cf5000 r--p 00008000 08:20 11057                      /usr/lib/x86_64-linux-gnu/libXrender.so.1.3.0
7f7d65cf5000-7f7d65cf6000 rw-p 00009000 08:20 11057                      /usr/lib/x86_64-linux-gnu/libXrender.so.1.3.0
7f7d65cf6000-7f7d65cfb000 r--p 00000000 08:20 117189                     /usr/lib/x86_64-linux-gnu/libxcb-render.so.0.0.0
7f7d65cfb000-7f7d65d00000 r-xp 00005000 08:20 117189                     /usr/lib/x86_64-linux-gnu/libxcb-render.so.0.0.0
7f7d65d00000-7f7d65d02000 r--p 0000a000 08:20 117189                     /usr/lib/x86_64-linux-gnu/libxcb-render.so.0.0.0
7f7d65d02000-7f7d65d03000 ---p 0000c000 08:20 117189                     /usr/lib/x86_64-linux-gnu/libxcb-render.so.0.0.0
7f7d65d03000-7f7d65d04000 r--p 0000c000 08:20 117189                     /usr/lib/x86_64-linux-gnu/libxcb-render.so.0.0.0
7f7d65d04000-7f7d65d05000 rw-p 0000d000 08:20 117189                     /usr/lib/x86_64-linux-gnu/libxcb-render.so.0.0.0
7f7d65d05000-7f7d65d0a000 r--p 00000000 08:20 11460                      /usr/lib/x86_64-linux-gnu/libpng16.so.16.37.0
7f7d65d0a000-7f7d65d2f000 r-xp 00005000 08:20 11460                      /usr/lib/x86_64-linux-gnu/libpng16.so.16.37.0
7f7d65d2f000-7f7d65d3b000 r--p 0002a000 08:20 11460                      /usr/lib/x86_64-linux-gnu/libpng16.so.16.37.0
7f7d65d3b000-7f7d65d3c000 r--p 00035000 08:20 11460                      /usr/lib/x86_64-linux-gnu/libpng16.so.16.37.0
7f7d65d3c000-7f7d65d3d000 rw-p 00036000 08:20 11460                      /usr/lib/x86_64-linux-gnu/libpng16.so.16.37.0
7f7d65d3d000-7f7d65d47000 r--p 00000000 08:20 117157                     /usr/lib/x86_64-linux-gnu/libpixman-1.so.0.38.4
7f7d65d47000-7f7d65dcb000 r-xp 0000a000 08:20 117157                     /usr/lib/x86_64-linux-gnu/libpixman-1.so.0.38.4
7f7d65dcb000-7f7d65ddb000 r--p 0008e000 08:20 117157                     /usr/lib/x86_64-linux-gnu/libpixman-1.so.0.38.4
7f7d65ddb000-7f7d65de3000 r--p 0009d000 08:20 117157                     /usr/lib/x86_64-linux-gnu/libpixman-1.so.0.38.4
7f7d65de3000-7f7d65de4000 rw-p 000a5000 08:20 117157                     /usr/lib/x86_64-linux-gnu/libpixman-1.so.0.38.4
7f7d65de4000-7f7d65de9000 r--p 00000000 08:20 7599                       /usr/lib/x86_64-linux-gnu/libwayland-client.so.0.3.0
7f7d65de9000-7f7d65def000 r-xp 00005000 08:20 7599                       /usr/lib/x86_64-linux-gnu/libwayland-client.so.0.3.0
7f7d65def000-7f7d65df2000 r--p 0000b000 08:20 7599                       /usr/lib/x86_64-linux-gnu/libwayland-client.so.0.3.0
7f7d65df2000-7f7d65df4000 r--p 0000d000 08:20 7599                       /usr/lib/x86_64-linux-gnu/libwayland-client.so.0.3.0
7f7d65df4000-7f7d65df5000 rw-p 0000f000 08:20 7599                       /usr/lib/x86_64-linux-gnu/libwayland-client.so.0.3.0
7f7d65df5000-7f7d65df6000 r--p 00000000 08:20 132617                     /usr/lib/x86_64-linux-gnu/libwayland-egl.so.1.0.0
7f7d65df6000-7f7d65df7000 r-xp 00001000 08:20 132617                     /usr/lib/x86_64-linux-gnu/libwayland-egl.so.1.0.0
7f7d65df7000-7f7d65df8000 r--p 00002000 08:20 132617                     /usr/lib/x86_64-linux-gnu/libwayland-egl.so.1.0.0
7f7d65df8000-7f7d65df9000 r--p 00002000 08:20 132617                     /usr/lib/x86_64-linux-gnu/libwayland-egl.so.1.0.0
7f7d65df9000-7f7d65dfa000 rw-p 00003000 08:20 132617                     /usr/lib/x86_64-linux-gnu/libwayland-egl.so.1.0.0
7f7d65dfa000-7f7d65dfc000 r--p 00000000 08:20 132604                     /usr/lib/x86_64-linux-gnu/libwayland-cursor.so.0.0.0
7f7d65dfc000-7f7d65dff000 r-xp 00002000 08:20 132604                     /usr/lib/x86_64-linux-gnu/libwayland-cursor.so.0.0.0
7f7d65dff000-7f7d65e00000 r--p 00005000 08:20 132604                     /usr/lib/x86_64-linux-gnu/libwayland-cursor.so.0.0.0
7f7d65e00000-7f7d65e01000 r--p 00005000 08:20 132604                     /usr/lib/x86_64-linux-gnu/libwayland-cursor.so.0.0.0
7f7d65e01000-7f7d65e05000 rw-p 00006000 08:20 132604                     /usr/lib/x86_64-linux-gnu/libwayland-cursor.so.0.0.0
7f7d65e05000-7f7d65e09000 r--p 00000000 08:20 132642                     /usr/lib/x86_64-linux-gnu/libxkbcommon.so.0.0.0
7f7d65e09000-7f7d65e25000 r-xp 00004000 08:20 132642                     /usr/lib/x86_64-linux-gnu/libxkbcommon.so.0.0.0
7f7d65e25000-7f7d65e44000 r--p 00020000 08:20 132642                     /usr/lib/x86_64-linux-gnu/libxkbcommon.so.0.0.0
7f7d65e44000-7f7d65e46000 r--p 0003e000 08:20 132642                     /usr/lib/x86_64-linux-gnu/libxkbcommon.so.0.0.0
7f7d65e46000-7f7d65e47000 rw-p 00040000 08:20 132642                     /usr/lib/x86_64-linux-gnu/libxkbcommon.so.0.0.0
7f7d65e47000-7f7d65e48000 r--p 00000000 08:20 11035                      /usr/lib/x86_64-linux-gnu/libXdamage.so.1.1.0
7f7d65e48000-7f7d65e49000 r-xp 00001000 08:20 11035                      /usr/lib/x86_64-linux-gnu/libXdamage.so.1.1.0
7f7d65e49000-7f7d65e4a000 r--p 00002000 08:20 11035                      /usr/lib/x86_64-linux-gnu/libXdamage.so.1.1.0
7f7d65e4a000-7f7d65e4b000 r--p 00002000 08:20 11035                      /usr/lib/x86_64-linux-gnu/libXdamage.so.1.1.0
7f7d65e4b000-7f7d65e4c000 rw-p 00003000 08:20 11035                      /usr/lib/x86_64-linux-gnu/libXdamage.so.1.1.0
7f7d65e4c000-7f7d65e4d000 r--p 00000000 08:20 11033                      /usr/lib/x86_64-linux-gnu/libXcomposite.so.1.0.0
7f7d65e4d000-7f7d65e4e000 r-xp 00001000 08:20 11033                      /usr/lib/x86_64-linux-gnu/libXcomposite.so.1.0.0
7f7d65e4e000-7f7d65e4f000 r--p 00002000 08:20 11033                      /usr/lib/x86_64-linux-gnu/libXcomposite.so.1.0.0
7f7d65e4f000-7f7d65e50000 r--p 00002000 08:20 11033                      /usr/lib/x86_64-linux-gnu/libXcomposite.so.1.0.0
7f7d65e50000-7f7d65e51000 rw-p 00003000 08:20 11033                      /usr/lib/x86_64-linux-gnu/libXcomposite.so.1.0.0
7f7d65e51000-7f7d65e54000 r--p 00000000 08:20 132629                     /usr/lib/x86_64-linux-gnu/libXcursor.so.1.0.2
7f7d65e54000-7f7d65e5a000 r-xp 00003000 08:20 132629                     /usr/lib/x86_64-linux-gnu/libXcursor.so.1.0.2
7f7d65e5a000-7f7d65e5c000 r--p 00009000 08:20 132629                     /usr/lib/x86_64-linux-gnu/libXcursor.so.1.0.2
7f7d65e5c000-7f7d65e5d000 r--p 0000a000 08:20 132629                     /usr/lib/x86_64-linux-gnu/libXcursor.so.1.0.2
7f7d65e5d000-7f7d65e5e000 rw-p 0000b000 08:20 132629                     /usr/lib/x86_64-linux-gnu/libXcursor.so.1.0.2
7f7d65e5e000-7f7d65e6a000 r--p 00000000 08:20 1904                       /usr/lib/x86_64-linux-gnu/libfreetype.so.6.17.1
7f7d65e6a000-7f7d65eea000 r-xp 0000c000 08:20 1904                       /usr/lib/x86_64-linux-gnu/libfreetype.so.6.17.1
7f7d65eea000-7f7d65f14000 r--p 0008c000 08:20 1904                       /usr/lib/x86_64-linux-gnu/libfreetype.so.6.17.1
7f7d65f14000-7f7d65f15000 ---p 000b6000 08:20 1904                       /usr/lib/x86_64-linux-gnu/libfreetype.so.6.17.1
7f7d65f15000-7f7d65f1c000 r--p 000b6000 08:20 1904                       /usr/lib/x86_64-linux-gnu/libfreetype.so.6.17.1
7f7d65f1c000-7f7d65f1d000 rw-p 000bd000 08:20 1904                       /usr/lib/x86_64-linux-gnu/libfreetype.so.6.17.1
7f7d65f1d000-7f7d65f24000 r--p 00000000 08:20 11207                      /usr/lib/x86_64-linux-gnu/libfontconfig.so.1.12.0
7f7d65f24000-7f7d65f49000 r-xp 00007000 08:20 11207                      /usr/lib/x86_64-linux-gnu/libfontconfig.so.1.12.0
7f7d65f49000-7f7d65f61000 r--p 0002c000 08:20 11207                      /usr/lib/x86_64-linux-gnu/libfontconfig.so.1.12.0
7f7d65f61000-7f7d65f63000 r--p 00043000 08:20 11207                      /usr/lib/x86_64-linux-gnu/libfontconfig.so.1.12.0
7f7d65f63000-7f7d65f64000 rw-p 00045000 08:20 11207                      /usr/lib/x86_64-linux-gnu/libfontconfig.so.1.12.0
7f7d65f64000-7f7d65f6d000 r--p 00000000 08:20 113477                     /usr/lib/x86_64-linux-gnu/libharfbuzz.so.0.20600.4
7f7d65f6d000-7f7d66034000 r-xp 00009000 08:20 113477                     /usr/lib/x86_64-linux-gnu/libharfbuzz.so.0.20600.4
7f7d66034000-7f7d66065000 r--p 000d0000 08:20 113477                     /usr/lib/x86_64-linux-gnu/libharfbuzz.so.0.20600.4
7f7d66065000-7f7d66066000 ---p 00101000 08:20 113477                     /usr/lib/x86_64-linux-gnu/libharfbuzz.so.0.20600.4
7f7d66066000-7f7d66067000 r--p 00101000 08:20 113477                     /usr/lib/x86_64-linux-gnu/libharfbuzz.so.0.20600.4
7f7d66067000-7f7d66068000 rw-p 00102000 08:20 113477                     /usr/lib/x86_64-linux-gnu/libharfbuzz.so.0.20600.4
7f7d66068000-7f7d66084000 r--p 00000000 08:20 2163                       /usr/lib/x86_64-linux-gnu/libglib-2.0.so.0.6400.6
7f7d66084000-7f7d66109000 r-xp 0001c000 08:20 2163                       /usr/lib/x86_64-linux-gnu/libglib-2.0.so.0.6400.6
7f7d66109000-7f7d6618f000 r--p 000a1000 08:20 2163                       /usr/lib/x86_64-linux-gnu/libglib-2.0.so.0.6400.6
7f7d6618f000-7f7d66190000 r--p 00126000 08:20 2163                       /usr/lib/x86_64-linux-gnu/libglib-2.0.so.0.6400.6
7f7d66190000-7f7d66191000 rw-p 00127000 08:20 2163                       /usr/lib/x86_64-linux-gnu/libglib-2.0.so.0.6400.6
7f7d66191000-7f7d66192000 rw-p 00000000 00:00 0 
7f7d66192000-7f7d661a0000 r--p 00000000 08:20 2428                       /usr/lib/x86_64-linux-gnu/libgobject-2.0.so.0.6400.6
7f7d661a0000-7f7d661d6000 r-xp 0000e000 08:20 2428                       /usr/lib/x86_64-linux-gnu/libgobject-2.0.so.0.6400.6
7f7d661d6000-7f7d661ee000 r--p 00044000 08:20 2428                       /usr/lib/x86_64-linux-gnu/libgobject-2.0.so.0.6400.6
7f7d661ee000-7f7d661f1000 r--p 0005b000 08:20 2428                       /usr/lib/x86_64-linux-gnu/libgobject-2.0.so.0.6400.6
7f7d661f1000-7f7d661f2000 rw-p 0005e000 08:20 2428                       /usr/lib/x86_64-linux-gnu/libgobject-2.0.so.0.6400.6
7f7d661f2000-7f7d66201000 r--p 00000000 08:20 117379                     /usr/lib/x86_64-linux-gnu/libpango-1.0.so.0.4400.7
7f7d66201000-7f7d66226000 r-xp 0000f000 08:20 117379                     /usr/lib/x86_64-linux-gnu/libpango-1.0.so.0.4400.7
7f7d66226000-7f7d6623d000 r--p 00034000 08:20 117379                     /usr/lib/x86_64-linux-gnu/libpango-1.0.so.0.4400.7
7f7d6623d000-7f7d66240000 r--p 0004a000 08:20 117379                     /usr/lib/x86_64-linux-gnu/libpango-1.0.so.0.4400.7
7f7d66240000-7f7d66241000 rw-p 0004d000 08:20 117379                     /usr/lib/x86_64-linux-gnu/libpango-1.0.so.0.4400.7
7f7d66241000-7f7d66248000 r--p 00000000 08:20 117395                     /usr/lib/x86_64-linux-gnu/libpangoft2-1.0.so.0.4400.7
7f7d66248000-7f7d66253000 r-xp 00007000 08:20 117395                     /usr/lib/x86_64-linux-gnu/libpangoft2-1.0.so.0.4400.7
7f7d66253000-7f7d66257000 r--p 00012000 08:20 117395                     /usr/lib/x86_64-linux-gnu/libpangoft2-1.0.so.0.4400.7
7f7d66257000-7f7d66258000 ---p 00016000 08:20 117395                     /usr/lib/x86_64-linux-gnu/libpangoft2-1.0.so.0.4400.7
7f7d66258000-7f7d66259000 r--p 00016000 08:20 117395                     /usr/lib/x86_64-linux-gnu/libpangoft2-1.0.so.0.4400.7
7f7d66259000-7f7d6625a000 rw-p 00017000 08:20 117395                     /usr/lib/x86_64-linux-gnu/libpangoft2-1.0.so.0.4400.7
7f7d6625a000-7f7d66292000 r--p 00000000 08:20 2161                       /usr/lib/x86_64-linux-gnu/libgio-2.0.so.0.6400.6
7f7d66292000-7f7d663a5000 r-xp 00038000 08:20 2161                       /usr/lib/x86_64-linux-gnu/libgio-2.0.so.0.6400.6
7f7d663a5000-7f7d6642f000 r--p 0014b000 08:20 2161                       /usr/lib/x86_64-linux-gnu/libgio-2.0.so.0.6400.6
7f7d6642f000-7f7d66438000 r--p 001d4000 08:20 2161                       /usr/lib/x86_64-linux-gnu/libgio-2.0.so.0.6400.6
7f7d66438000-7f7d66439000 rw-p 001dd000 08:20 2161                       /usr/lib/x86_64-linux-gnu/libgio-2.0.so.0.6400.6
7f7d66439000-7f7d6643b000 rw-p 00000000 00:00 0 
7f7d6643b000-7f7d6643d000 r--p 00000000 08:20 17702                      /usr/lib/x86_64-linux-gnu/libfribidi.so.0.4.0
7f7d6643d000-7f7d66441000 r-xp 00002000 08:20 17702                      /usr/lib/x86_64-linux-gnu/libfribidi.so.0.4.0
7f7d66441000-7f7d66456000 r--p 00006000 08:20 17702                      /usr/lib/x86_64-linux-gnu/libfribidi.so.0.4.0
7f7d66456000-7f7d66457000 r--p 0001a000 08:20 17702                      /usr/lib/x86_64-linux-gnu/libfribidi.so.0.4.0
7f7d66457000-7f7d66458000 rw-p 0001b000 08:20 17702                      /usr/lib/x86_64-linux-gnu/libfribidi.so.0.4.0
7f7d66458000-7f7d664b8000 r--p 00000000 08:20 132564                     /usr/lib/x86_64-linux-gnu/libepoxy.so.0.0.0
7f7d664b8000-7f7d6651e000 r-xp 00060000 08:20 132564                     /usr/lib/x86_64-linux-gnu/libepoxy.so.0.0.0
7f7d6651e000-7f7d6657b000 r--p 000c6000 08:20 132564                     /usr/lib/x86_64-linux-gnu/libepoxy.so.0.0.0
7f7d6657b000-7f7d6657c000 ---p 00123000 08:20 132564                     /usr/lib/x86_64-linux-gnu/libepoxy.so.0.0.0
7f7d6657c000-7f7d66584000 r--p 00123000 08:20 132564                     /usr/lib/x86_64-linux-gnu/libepoxy.so.0.0.0
7f7d66584000-7f7d6658b000 rw-p 0012b000 08:20 132564                     /usr/lib/x86_64-linux-gnu/libepoxy.so.0.0.0
7f7d6658b000-7f7d66597000 r--p 00000000 08:20 114086                     /usr/lib/x86_64-linux-gnu/libatk-bridge-2.0.so.0.0.0
7f7d66597000-7f7d665b0000 r-xp 0000c000 08:20 114086                     /usr/lib/x86_64-linux-gnu/libatk-bridge-2.0.so.0.0.0
7f7d665b0000-7f7d665be000 r--p 00025000 08:20 114086                     /usr/lib/x86_64-linux-gnu/libatk-bridge-2.0.so.0.0.0
7f7d665be000-7f7d665bf000 ---p 00033000 08:20 114086                     /usr/lib/x86_64-linux-gnu/libatk-bridge-2.0.so.0.0.0
7f7d665bf000-7f7d665c0000 r--p 00033000 08:20 114086                     /usr/lib/x86_64-linux-gnu/libatk-bridge-2.0.so.0.0.0
7f7d665c0000-7f7d665c1000 rw-p 00034000 08:20 114086                     /usr/lib/x86_64-linux-gnu/libatk-bridge-2.0.so.0.0.0
7f7d665c1000-7f7d665c2000 rw-p 00000000 00:00 0 
7f7d665c2000-7f7d665cd000 r--p 00000000 08:20 114073                     /usr/lib/x86_64-linux-gnu/libatk-1.0.so.0.23510.1
7f7d665cd000-7f7d665dc000 r-xp 0000b000 08:20 114073                     /usr/lib/x86_64-linux-gnu/libatk-1.0.so.0.23510.1
7f7d665dc000-7f7d665e8000 r--p 0001a000 08:20 114073                     /usr/lib/x86_64-linux-gnu/libatk-1.0.so.0.23510.1
7f7d665e8000-7f7d665eb000 r--p 00025000 08:20 114073                     /usr/lib/x86_64-linux-gnu/libatk-1.0.so.0.23510.1
7f7d665eb000-7f7d665ec000 rw-p 00028000 08:20 114073                     /usr/lib/x86_64-linux-gnu/libatk-1.0.so.0.23510.1
7f7d665ec000-7f7d665f2000 r--p 00000000 08:20 117111                     /usr/lib/x86_64-linux-gnu/libgdk_pixbuf-2.0.so.0.4000.0
7f7d665f2000-7f7d66609000 r-xp 00006000 08:20 117111                     /usr/lib/x86_64-linux-gnu/libgdk_pixbuf-2.0.so.0.4000.0
7f7d66609000-7f7d66612000 r--p 0001d000 08:20 117111                     /usr/lib/x86_64-linux-gnu/libgdk_pixbuf-2.0.so.0.4000.0
7f7d66612000-7f7d66613000 r--p 00025000 08:20 117111                     /usr/lib/x86_64-linux-gnu/libgdk_pixbuf-2.0.so.0.4000.0
7f7d66613000-7f7d66614000 rw-p 00026000 08:20 117111                     /usr/lib/x86_64-linux-gnu/libgdk_pixbuf-2.0.so.0.4000.0
7f7d66614000-7f7d66626000 r--p 00000000 08:20 117236                     /usr/lib/x86_64-linux-gnu/libcairo.so.2.11600.0
7f7d66626000-7f7d666f5000 r-xp 00012000 08:20 117236                     /usr/lib/x86_64-linux-gnu/libcairo.so.2.11600.0
7f7d666f5000-7f7d66731000 r--p 000e1000 08:20 117236                     /usr/lib/x86_64-linux-gnu/libcairo.so.2.11600.0
7f7d66731000-7f7d66735000 r--p 0011c000 08:20 117236                     /usr/lib/x86_64-linux-gnu/libcairo.so.2.11600.0
7f7d66735000-7f7d66736000 rw-p 00120000 08:20 117236                     /usr/lib/x86_64-linux-gnu/libcairo.so.2.11600.0
7f7d66736000-7f7d66737000 rw-p 00000000 00:00 0 
7f7d66737000-7f7d66761000 r--p 00000000 08:20 132708                     /usr/lib/x86_64-linux-gnu/libgdk-3.so.0.2404.16
7f7d66761000-7f7d667e2000 r-xp 0002a000 08:20 132708                     /usr/lib/x86_64-linux-gnu/libgdk-3.so.0.2404.16
7f7d667e2000-7f7d66831000 r--p 000ab000 08:20 132708                     /usr/lib/x86_64-linux-gnu/libgdk-3.so.0.2404.16
7f7d66831000-7f7d6683a000 r--p 000f9000 08:20 132708                     /usr/lib/x86_64-linux-gnu/libgdk-3.so.0.2404.16
7f7d6683a000-7f7d6683c000 rw-p 00102000 08:20 132708                     /usr/lib/x86_64-linux-gnu/libgdk-3.so.0.2404.16
7f7d6683c000-7f7d668c1000 r--p 00000000 08:20 132711                     /usr/lib/x86_64-linux-gnu/libgtk-3.so.0.2404.16
7f7d668c1000-7f7d66c30000 r-xp 00085000 08:20 132711                     /usr/lib/x86_64-linux-gnu/libgtk-3.so.0.2404.16
7f7d66c30000-7f7d66fd4000 r--p 003f4000 08:20 132711                     /usr/lib/x86_64-linux-gnu/libgtk-3.so.0.2404.16
7f7d66fd4000-7f7d66fe5000 r--p 00797000 08:20 132711                     /usr/lib/x86_64-linux-gnu/libgtk-3.so.0.2404.16
7f7d66fe5000-7f7d66fe7000 rw-p 007a8000 08:20 132711                     /usr/lib/x86_64-linux-gnu/libgtk-3.so.0.2404.16
7f7d66fe7000-7f7d66fed000 rw-p 00000000 00:00 0 
7f7d66fed000-7f7d66fee000 r-xp 00000000 08:20 237321                     /home/user/.openjfx/cache/17.0.6/libglass.so
7f7d66fee000-7f7d671ee000 ---p 00001000 08:20 237321                     /home/user/.openjfx/cache/17.0.6/libglass.so
7f7d671ee000-7f7d671ef000 r--p 00001000 08:20 237321                     /home/user/.openjfx/cache/17.0.6/libglass.so
7f7d671ef000-7f7d671f0000 rw-p 00002000 08:20 237321                     /home/user/.openjfx/cache/17.0.6/libglass.so
7f7d671f0000-7f7d671fe000 r-xp 00000000 08:20 237320                     /home/user/.openjfx/cache/17.0.6/libprism_sw.so
7f7d671fe000-7f7d673fe000 ---p 0000e000 08:20 237320                     /home/user/.openjfx/cache/17.0.6/libprism_sw.so
7f7d673fe000-7f7d673ff000 r--p 0000e000 08:20 237320                     /home/user/.openjfx/cache/17.0.6/libprism_sw.so
7f7d673ff000-7f7d67400000 rw-p 0000f000 08:20 237320                     /home/user/.openjfx/cache/17.0.6/libprism_sw.so
7f7d68000000-7f7d6802a000 rw-p 00000000 00:00 0 
7f7d6802a000-7f7d6c000000 ---p 00000000 00:00 0 
7f7d6c004000-7f7d6c006000 r--p 00000000 08:20 11055                      /usr/lib/x86_64-linux-gnu/libXrandr.so.2.2.0
7f7d6c006000-7f7d6c00d000 r-xp 00002000 08:20 11055                      /usr/lib/x86_64-linux-gnu/libXrandr.so.2.2.0
7f7d6c00d000-7f7d6c00f000 r--p 00009000 08:20 11055                      /usr/lib/x86_64-linux-gnu/libXrandr.so.2.2.0
7f7d6c00f000-7f7d6c010000 r--p 0000a000 08:20 11055                      /usr/lib/x86_64-linux-gnu/libXrandr.so.2.2.0
7f7d6c010000-7f7d6c011000 rw-p 0000b000 08:20 11055                      /usr/lib/x86_64-linux-gnu/libXrandr.so.2.2.0
7f7d6c011000-7f7d6c015000 r--p 00000000 08:20 117266                     /usr/lib/x86_64-linux-gnu/libcairo-gobject.so.2.11600.0
7f7d6c015000-7f7d6c017000 r-xp 00004000 08:20 117266                     /usr/lib/x86_64-linux-gnu/libcairo-gobject.so.2.11600.0
7f7d6c017000-7f7d6c019000 r--p 00006000 08:20 117266                     /usr/lib/x86_64-linux-gnu/libcairo-gobject.so.2.11600.0
7f7d6c019000-7f7d6c01a000 ---p 00008000 08:20 117266                     /usr/lib/x86_64-linux-gnu/libcairo-gobject.so.2.11600.0
7f7d6c01a000-7f7d6c01c000 r--p 00008000 08:20 117266                     /usr/lib/x86_64-linux-gnu/libcairo-gobject.so.2.11600.0
7f7d6c01c000-7f7d6c01d000 rw-p 0000a000 08:20 117266                     /usr/lib/x86_64-linux-gnu/libcairo-gobject.so.2.11600.0
7f7d6c11e000-7f7d6c11f000 r--p 00000000 08:20 11047                      /usr/lib/x86_64-linux-gnu/libXinerama.so.1.0.0
7f7d6c11f000-7f7d6c120000 r-xp 00001000 08:20 11047                      /usr/lib/x86_64-linux-gnu/libXinerama.so.1.0.0
7f7d6c120000-7f7d6c121000 r--p 00002000 08:20 11047                      /usr/lib/x86_64-linux-gnu/libXinerama.so.1.0.0
7f7d6c121000-7f7d6c122000 r--p 00002000 08:20 11047                      /usr/lib/x86_64-linux-gnu/libXinerama.so.1.0.0
7f7d6c122000-7f7d6c123000 rw-p 00003000 08:20 11047                      /usr/lib/x86_64-linux-gnu/libXinerama.so.1.0.0
7f7d6c123000-7f7d6c125000 r--p 00000000 08:20 11045                      /usr/lib/x86_64-linux-gnu/libXi.so.6.1.0
7f7d6c125000-7f7d6c130000 r-xp 00002000 08:20 11045                      /usr/lib/x86_64-linux-gnu/libXi.so.6.1.0
7f7d6c130000-7f7d6c133000 r--p 0000d000 08:20 11045                      /usr/lib/x86_64-linux-gnu/libXi.so.6.1.0
7f7d6c133000-7f7d6c134000 r--p 0000f000 08:20 11045                      /usr/lib/x86_64-linux-gnu/libXi.so.6.1.0
7f7d6c134000-7f7d6c135000 rw-p 00010000 08:20 11045                      /usr/lib/x86_64-linux-gnu/libXi.so.6.1.0
7f7d6c135000-7f7d6c13a000 r--p 00000000 08:20 117412                     /usr/lib/x86_64-linux-gnu/libpangocairo-1.0.so.0.4400.7
7f7d6c13a000-7f7d6c142000 r-xp 00005000 08:20 117412                     /usr/lib/x86_64-linux-gnu/libpangocairo-1.0.so.0.4400.7
7f7d6c142000-7f7d6c145000 r--p 0000d000 08:20 117412                     /usr/lib/x86_64-linux-gnu/libpangocairo-1.0.so.0.4400.7
7f7d6c145000-7f7d6c146000 r--p 0000f000 08:20 117412                     /usr/lib/x86_64-linux-gnu/libpangocairo-1.0.so.0.4400.7
7f7d6c146000-7f7d6c147000 rw-p 00010000 08:20 117412                     /usr/lib/x86_64-linux-gnu/libpangocairo-1.0.so.0.4400.7
7f7d6c147000-7f7d6c148000 r--p 00000000 08:20 2377                       /usr/lib/x86_64-linux-gnu/libgmodule-2.0.so.0.6400.6
7f7d6c148000-7f7d6c14a000 r-xp 00001000 08:20 2377                       /usr/lib/x86_64-linux-gnu/libgmodule-2.0.so.0.6400.6
7f7d6c14a000-7f7d6c14b000 r--p 00003000 08:20 2377                       /usr/lib/x86_64-linux-gnu/libgmodule-2.0.so.0.6400.6
7f7d6c14b000-7f7d6c14c000 r--p 00003000 08:20 2377                       /usr/lib/x86_64-linux-gnu/libgmodule-2.0.so.0.6400.6
7f7d6c14c000-7f7d6c14d000 rw-p 00004000 08:20 2377                       /usr/lib/x86_64-linux-gnu/libgmodule-2.0.so.0.6400.6
7f7d6c36d000-7f7d6c36e000 ---p 00000000 00:00 0 
7f7d6c36e000-7f7d6cb6e000 rw-p 00000000 00:00 0 
7f7d6cb6e000-7f7d6cb6f000 ---p 00000000 00:00 0 
7f7d6cb6f000-7f7d6d36f000 rw-p 00000000 00:00 0 
7f7d6d36f000-7f7d6d370000 ---p 00000000 00:00 0 
7f7d6d370000-7f7d6db70000 rw-p 00000000 00:00 0 
7f7d6db70000-7f7d6db71000 ---p 00000000 00:00 0 
7f7d6db71000-7f7d6e371000 rw-p 00000000 00:00 0 
7f7d6e371000-7f7d6f5f7000 r--p 00000000 00:3c 1125899906857101           /usr/lib/wsl/drivers/nvlti.inf_amd64_b58fa54b9732141a/libnvwgf2umx.so
7f7d6f5f7000-7f7d7114d000 r-xp 01286000 00:3c 1125899906857101           /usr/lib/wsl/drivers/nvlti.inf_amd64_b58fa54b9732141a/libnvwgf2umx.so
7f7d7114d000-7f7d71252000 r--p 02ddc000 00:3c 1125899906857101           /usr/lib/wsl/drivers/nvlti.inf_amd64_b58fa54b9732141a/libnvwgf2umx.so
7f7d71252000-7f7d727fa000 rw-p 02ee1000 00:3c 1125899906857101           /usr/lib/wsl/drivers/nvlti.inf_amd64_b58fa54b9732141a/libnvwgf2umx.so
7f7d727fa000-7f7d7284a000 rw-p 00000000 00:00 0 
7f7d7284a000-7f7d77a6b000 r-xp 00000000 08:20 37757                      /usr/lib/x86_64-linux-gnu/libLLVM-12.so.1
7f7d77a6b000-7f7d77f84000 r--p 05220000 08:20 37757                      /usr/lib/x86_64-linux-gnu/libLLVM-12.so.1
7f7d77f84000-7f7d77f8b000 rw-p 05739000 08:20 37757                      /usr/lib/x86_64-linux-gnu/libLLVM-12.so.1
7f7d77f8b000-7f7d78000000 rw-p 00000000 00:00 0 
7f7d78000000-7f7d78021000 rw-p 00000000 00:00 0 
7f7d78021000-7f7d7c000000 ---p 00000000 00:00 0 
7f7d7c000000-7f7d7c5b8000 rw-p 00000000 00:00 0 
7f7d7c5b8000-7f7d80000000 ---p 00000000 00:00 0 
7f7d80000000-7f7d80021000 rw-p 00000000 00:00 0 
7f7d80021000-7f7d84000000 ---p 00000000 00:00 0 
7f7d84000000-7f7d84021000 rw-p 00000000 00:00 0 
7f7d84021000-7f7d88000000 ---p 00000000 00:00 0 
7f7d88000000-7f7d8803d000 rw-p 00000000 00:00 0 
7f7d8803d000-7f7d8c000000 ---p 00000000 00:00 0 
7f7d8c000000-7f7d8c04b000 rw-p 00000000 00:00 0 
7f7d8c04b000-7f7d90000000 ---p 00000000 00:00 0 
7f7d90000000-7f7d90243000 rw-p 00000000 00:00 0 
7f7d90243000-7f7d94000000 ---p 00000000 00:00 0 
7f7d94000000-7f7d947e7000 rw-p 00000000 00:00 0 
7f7d947e7000-7f7d98000000 ---p 00000000 00:00 0 
7f7d98000000-7f7d9843a000 rw-p 00000000 00:00 0 
7f7d9843a000-7f7d9c000000 ---p 00000000 00:00 0 
7f7d9c000000-7f7d9c65c000 rw-p 00000000 00:00 0 
7f7d9c65c000-7f7da0000000 ---p 00000000 00:00 0 
7f7da0000000-7f7da0165000 rw-p 00000000 00:00 0 
7f7da0165000-7f7da4000000 ---p 00000000 00:00 0 
7f7da4000000-7f7da4208000 rw-p 00000000 00:00 0 
7f7da4208000-7f7da8000000 ---p 00000000 00:00 0 
7f7da8000000-7f7da8021000 rw-p 00000000 00:00 0 
7f7da8021000-7f7dac000000 ---p 00000000 00:00 0 
7f7dac000000-7f7dac14e000 rw-p 00000000 00:00 0 
7f7dac14e000-7f7db0000000 ---p 00000000 00:00 0 
7f7db0000000-7f7db0276000 rw-p 00000000 00:00 0 
7f7db0276000-7f7db4000000 ---p 00000000 00:00 0 
7f7db4000000-7f7db4021000 rw-p 00000000 00:00 0 
7f7db4021000-7f7db8000000 ---p 00000000 00:00 0 
7f7db8000000-7f7db8021000 rw-p 00000000 00:00 0 
7f7db8021000-7f7dbc000000 ---p 00000000 00:00 0 
7f7dbc000000-7f7dbe6eb000 rw-p 00000000 00:00 0 
7f7dbe6eb000-7f7dc0000000 ---p 00000000 00:00 0 
7f7dc0000000-7f7dc0021000 rw-p 00000000 00:00 0 
7f7dc0021000-7f7dc4000000 ---p 00000000 00:00 0 
7f7dc4000000-7f7dc4021000 rw-p 00000000 00:00 0 
7f7dc4021000-7f7dc8000000 ---p 00000000 00:00 0 
7f7dc8000000-7f7dc8021000 rw-p 00000000 00:00 0 
7f7dc8021000-7f7dcc000000 ---p 00000000 00:00 0 
7f7dcc000000-7f7dcc021000 rw-p 00000000 00:00 0 
7f7dcc021000-7f7dd0000000 ---p 00000000 00:00 0 
7f7dd0000000-7f7dd0021000 rw-p 00000000 00:00 0 
7f7dd0021000-7f7dd4000000 ---p 00000000 00:00 0 
7f7dd4001000-7f7dd4002000 rw-s 00000000 00:01 32818                      /SYSV00000000 (deleted)
7f7dd4002000-7f7dd4003000 rwxp 00000000 00:00 0 
7f7dd4007000-7f7dd4013000 r--s 00000000 08:20 32608                      /var/cache/fontconfig/48cc5c0c-c823-4e01-b7f1-af6d69fc6c5d-le64.cache-7
7f7dd4013000-7f7dd4014000 r--s 00000000 00:19 41                         /mnt/wslg/runtime-dir/dconf/user
7f7dd46c4000-7f7dd46c5000 ---p 00000000 00:00 0 
7f7dd46c5000-7f7dd4ec5000 rw-p 00000000 00:00 0 
7f7dd5475000-7f7dd560b000 r--p 00000000 08:20 136966                     /usr/lib/x86_64-linux-gnu/dri/swrast_dri.so
7f7dd560b000-7f7dd66b6000 r-xp 00196000 08:20 136966                     /usr/lib/x86_64-linux-gnu/dri/swrast_dri.so
7f7dd66b6000-7f7dd6b7c000 r--p 01241000 08:20 136966                     /usr/lib/x86_64-linux-gnu/dri/swrast_dri.so
7f7dd6b7c000-7f7dd6caa000 r--p 01706000 08:20 136966                     /usr/lib/x86_64-linux-gnu/dri/swrast_dri.so
7f7dd6caa000-7f7dd6de2000 rw-p 01834000 08:20 136966                     /usr/lib/x86_64-linux-gnu/dri/swrast_dri.so
7f7dd6de2000-7f7dd7000000 rw-p 00000000 00:00 0 
7f7dd7000000-7f7dd7bc7000 rw-p 00001000 08:20 151861                     /home/user/.jdks/corretto-17.0.10/lib/server/classes.jsa
7f7dd7bc7000-7f7dd8000000 ---p 00000000 00:00 0 
7f7dd8000000-7f7dd8040000 rw-p 00000000 00:00 0 
7f7dd8040000-7f7dd8080000 rw-p 00000000 00:00 0 
7f7dd8080000-7f7dd80f0000 rw-p 00000000 00:00 0 
7f7dd80f0000-7f7dd8100000 ---p 00000000 00:00 0 
7f7dd8100000-7f7dd8240000 rw-p 00000000 00:00 0 
7f7dd8240000-7f7e18000000 ---p 00000000 00:00 0 
7f7e18000000-7f7e18021000 rw-p 00000000 00:00 0 
7f7e18021000-7f7e1c000000 ---p 00000000 00:00 0 
7f7e1c000000-7f7e1c400000 rw-p 00000000 00:00 0 
7f7e1c400000-7f7e1cc70000 rw-p 00000000 00:00 0 
7f7e1cc70000-7f7e20000000 ---p 00000000 00:00 0 
7f7e20000000-7f7e20021000 rw-p 00000000 00:00 0 
7f7e20021000-7f7e24000000 ---p 00000000 00:00 0 
7f7e242f3000-7f7e24336000 r--p 00000000 00:3e 562949954421378            /usr/lib/wsl/lib/libd3d12.so
7f7e24336000-7f7e243ae000 r-xp 00042000 00:3e 562949954421378            /usr/lib/wsl/lib/libd3d12.so
7f7e243ae000-7f7e243b5000 r--p 000b9000 00:3e 562949954421378            /usr/lib/wsl/lib/libd3d12.so
7f7e243b5000-7f7e243b7000 rw-p 000bf000 00:3e 562949954421378            /usr/lib/wsl/lib/libd3d12.so
7f7e243b7000-7f7e243bb000 rw-p 00000000 00:00 0 
7f7e243bb000-7f7e243fe000 r--p 00000000 00:3e 562949954588332            /usr/lib/wsl/lib/libdxcore.so
7f7e243fe000-7f7e24480000 r-xp 00042000 00:3e 562949954588332            /usr/lib/wsl/lib/libdxcore.so
7f7e24480000-7f7e24488000 r--p 000c3000 00:3e 562949954588332            /usr/lib/wsl/lib/libdxcore.so
7f7e24488000-7f7e24489000 rw-p 000ca000 00:3e 562949954588332            /usr/lib/wsl/lib/libdxcore.so
7f7e24489000-7f7e2448d000 rw-p 00000000 00:00 0 
7f7e2448d000-7f7e2449b000 r--p 00000000 08:20 23749                      /usr/lib/x86_64-linux-gnu/libtinfo.so.6.2
7f7e2449b000-7f7e244aa000 r-xp 0000e000 08:20 23749                      /usr/lib/x86_64-linux-gnu/libtinfo.so.6.2
7f7e244aa000-7f7e244b8000 r--p 0001d000 08:20 23749                      /usr/lib/x86_64-linux-gnu/libtinfo.so.6.2
7f7e244b8000-7f7e244bc000 r--p 0002a000 08:20 23749                      /usr/lib/x86_64-linux-gnu/libtinfo.so.6.2
7f7e244bc000-7f7e244bd000 rw-p 0002e000 08:20 23749                      /usr/lib/x86_64-linux-gnu/libtinfo.so.6.2
7f7e244bd000-7f7e244c5000 r--p 00000000 08:20 11177                      /usr/lib/x86_64-linux-gnu/libedit.so.2.0.63
7f7e244c5000-7f7e244e0000 r-xp 00008000 08:20 11177                      /usr/lib/x86_64-linux-gnu/libedit.so.2.0.63
7f7e244e0000-7f7e244ee000 r--p 00023000 08:20 11177                      /usr/lib/x86_64-linux-gnu/libedit.so.2.0.63
7f7e244ee000-7f7e244f0000 r--p 00030000 08:20 11177                      /usr/lib/x86_64-linux-gnu/libedit.so.2.0.63
7f7e244f0000-7f7e244f1000 rw-p 00032000 08:20 11177                      /usr/lib/x86_64-linux-gnu/libedit.so.2.0.63
7f7e244f1000-7f7e244f5000 rw-p 00000000 00:00 0 
7f7e244f5000-7f7e244f7000 r--p 00000000 08:20 11201                      /usr/lib/x86_64-linux-gnu/libffi.so.7.1.0
7f7e244f7000-7f7e244fd000 r-xp 00002000 08:20 11201                      /usr/lib/x86_64-linux-gnu/libffi.so.7.1.0
7f7e244fd000-7f7e244fe000 r--p 00008000 08:20 11201                      /usr/lib/x86_64-linux-gnu/libffi.so.7.1.0
7f7e244fe000-7f7e244ff000 ---p 00009000 08:20 11201                      /usr/lib/x86_64-linux-gnu/libffi.so.7.1.0
7f7e244ff000-7f7e24500000 r--p 00009000 08:20 11201                      /usr/lib/x86_64-linux-gnu/libffi.so.7.1.0
7f7e24500000-7f7e24501000 rw-p 0000a000 08:20 11201                      /usr/lib/x86_64-linux-gnu/libffi.so.7.1.0
7f7e24501000-7f7e24504000 r--p 00000000 08:20 116485                     /usr/lib/x86_64-linux-gnu/libgcc_s.so.1
7f7e24504000-7f7e24516000 r-xp 00003000 08:20 116485                     /usr/lib/x86_64-linux-gnu/libgcc_s.so.1
7f7e24516000-7f7e2451a000 r--p 00015000 08:20 116485                     /usr/lib/x86_64-linux-gnu/libgcc_s.so.1
7f7e2451a000-7f7e2451b000 r--p 00018000 08:20 116485                     /usr/lib/x86_64-linux-gnu/libgcc_s.so.1
7f7e2451b000-7f7e2451c000 rw-p 00019000 08:20 116485                     /usr/lib/x86_64-linux-gnu/libgcc_s.so.1
7f7e2451c000-7f7e245b2000 r--p 00000000 08:20 116484                     /usr/lib/x86_64-linux-gnu/libstdc++.so.6.0.28
7f7e245b2000-7f7e246a3000 r-xp 00096000 08:20 116484                     /usr/lib/x86_64-linux-gnu/libstdc++.so.6.0.28
7f7e246a3000-7f7e246ec000 r--p 00187000 08:20 116484                     /usr/lib/x86_64-linux-gnu/libstdc++.so.6.0.28
7f7e246ec000-7f7e246ed000 ---p 001d0000 08:20 116484                     /usr/lib/x86_64-linux-gnu/libstdc++.so.6.0.28
7f7e246ed000-7f7e246f8000 r--p 001d0000 08:20 116484                     /usr/lib/x86_64-linux-gnu/libstdc++.so.6.0.28
7f7e246f8000-7f7e246fb000 rw-p 001db000 08:20 116484                     /usr/lib/x86_64-linux-gnu/libstdc++.so.6.0.28
7f7e246fb000-7f7e246fe000 rw-p 00000000 00:00 0 
7f7e246fe000-7f7e2470d000 r--p 00000000 08:20 11603                      /usr/lib/x86_64-linux-gnu/libvulkan.so.1.2.131
7f7e2470d000-7f7e2473f000 r-xp 0000f000 08:20 11603                      /usr/lib/x86_64-linux-gnu/libvulkan.so.1.2.131
7f7e2473f000-7f7e24752000 r--p 00041000 08:20 11603                      /usr/lib/x86_64-linux-gnu/libvulkan.so.1.2.131
7f7e24752000-7f7e24753000 r--p 00053000 08:20 11603                      /usr/lib/x86_64-linux-gnu/libvulkan.so.1.2.131
7f7e24753000-7f7e24754000 rw-p 00054000 08:20 11603                      /usr/lib/x86_64-linux-gnu/libvulkan.so.1.2.131
7f7e24754000-7f7e24756000 r--p 00000000 08:20 6828                       /usr/lib/x86_64-linux-gnu/libdrm_nouveau.so.2.0.0
7f7e24756000-7f7e2475b000 r-xp 00002000 08:20 6828                       /usr/lib/x86_64-linux-gnu/libdrm_nouveau.so.2.0.0
7f7e2475b000-7f7e2475d000 r--p 00007000 08:20 6828                       /usr/lib/x86_64-linux-gnu/libdrm_nouveau.so.2.0.0
7f7e2475d000-7f7e2475e000 r--p 00008000 08:20 6828                       /usr/lib/x86_64-linux-gnu/libdrm_nouveau.so.2.0.0
7f7e2475e000-7f7e2475f000 rw-p 00009000 08:20 6828                       /usr/lib/x86_64-linux-gnu/libdrm_nouveau.so.2.0.0
7f7e2475f000-7f7e24762000 r--p 00000000 08:20 136945                     /usr/lib/x86_64-linux-gnu/libdrm_amdgpu.so.1.0.0
7f7e24762000-7f7e24767000 r-xp 00003000 08:20 136945                     /usr/lib/x86_64-linux-gnu/libdrm_amdgpu.so.1.0.0
7f7e24767000-7f7e24769000 r--p 00008000 08:20 136945                     /usr/lib/x86_64-linux-gnu/libdrm_amdgpu.so.1.0